{"/home/senarokalie/Desktop/chatbot/chatbotLogic.js": {"path":"/home/senarokalie/Desktop/chatbot/chatbotLogic.js","statementMap":{"0":{"start":{"line":6,"column":24},"end":{"line":6,"column":65}},"1":{"start":{"line":7,"column":21},"end":{"line":7,"column":59}},"2":{"start":{"line":8,"column":23},"end":{"line":8,"column":63}},"3":{"start":{"line":9,"column":22},"end":{"line":9,"column":57}},"4":{"start":{"line":10,"column":24},"end":{"line":10,"column":56}},"5":{"start":{"line":11,"column":23},"end":{"line":11,"column":54}},"6":{"start":{"line":12,"column":26},"end":{"line":12,"column":60}},"7":{"start":{"line":13,"column":22},"end":{"line":13,"column":57}},"8":{"start":{"line":17,"column":4},"end":{"line":17,"column":41}},"9":{"start":{"line":18,"column":4},"end":{"line":18,"column":42}},"10":{"start":{"line":19,"column":4},"end":{"line":19,"column":42}},"11":{"start":{"line":22,"column":4},"end":{"line":22,"column":76}},"12":{"start":{"line":23,"column":4},"end":{"line":23,"column":70}},"13":{"start":{"line":24,"column":4},"end":{"line":24,"column":74}},"14":{"start":{"line":25,"column":4},"end":{"line":29,"column":6}},"15":{"start":{"line":32,"column":4},"end":{"line":36,"column":7}},"16":{"start":{"line":47,"column":27},"end":{"line":47,"column":68}},"17":{"start":{"line":48,"column":4},"end":{"line":56,"column":5}},"18":{"start":{"line":49,"column":6},"end":{"line":54,"column":8}},"19":{"start":{"line":55,"column":6},"end":{"line":55,"column":36}},"20":{"start":{"line":59,"column":26},"end":{"line":59,"column":65}},"21":{"start":{"line":60,"column":4},"end":{"line":62,"column":5}},"22":{"start":{"line":61,"column":6},"end":{"line":61,"column":35}},"23":{"start":{"line":65,"column":29},"end":{"line":65,"column":68}},"24":{"start":{"line":66,"column":4},"end":{"line":71,"column":5}},"25":{"start":{"line":67,"column":6},"end":{"line":69,"column":9}},"26":{"start":{"line":70,"column":6},"end":{"line":70,"column":55}},"27":{"start":{"line":73,"column":4},"end":{"line":106,"column":5}},"28":{"start":{"line":75,"column":19},"end":{"line":75,"column":64}},"29":{"start":{"line":78,"column":32},"end":{"line":80,"column":47}},"30":{"start":{"line":82,"column":6},"end":{"line":82,"column":60}},"31":{"start":{"line":83,"column":6},"end":{"line":83,"column":68}},"32":{"start":{"line":84,"column":6},"end":{"line":84,"column":58}},"33":{"start":{"line":87,"column":23},"end":{"line":91,"column":7}},"34":{"start":{"line":93,"column":6},"end":{"line":93,"column":70}},"35":{"start":{"line":95,"column":6},"end":{"line":95,"column":22}},"36":{"start":{"line":97,"column":6},"end":{"line":100,"column":9}},"37":{"start":{"line":102,"column":6},"end":{"line":105,"column":8}},"38":{"start":{"line":114,"column":27},"end":{"line":114,"column":66}},"39":{"start":{"line":115,"column":4},"end":{"line":118,"column":6}},"40":{"start":{"line":117,"column":49},"end":{"line":117,"column":61}},"41":{"start":{"line":128,"column":4},"end":{"line":132,"column":6}},"42":{"start":{"line":136,"column":0},"end":{"line":136,"column":30}}},"fnMap":{"0":{"name":"(anonymous_0)","decl":{"start":{"line":16,"column":2},"end":{"line":16,"column":3}},"loc":{"start":{"line":16,"column":30},"end":{"line":37,"column":3}},"line":16},"1":{"name":"(anonymous_1)","decl":{"start":{"line":45,"column":2},"end":{"line":45,"column":3}},"loc":{"start":{"line":45,"column":44},"end":{"line":107,"column":3}},"line":45},"2":{"name":"(anonymous_2)","decl":{"start":{"line":113,"column":2},"end":{"line":113,"column":3}},"loc":{"start":{"line":113,"column":13},"end":{"line":119,"column":3}},"line":113},"3":{"name":"(anonymous_3)","decl":{"start":{"line":117,"column":42},"end":{"line":117,"column":43}},"loc":{"start":{"line":117,"column":49},"end":{"line":117,"column":61}},"line":117},"4":{"name":"(anonymous_4)","decl":{"start":{"line":127,"column":2},"end":{"line":127,"column":3}},"loc":{"start":{"line":127,"column":35},"end":{"line":133,"column":3}},"line":127}},"branchMap":{"0":{"loc":{"start":{"line":48,"column":4},"end":{"line":56,"column":5}},"type":"if","locations":[{"start":{"line":48,"column":4},"end":{"line":56,"column":5}},{"start":{},"end":{}}],"line":48},"1":{"loc":{"start":{"line":60,"column":4},"end":{"line":62,"column":5}},"type":"if","locations":[{"start":{"line":60,"column":4},"end":{"line":62,"column":5}},{"start":{},"end":{}}],"line":60},"2":{"loc":{"start":{"line":66,"column":4},"end":{"line":71,"column":5}},"type":"if","locations":[{"start":{"line":66,"column":4},"end":{"line":71,"column":5}},{"start":{},"end":{}}],"line":66},"3":{"loc":{"start":{"line":78,"column":32},"end":{"line":80,"column":47}},"type":"cond-expr","locations":[{"start":{"line":79,"column":10},"end":{"line":79,"column":33}},{"start":{"line":80,"column":10},"end":{"line":80,"column":47}}],"line":78}},"s":{"0":1,"1":1,"2":1,"3":1,"4":1,"5":1,"6":1,"7":1,"8":43,"9":43,"10":43,"11":43,"12":43,"13":43,"14":43,"15":43,"16":32,"17":32,"18":3,"19":3,"20":29,"21":29,"22":2,"23":27,"24":27,"25":5,"26":5,"27":22,"28":22,"29":22,"30":22,"31":22,"32":22,"33":22,"34":15,"35":15,"36":7,"37":7,"38":3,"39":3,"40":4,"41":3,"42":1},"f":{"0":43,"1":32,"2":3,"3":4,"4":3},"b":{"0":[3,29],"1":[2,27],"2":[5,22],"3":[2,20]},"_coverageSchema":"1a1c01bbd47fc00a2c39e90264f33305004495a9","hash":"50793c464cd96f20be510ca87a1ed6026ec06b1c"}
,"/home/senarokalie/Desktop/chatbot/config.js": {"path":"/home/senarokalie/Desktop/chatbot/config.js","statementMap":{"0":{"start":{"line":7,"column":18},"end":{"line":7,"column":52}},"1":{"start":{"line":8,"column":22},"end":{"line":8,"column":60}},"2":{"start":{"line":9,"column":23},"end":{"line":9,"column":62}},"3":{"start":{"line":10,"column":23},"end":{"line":10,"column":71}},"4":{"start":{"line":11,"column":26},"end":{"line":11,"column":79}},"5":{"start":{"line":14,"column":23},"end":{"line":14,"column":43}},"6":{"start":{"line":15,"column":21},"end":{"line":15,"column":44}},"7":{"start":{"line":18,"column":23},"end":{"line":51,"column":1}},"8":{"start":{"line":54,"column":17},"end":{"line":54,"column":40}},"9":{"start":{"line":55,"column":22},"end":{"line":55,"column":50}},"10":{"start":{"line":56,"column":18},"end":{"line":56,"column":42}},"11":{"start":{"line":60,"column":2},"end":{"line":60,"column":41}},"12":{"start":{"line":64,"column":2},"end":{"line":64,"column":50}},"13":{"start":{"line":69,"column":2},"end":{"line":69,"column":77}},"14":{"start":{"line":73,"column":2},"end":{"line":73,"column":49}},"15":{"start":{"line":77,"column":18},"end":{"line":77,"column":58}},"16":{"start":{"line":78,"column":2},"end":{"line":83,"column":3}},"17":{"start":{"line":79,"column":4},"end":{"line":82,"column":6}},"18":{"start":{"line":85,"column":19},"end":{"line":85,"column":57}},"19":{"start":{"line":86,"column":18},"end":{"line":86,"column":74}},"20":{"start":{"line":88,"column":2},"end":{"line":95,"column":3}},"21":{"start":{"line":89,"column":4},"end":{"line":94,"column":6}},"22":{"start":{"line":97,"column":2},"end":{"line":100,"column":4}},"23":{"start":{"line":104,"column":2},"end":{"line":104,"column":73}},"24":{"start":{"line":108,"column":2},"end":{"line":108,"column":48}},"25":{"start":{"line":112,"column":2},"end":{"line":112,"column":61}},"26":{"start":{"line":116,"column":2},"end":{"line":116,"column":49}},"27":{"start":{"line":121,"column":24},"end":{"line":134,"column":3}},"28":{"start":{"line":136,"column":2},"end":{"line":141,"column":3}},"29":{"start":{"line":137,"column":4},"end":{"line":140,"column":6}},"30":{"start":{"line":144,"column":2},"end":{"line":161,"column":3}},"31":{"start":{"line":152,"column":4},"end":{"line":152,"column":28}},"32":{"start":{"line":153,"column":9},"end":{"line":161,"column":3}},"33":{"start":{"line":160,"column":4},"end":{"line":160,"column":47}},"34":{"start":{"line":163,"column":2},"end":{"line":163,"column":30}},"35":{"start":{"line":165,"column":2},"end":{"line":170,"column":4}},"36":{"start":{"line":178,"column":2},"end":{"line":178,"column":24}},"37":{"start":{"line":186,"column":2},"end":{"line":186,"column":34}},"38":{"start":{"line":189,"column":2},"end":{"line":189,"column":64}},"39":{"start":{"line":190,"column":21},"end":{"line":190,"column":68}},"40":{"start":{"line":192,"column":2},"end":{"line":205,"column":3}},"41":{"start":{"line":193,"column":4},"end":{"line":193,"column":43}},"42":{"start":{"line":194,"column":4},"end":{"line":201,"column":5}},"43":{"start":{"line":195,"column":6},"end":{"line":195,"column":59}},"44":{"start":{"line":196,"column":6},"end":{"line":200,"column":11}},"45":{"start":{"line":197,"column":21},"end":{"line":197,"column":30}},"46":{"start":{"line":199,"column":10},"end":{"line":199,"column":88}},"47":{"start":{"line":203,"column":4},"end":{"line":203,"column":66}},"48":{"start":{"line":204,"column":4},"end":{"line":204,"column":88}},"49":{"start":{"line":214,"column":2},"end":{"line":214,"column":48}},"50":{"start":{"line":222,"column":2},"end":{"line":222,"column":54}},"51":{"start":{"line":231,"column":2},"end":{"line":231,"column":52}},"52":{"start":{"line":240,"column":2},"end":{"line":240,"column":51}},"53":{"start":{"line":249,"column":2},"end":{"line":249,"column":57}},"54":{"start":{"line":252,"column":0},"end":{"line":278,"column":2}}},"fnMap":{"0":{"name":"getAllProducts","decl":{"start":{"line":59,"column":9},"end":{"line":59,"column":23}},"loc":{"start":{"line":59,"column":26},"end":{"line":61,"column":1}},"line":59},"1":{"name":"getProductById","decl":{"start":{"line":63,"column":9},"end":{"line":63,"column":23}},"loc":{"start":{"line":63,"column":35},"end":{"line":65,"column":1}},"line":63},"2":{"name":"formatProductList","decl":{"start":{"line":67,"column":15},"end":{"line":67,"column":32}},"loc":{"start":{"line":67,"column":55},"end":{"line":70,"column":1}},"line":67},"3":{"name":"isInStock","decl":{"start":{"line":72,"column":15},"end":{"line":72,"column":24}},"loc":{"start":{"line":72,"column":36},"end":{"line":74,"column":1}},"line":72},"4":{"name":"setStock","decl":{"start":{"line":76,"column":15},"end":{"line":76,"column":23}},"loc":{"start":{"line":76,"column":71},"end":{"line":101,"column":1}},"line":76},"5":{"name":"decrementStock","decl":{"start":{"line":103,"column":15},"end":{"line":103,"column":29}},"loc":{"start":{"line":103,"column":71},"end":{"line":105,"column":1}},"line":103},"6":{"name":"addProduct","decl":{"start":{"line":107,"column":9},"end":{"line":107,"column":19}},"loc":{"start":{"line":107,"column":33},"end":{"line":109,"column":1}},"line":107},"7":{"name":"editProduct","decl":{"start":{"line":111,"column":9},"end":{"line":111,"column":20}},"loc":{"start":{"line":111,"column":46},"end":{"line":113,"column":1}},"line":111},"8":{"name":"removeProduct","decl":{"start":{"line":115,"column":9},"end":{"line":115,"column":22}},"loc":{"start":{"line":115,"column":34},"end":{"line":117,"column":1}},"line":115},"9":{"name":"updateSetting","decl":{"start":{"line":120,"column":9},"end":{"line":120,"column":22}},"loc":{"start":{"line":120,"column":35},"end":{"line":171,"column":1}},"line":120},"10":{"name":"getAllSettings","decl":{"start":{"line":177,"column":9},"end":{"line":177,"column":23}},"loc":{"start":{"line":177,"column":26},"end":{"line":179,"column":1}},"line":177},"11":{"name":"initializeStockManager","decl":{"start":{"line":185,"column":15},"end":{"line":185,"column":37}},"loc":{"start":{"line":185,"column":40},"end":{"line":206,"column":1}},"line":185},"12":{"name":"(anonymous_12)","decl":{"start":{"line":197,"column":16},"end":{"line":197,"column":17}},"loc":{"start":{"line":197,"column":21},"end":{"line":197,"column":30}},"line":197},"13":{"name":"(anonymous_13)","decl":{"start":{"line":198,"column":17},"end":{"line":198,"column":18}},"loc":{"start":{"line":198,"column":22},"end":{"line":200,"column":9}},"line":198},"14":{"name":"getStock","decl":{"start":{"line":213,"column":15},"end":{"line":213,"column":23}},"loc":{"start":{"line":213,"column":35},"end":{"line":215,"column":1}},"line":213},"15":{"name":"getAllProductsWithStock","decl":{"start":{"line":221,"column":15},"end":{"line":221,"column":38}},"loc":{"start":{"line":221,"column":41},"end":{"line":223,"column":1}},"line":221},"16":{"name":"syncStockFromConfig","decl":{"start":{"line":230,"column":15},"end":{"line":230,"column":34}},"loc":{"start":{"line":230,"column":52},"end":{"line":232,"column":1}},"line":230},"17":{"name":"resetAllStock","decl":{"start":{"line":239,"column":15},"end":{"line":239,"column":28}},"loc":{"start":{"line":239,"column":46},"end":{"line":241,"column":1}},"line":239},"18":{"name":"syncStockFromFolder","decl":{"start":{"line":248,"column":15},"end":{"line":248,"column":34}},"loc":{"start":{"line":248,"column":37},"end":{"line":250,"column":1}},"line":248}},"branchMap":{"0":{"loc":{"start":{"line":67,"column":33},"end":{"line":67,"column":53}},"type":"default-arg","locations":[{"start":{"line":67,"column":49},"end":{"line":67,"column":53}}],"line":67},"1":{"loc":{"start":{"line":76,"column":45},"end":{"line":76,"column":69}},"type":"default-arg","locations":[{"start":{"line":76,"column":54},"end":{"line":76,"column":69}}],"line":76},"2":{"loc":{"start":{"line":78,"column":2},"end":{"line":83,"column":3}},"type":"if","locations":[{"start":{"line":78,"column":2},"end":{"line":83,"column":3}},{"start":{},"end":{}}],"line":78},"3":{"loc":{"start":{"line":88,"column":2},"end":{"line":95,"column":3}},"type":"if","locations":[{"start":{"line":88,"column":2},"end":{"line":95,"column":3}},{"start":{},"end":{}}],"line":88},"4":{"loc":{"start":{"line":103,"column":41},"end":{"line":103,"column":53}},"type":"default-arg","locations":[{"start":{"line":103,"column":52},"end":{"line":103,"column":53}}],"line":103},"5":{"loc":{"start":{"line":103,"column":55},"end":{"line":103,"column":69}},"type":"default-arg","locations":[{"start":{"line":103,"column":65},"end":{"line":103,"column":69}}],"line":103},"6":{"loc":{"start":{"line":136,"column":2},"end":{"line":141,"column":3}},"type":"if","locations":[{"start":{"line":136,"column":2},"end":{"line":141,"column":3}},{"start":{},"end":{}}],"line":136},"7":{"loc":{"start":{"line":144,"column":2},"end":{"line":161,"column":3}},"type":"if","locations":[{"start":{"line":144,"column":2},"end":{"line":161,"column":3}},{"start":{"line":153,"column":9},"end":{"line":161,"column":3}}],"line":144},"8":{"loc":{"start":{"line":153,"column":9},"end":{"line":161,"column":3}},"type":"if","locations":[{"start":{"line":153,"column":9},"end":{"line":161,"column":3}},{"start":{},"end":{}}],"line":153},"9":{"loc":{"start":{"line":160,"column":12},"end":{"line":160,"column":46}},"type":"binary-expr","locations":[{"start":{"line":160,"column":12},"end":{"line":160,"column":28}},{"start":{"line":160,"column":32},"end":{"line":160,"column":46}}],"line":160},"10":{"loc":{"start":{"line":192,"column":2},"end":{"line":205,"column":3}},"type":"if","locations":[{"start":{"line":192,"column":2},"end":{"line":205,"column":3}},{"start":{"line":202,"column":9},"end":{"line":205,"column":3}}],"line":192},"11":{"loc":{"start":{"line":194,"column":4},"end":{"line":201,"column":5}},"type":"if","locations":[{"start":{"line":194,"column":4},"end":{"line":201,"column":5}},{"start":{},"end":{}}],"line":194},"12":{"loc":{"start":{"line":230,"column":35},"end":{"line":230,"column":50}},"type":"default-arg","locations":[{"start":{"line":230,"column":45},"end":{"line":230,"column":50}}],"line":230},"13":{"loc":{"start":{"line":239,"column":29},"end":{"line":239,"column":44}},"type":"default-arg","locations":[{"start":{"line":239,"column":39},"end":{"line":239,"column":44}}],"line":239}},"s":{"0":7,"1":7,"2":7,"3":7,"4":7,"5":7,"6":7,"7":7,"8":7,"9":7,"10":7,"11":40,"12":32,"13":5,"14":2,"15":7,"16":7,"17":1,"18":6,"19":6,"20":6,"21":0,"22":6,"23":0,"24":0,"25":0,"26":0,"27":0,"28":0,"29":0,"30":0,"31":0,"32":0,"33":0,"34":0,"35":0,"36":0,"37":0,"38":0,"39":0,"40":0,"41":0,"42":0,"43":0,"44":0,"45":0,"46":0,"47":0,"48":0,"49":0,"50":0,"51":0,"52":0,"53":0,"54":7},"f":{"0":40,"1":32,"2":5,"3":2,"4":7,"5":0,"6":0,"7":0,"8":0,"9":0,"10":0,"11":0,"12":0,"13":0,"14":0,"15":0,"16":0,"17":0,"18":0},"b":{"0":[4],"1":[1],"2":[1,6],"3":[0,6],"4":[0],"5":[0],"6":[0,0],"7":[0,0],"8":[0,0],"9":[0,0],"10":[0,0],"11":[0,0],"12":[0],"13":[0]},"_coverageSchema":"1a1c01bbd47fc00a2c39e90264f33305004495a9","hash":"82fdb8ac5402b51fe7f3a5659d41097193896dc8"}
,"/home/senarokalie/Desktop/chatbot/eslint.config.js": {"path":"/home/senarokalie/Desktop/chatbot/eslint.config.js","statementMap":{"0":{"start":{"line":1,"column":0},"end":{"line":38,"column":2}}},"fnMap":{},"branchMap":{},"s":{"0":0},"f":{},"b":{}}
,"/home/senarokalie/Desktop/chatbot/index.js": {"path":"/home/senarokalie/Desktop/chatbot/index.js","statementMap":{"0":{"start":{"line":6,"column":0},"end":{"line":6,"column":27}},"1":{"start":{"line":8,"column":30},"end":{"line":8,"column":56}},"2":{"start":{"line":9,"column":15},"end":{"line":9,"column":41}},"3":{"start":{"line":10,"column":23},"end":{"line":10,"column":50}},"4":{"start":{"line":11,"column":21},"end":{"line":11,"column":46}},"5":{"start":{"line":12,"column":22},"end":{"line":12,"column":52}},"6":{"start":{"line":13,"column":22},"end":{"line":13,"column":57}},"7":{"start":{"line":14,"column":27},"end":{"line":14,"column":62}},"8":{"start":{"line":15,"column":31},"end":{"line":15,"column":87}},"9":{"start":{"line":18,"column":23},"end":{"line":18,"column":43}},"10":{"start":{"line":19,"column":21},"end":{"line":19,"column":53}},"11":{"start":{"line":22,"column":23},"end":{"line":22,"column":62}},"12":{"start":{"line":23,"column":27},"end":{"line":23,"column":65}},"13":{"start":{"line":26,"column":22},"end":{"line":44,"column":1}},"14":{"start":{"line":47,"column":0},"end":{"line":53,"column":1}},"15":{"start":{"line":48,"column":2},"end":{"line":52,"column":4}},"16":{"start":{"line":56,"column":15},"end":{"line":56,"column":40}},"17":{"start":{"line":59,"column":22},"end":{"line":59,"column":77}},"18":{"start":{"line":62,"column":0},"end":{"line":102,"column":5}},"19":{"start":{"line":63,"column":2},"end":{"line":101,"column":3}},"20":{"start":{"line":64,"column":4},"end":{"line":64,"column":58}},"21":{"start":{"line":65,"column":4},"end":{"line":65,"column":38}},"22":{"start":{"line":68,"column":39},"end":{"line":68,"column":58}},"23":{"start":{"line":69,"column":4},"end":{"line":69,"column":35}},"24":{"start":{"line":72,"column":4},"end":{"line":72,"column":31}},"25":{"start":{"line":75,"column":4},"end":{"line":75,"column":54}},"26":{"start":{"line":76,"column":4},"end":{"line":76,"column":54}},"27":{"start":{"line":79,"column":24},"end":{"line":82,"column":13}},"28":{"start":{"line":80,"column":6},"end":{"line":80,"column":85}},"29":{"start":{"line":81,"column":6},"end":{"line":81,"column":86}},"30":{"start":{"line":84,"column":4},"end":{"line":84,"column":30}},"31":{"start":{"line":85,"column":4},"end":{"line":85,"column":30}},"32":{"start":{"line":86,"column":4},"end":{"line":86,"column":61}},"33":{"start":{"line":88,"column":4},"end":{"line":88,"column":52}},"34":{"start":{"line":89,"column":4},"end":{"line":89,"column":54}},"35":{"start":{"line":90,"column":4},"end":{"line":90,"column":50}},"36":{"start":{"line":93,"column":4},"end":{"line":95,"column":5}},"37":{"start":{"line":94,"column":6},"end":{"line":94,"column":83}},"38":{"start":{"line":96,"column":4},"end":{"line":98,"column":5}},"39":{"start":{"line":97,"column":6},"end":{"line":97,"column":87}},"40":{"start":{"line":100,"column":4},"end":{"line":100,"column":20}},"41":{"start":{"line":105,"column":0},"end":{"line":112,"column":3}},"42":{"start":{"line":106,"column":2},"end":{"line":106,"column":58}},"43":{"start":{"line":107,"column":2},"end":{"line":107,"column":47}},"44":{"start":{"line":108,"column":2},"end":{"line":108,"column":58}},"45":{"start":{"line":109,"column":2},"end":{"line":109,"column":39}},"46":{"start":{"line":110,"column":2},"end":{"line":110,"column":58}},"47":{"start":{"line":111,"column":2},"end":{"line":111,"column":47}},"48":{"start":{"line":115,"column":0},"end":{"line":128,"column":3}},"49":{"start":{"line":116,"column":2},"end":{"line":116,"column":58}},"50":{"start":{"line":117,"column":2},"end":{"line":117,"column":48}},"51":{"start":{"line":118,"column":2},"end":{"line":118,"column":58}},"52":{"start":{"line":119,"column":2},"end":{"line":119,"column":44}},"53":{"start":{"line":120,"column":2},"end":{"line":120,"column":34}},"54":{"start":{"line":121,"column":2},"end":{"line":121,"column":48}},"55":{"start":{"line":122,"column":2},"end":{"line":122,"column":52}},"56":{"start":{"line":123,"column":2},"end":{"line":123,"column":40}},"57":{"start":{"line":124,"column":2},"end":{"line":124,"column":57}},"58":{"start":{"line":125,"column":2},"end":{"line":125,"column":45}},"59":{"start":{"line":126,"column":2},"end":{"line":126,"column":49}},"60":{"start":{"line":127,"column":2},"end":{"line":127,"column":58}},"61":{"start":{"line":134,"column":0},"end":{"line":172,"column":3}},"62":{"start":{"line":135,"column":2},"end":{"line":135,"column":57}},"63":{"start":{"line":136,"column":2},"end":{"line":136,"column":56}},"64":{"start":{"line":137,"column":2},"end":{"line":137,"column":39}},"65":{"start":{"line":138,"column":2},"end":{"line":138,"column":45}},"66":{"start":{"line":139,"column":2},"end":{"line":139,"column":46}},"67":{"start":{"line":140,"column":2},"end":{"line":140,"column":58}},"68":{"start":{"line":143,"column":2},"end":{"line":152,"column":3}},"69":{"start":{"line":144,"column":26},"end":{"line":148,"column":5}},"70":{"start":{"line":149,"column":4},"end":{"line":149,"column":26}},"71":{"start":{"line":151,"column":4},"end":{"line":151,"column":75}},"72":{"start":{"line":155,"column":2},"end":{"line":155,"column":78}},"73":{"start":{"line":156,"column":2},"end":{"line":156,"column":33}},"74":{"start":{"line":159,"column":2},"end":{"line":159,"column":31}},"75":{"start":{"line":162,"column":2},"end":{"line":165,"column":21}},"76":{"start":{"line":163,"column":4},"end":{"line":163,"column":37}},"77":{"start":{"line":164,"column":4},"end":{"line":164,"column":51}},"78":{"start":{"line":168,"column":2},"end":{"line":171,"column":20}},"79":{"start":{"line":169,"column":4},"end":{"line":169,"column":39}},"80":{"start":{"line":170,"column":4},"end":{"line":170,"column":57}},"81":{"start":{"line":175,"column":0},"end":{"line":177,"column":3}},"82":{"start":{"line":176,"column":2},"end":{"line":176,"column":45}},"83":{"start":{"line":180,"column":0},"end":{"line":182,"column":3}},"84":{"start":{"line":181,"column":2},"end":{"line":181,"column":46}},"85":{"start":{"line":185,"column":0},"end":{"line":187,"column":3}},"86":{"start":{"line":186,"column":2},"end":{"line":186,"column":49}},"87":{"start":{"line":190,"column":0},"end":{"line":193,"column":3}},"88":{"start":{"line":191,"column":2},"end":{"line":191,"column":49}},"89":{"start":{"line":192,"column":2},"end":{"line":192,"column":44}},"90":{"start":{"line":196,"column":0},"end":{"line":198,"column":3}},"91":{"start":{"line":197,"column":2},"end":{"line":197,"column":42}},"92":{"start":{"line":201,"column":17},"end":{"line":226,"column":1}},"93":{"start":{"line":202,"column":2},"end":{"line":202,"column":72}},"94":{"start":{"line":205,"column":2},"end":{"line":208,"column":3}},"95":{"start":{"line":206,"column":4},"end":{"line":206,"column":58}},"96":{"start":{"line":207,"column":4},"end":{"line":207,"column":60}},"97":{"start":{"line":211,"column":2},"end":{"line":213,"column":3}},"98":{"start":{"line":212,"column":4},"end":{"line":212,"column":34}},"99":{"start":{"line":216,"column":2},"end":{"line":216,"column":28}},"100":{"start":{"line":219,"column":2},"end":{"line":219,"column":34}},"101":{"start":{"line":222,"column":2},"end":{"line":222,"column":25}},"102":{"start":{"line":224,"column":2},"end":{"line":224,"column":47}},"103":{"start":{"line":225,"column":2},"end":{"line":225,"column":18}},"104":{"start":{"line":228,"column":0},"end":{"line":228,"column":47}},"105":{"start":{"line":228,"column":27},"end":{"line":228,"column":45}},"106":{"start":{"line":229,"column":0},"end":{"line":229,"column":49}},"107":{"start":{"line":229,"column":28},"end":{"line":229,"column":47}},"108":{"start":{"line":232,"column":0},"end":{"line":232,"column":56}},"109":{"start":{"line":233,"column":0},"end":{"line":233,"column":54}},"110":{"start":{"line":234,"column":0},"end":{"line":234,"column":49}},"111":{"start":{"line":235,"column":0},"end":{"line":235,"column":61}},"112":{"start":{"line":236,"column":0},"end":{"line":236,"column":37}},"113":{"start":{"line":237,"column":0},"end":{"line":242,"column":1}},"114":{"start":{"line":238,"column":2},"end":{"line":238,"column":46}},"115":{"start":{"line":239,"column":2},"end":{"line":239,"column":56}},"116":{"start":{"line":241,"column":2},"end":{"line":241,"column":41}},"117":{"start":{"line":243,"column":0},"end":{"line":243,"column":56}}},"fnMap":{"0":{"name":"(anonymous_0)","decl":{"start":{"line":62,"column":1},"end":{"line":62,"column":2}},"loc":{"start":{"line":62,"column":13},"end":{"line":102,"column":1}},"line":62},"1":{"name":"(anonymous_1)","decl":{"start":{"line":79,"column":35},"end":{"line":79,"column":36}},"loc":{"start":{"line":79,"column":41},"end":{"line":82,"column":5}},"line":79},"2":{"name":"(anonymous_2)","decl":{"start":{"line":105,"column":16},"end":{"line":105,"column":17}},"loc":{"start":{"line":105,"column":24},"end":{"line":112,"column":1}},"line":105},"3":{"name":"(anonymous_3)","decl":{"start":{"line":115,"column":18},"end":{"line":115,"column":19}},"loc":{"start":{"line":115,"column":28},"end":{"line":128,"column":1}},"line":115},"4":{"name":"(anonymous_4)","decl":{"start":{"line":134,"column":19},"end":{"line":134,"column":20}},"loc":{"start":{"line":134,"column":25},"end":{"line":172,"column":1}},"line":134},"5":{"name":"(anonymous_5)","decl":{"start":{"line":162,"column":55},"end":{"line":162,"column":56}},"loc":{"start":{"line":162,"column":61},"end":{"line":165,"column":3}},"line":162},"6":{"name":"(anonymous_6)","decl":{"start":{"line":168,"column":57},"end":{"line":168,"column":58}},"loc":{"start":{"line":168,"column":63},"end":{"line":171,"column":3}},"line":168},"7":{"name":"(anonymous_7)","decl":{"start":{"line":175,"column":21},"end":{"line":175,"column":22}},"loc":{"start":{"line":175,"column":40},"end":{"line":177,"column":1}},"line":175},"8":{"name":"(anonymous_8)","decl":{"start":{"line":180,"column":27},"end":{"line":180,"column":28}},"loc":{"start":{"line":180,"column":33},"end":{"line":182,"column":1}},"line":180},"9":{"name":"(anonymous_9)","decl":{"start":{"line":185,"column":26},"end":{"line":185,"column":27}},"loc":{"start":{"line":185,"column":35},"end":{"line":187,"column":1}},"line":185},"10":{"name":"(anonymous_10)","decl":{"start":{"line":190,"column":26},"end":{"line":190,"column":27}},"loc":{"start":{"line":190,"column":38},"end":{"line":193,"column":1}},"line":190},"11":{"name":"(anonymous_11)","decl":{"start":{"line":196,"column":19},"end":{"line":196,"column":20}},"loc":{"start":{"line":196,"column":30},"end":{"line":198,"column":1}},"line":196},"12":{"name":"(anonymous_12)","decl":{"start":{"line":201,"column":17},"end":{"line":201,"column":18}},"loc":{"start":{"line":201,"column":35},"end":{"line":226,"column":1}},"line":201},"13":{"name":"(anonymous_13)","decl":{"start":{"line":228,"column":21},"end":{"line":228,"column":22}},"loc":{"start":{"line":228,"column":27},"end":{"line":228,"column":45}},"line":228},"14":{"name":"(anonymous_14)","decl":{"start":{"line":229,"column":22},"end":{"line":229,"column":23}},"loc":{"start":{"line":229,"column":28},"end":{"line":229,"column":47}},"line":229}},"branchMap":{"0":{"loc":{"start":{"line":23,"column":27},"end":{"line":23,"column":65}},"type":"binary-expr","locations":[{"start":{"line":23,"column":27},"end":{"line":23,"column":59}},{"start":{"line":23,"column":63},"end":{"line":23,"column":65}}],"line":23},"1":{"loc":{"start":{"line":47,"column":0},"end":{"line":53,"column":1}},"type":"if","locations":[{"start":{"line":47,"column":0},"end":{"line":53,"column":1}},{"start":{},"end":{}}],"line":47},"2":{"loc":{"start":{"line":47,"column":4},"end":{"line":47,"column":40}},"type":"binary-expr","locations":[{"start":{"line":47,"column":4},"end":{"line":47,"column":18}},{"start":{"line":47,"column":22},"end":{"line":47,"column":40}}],"line":47},"3":{"loc":{"start":{"line":93,"column":4},"end":{"line":95,"column":5}},"type":"if","locations":[{"start":{"line":93,"column":4},"end":{"line":95,"column":5}},{"start":{},"end":{}}],"line":93},"4":{"loc":{"start":{"line":96,"column":4},"end":{"line":98,"column":5}},"type":"if","locations":[{"start":{"line":96,"column":4},"end":{"line":98,"column":5}},{"start":{},"end":{}}],"line":96},"5":{"loc":{"start":{"line":143,"column":2},"end":{"line":152,"column":3}},"type":"if","locations":[{"start":{"line":143,"column":2},"end":{"line":152,"column":3}},{"start":{"line":150,"column":9},"end":{"line":152,"column":3}}],"line":143},"6":{"loc":{"start":{"line":205,"column":2},"end":{"line":208,"column":3}},"type":"if","locations":[{"start":{"line":205,"column":2},"end":{"line":208,"column":3}},{"start":{},"end":{}}],"line":205},"7":{"loc":{"start":{"line":211,"column":2},"end":{"line":213,"column":3}},"type":"if","locations":[{"start":{"line":211,"column":2},"end":{"line":213,"column":3}},{"start":{},"end":{}}],"line":211},"8":{"loc":{"start":{"line":237,"column":0},"end":{"line":242,"column":1}},"type":"if","locations":[{"start":{"line":237,"column":0},"end":{"line":242,"column":1}},{"start":{"line":240,"column":7},"end":{"line":242,"column":1}}],"line":237},"9":{"loc":{"start":{"line":237,"column":4},"end":{"line":237,"column":40}},"type":"binary-expr","locations":[{"start":{"line":237,"column":4},"end":{"line":237,"column":18}},{"start":{"line":237,"column":22},"end":{"line":237,"column":40}}],"line":237}},"s":{"0":0,"1":0,"2":0,"3":0,"4":0,"5":0,"6":0,"7":0,"8":0,"9":0,"10":0,"11":0,"12":0,"13":0,"14":0,"15":0,"16":0,"17":0,"18":0,"19":0,"20":0,"21":0,"22":0,"23":0,"24":0,"25":0,"26":0,"27":0,"28":0,"29":0,"30":0,"31":0,"32":0,"33":0,"34":0,"35":0,"36":0,"37":0,"38":0,"39":0,"40":0,"41":0,"42":0,"43":0,"44":0,"45":0,"46":0,"47":0,"48":0,"49":0,"50":0,"51":0,"52":0,"53":0,"54":0,"55":0,"56":0,"57":0,"58":0,"59":0,"60":0,"61":0,"62":0,"63":0,"64":0,"65":0,"66":0,"67":0,"68":0,"69":0,"70":0,"71":0,"72":0,"73":0,"74":0,"75":0,"76":0,"77":0,"78":0,"79":0,"80":0,"81":0,"82":0,"83":0,"84":0,"85":0,"86":0,"87":0,"88":0,"89":0,"90":0,"91":0,"92":0,"93":0,"94":0,"95":0,"96":0,"97":0,"98":0,"99":0,"100":0,"101":0,"102":0,"103":0,"104":0,"105":0,"106":0,"107":0,"108":0,"109":0,"110":0,"111":0,"112":0,"113":0,"114":0,"115":0,"116":0,"117":0},"f":{"0":0,"1":0,"2":0,"3":0,"4":0,"5":0,"6":0,"7":0,"8":0,"9":0,"10":0,"11":0,"12":0,"13":0,"14":0},"b":{"0":[0,0],"1":[0,0],"2":[0,0],"3":[0,0],"4":[0,0],"5":[0,0],"6":[0,0],"7":[0,0],"8":[0,0],"9":[0,0]}}
,"/home/senarokalie/Desktop/chatbot/sessionManager.js": {"path":"/home/senarokalie/Desktop/chatbot/sessionManager.js","statementMap":{"0":{"start":{"line":6,"column":20},"end":{"line":6,"column":48}},"1":{"start":{"line":10,"column":4},"end":{"line":10,"column":30}},"2":{"start":{"line":11,"column":4},"end":{"line":11,"column":26}},"3":{"start":{"line":12,"column":4},"end":{"line":12,"column":64}},"4":{"start":{"line":15,"column":4},"end":{"line":15,"column":34}},"5":{"start":{"line":16,"column":4},"end":{"line":16,"column":67}},"6":{"start":{"line":17,"column":4},"end":{"line":17,"column":76}},"7":{"start":{"line":24,"column":4},"end":{"line":38,"column":5}},"8":{"start":{"line":25,"column":24},"end":{"line":25,"column":51}},"9":{"start":{"line":26,"column":6},"end":{"line":26,"column":32}},"10":{"start":{"line":28,"column":6},"end":{"line":34,"column":7}},"11":{"start":{"line":29,"column":8},"end":{"line":29,"column":69}},"12":{"start":{"line":31,"column":8},"end":{"line":33,"column":10}},"13":{"start":{"line":36,"column":6},"end":{"line":36,"column":77}},"14":{"start":{"line":37,"column":6},"end":{"line":37,"column":28}},"15":{"start":{"line":47,"column":4},"end":{"line":47,"column":35}},"16":{"start":{"line":57,"column":4},"end":{"line":75,"column":5}},"17":{"start":{"line":58,"column":6},"end":{"line":74,"column":7}},"18":{"start":{"line":59,"column":27},"end":{"line":59,"column":58}},"19":{"start":{"line":60,"column":28},"end":{"line":60,"column":73}},"20":{"start":{"line":62,"column":8},"end":{"line":70,"column":9}},"21":{"start":{"line":63,"column":26},"end":{"line":63,"column":49}},"22":{"start":{"line":64,"column":10},"end":{"line":64,"column":44}},"23":{"start":{"line":67,"column":10},"end":{"line":67,"column":76}},"24":{"start":{"line":69,"column":10},"end":{"line":69,"column":25}},"25":{"start":{"line":72,"column":8},"end":{"line":72,"column":66}},"26":{"start":{"line":78,"column":4},"end":{"line":108,"column":5}},"27":{"start":{"line":79,"column":25},"end":{"line":94,"column":7}},"28":{"start":{"line":96,"column":6},"end":{"line":96,"column":48}},"29":{"start":{"line":99,"column":6},"end":{"line":105,"column":7}},"30":{"start":{"line":100,"column":8},"end":{"line":104,"column":9}},"31":{"start":{"line":101,"column":10},"end":{"line":101,"column":58}},"32":{"start":{"line":103,"column":10},"end":{"line":103,"column":62}},"33":{"start":{"line":107,"column":6},"end":{"line":107,"column":24}},"34":{"start":{"line":111,"column":20},"end":{"line":111,"column":49}},"35":{"start":{"line":112,"column":4},"end":{"line":112,"column":38}},"36":{"start":{"line":113,"column":4},"end":{"line":113,"column":19}},"37":{"start":{"line":122,"column":4},"end":{"line":124,"column":5}},"38":{"start":{"line":123,"column":6},"end":{"line":123,"column":13}},"39":{"start":{"line":126,"column":4},"end":{"line":133,"column":5}},"40":{"start":{"line":127,"column":25},"end":{"line":127,"column":56}},"41":{"start":{"line":128,"column":6},"end":{"line":130,"column":69}},"42":{"start":{"line":132,"column":6},"end":{"line":132,"column":66}},"43":{"start":{"line":142,"column":4},"end":{"line":142,"column":25}},"44":{"start":{"line":142,"column":18},"end":{"line":142,"column":25}},"45":{"start":{"line":144,"column":4},"end":{"line":144,"column":38}},"46":{"start":{"line":147,"column":4},"end":{"line":147,"column":43}},"47":{"start":{"line":150,"column":4},"end":{"line":150,"column":49}},"48":{"start":{"line":159,"column":20},"end":{"line":159,"column":53}},"49":{"start":{"line":160,"column":4},"end":{"line":160,"column":31}},"50":{"start":{"line":161,"column":4},"end":{"line":161,"column":51}},"51":{"start":{"line":169,"column":20},"end":{"line":169,"column":53}},"52":{"start":{"line":170,"column":4},"end":{"line":170,"column":22}},"53":{"start":{"line":171,"column":4},"end":{"line":171,"column":51}},"54":{"start":{"line":180,"column":20},"end":{"line":180,"column":53}},"55":{"start":{"line":182,"column":4},"end":{"line":182,"column":59}},"56":{"start":{"line":191,"column":20},"end":{"line":191,"column":53}},"57":{"start":{"line":192,"column":4},"end":{"line":192,"column":24}},"58":{"start":{"line":193,"column":4},"end":{"line":193,"column":51}},"59":{"start":{"line":202,"column":20},"end":{"line":202,"column":53}},"60":{"start":{"line":203,"column":4},"end":{"line":203,"column":24}},"61":{"start":{"line":213,"column":20},"end":{"line":213,"column":53}},"62":{"start":{"line":214,"column":4},"end":{"line":214,"column":25}},"63":{"start":{"line":215,"column":4},"end":{"line":215,"column":51}},"64":{"start":{"line":225,"column":20},"end":{"line":225,"column":53}},"65":{"start":{"line":226,"column":4},"end":{"line":226,"column":24}},"66":{"start":{"line":235,"column":20},"end":{"line":235,"column":53}},"67":{"start":{"line":236,"column":4},"end":{"line":236,"column":30}},"68":{"start":{"line":237,"column":4},"end":{"line":237,"column":51}},"69":{"start":{"line":248,"column":20},"end":{"line":248,"column":53}},"70":{"start":{"line":249,"column":4},"end":{"line":249,"column":38}},"71":{"start":{"line":250,"column":4},"end":{"line":250,"column":32}},"72":{"start":{"line":251,"column":4},"end":{"line":251,"column":28}},"73":{"start":{"line":252,"column":4},"end":{"line":252,"column":51}},"74":{"start":{"line":261,"column":20},"end":{"line":261,"column":53}},"75":{"start":{"line":262,"column":4},"end":{"line":262,"column":27}},"76":{"start":{"line":271,"column":20},"end":{"line":271,"column":53}},"77":{"start":{"line":272,"column":4},"end":{"line":276,"column":6}},"78":{"start":{"line":285,"column":20},"end":{"line":285,"column":53}},"79":{"start":{"line":286,"column":4},"end":{"line":286,"column":40}},"80":{"start":{"line":287,"column":4},"end":{"line":287,"column":51}},"81":{"start":{"line":296,"column":20},"end":{"line":296,"column":53}},"82":{"start":{"line":297,"column":4},"end":{"line":297,"column":36}},"83":{"start":{"line":307,"column":4},"end":{"line":325,"column":5}},"84":{"start":{"line":308,"column":6},"end":{"line":324,"column":7}},"85":{"start":{"line":309,"column":23},"end":{"line":309,"column":46}},"86":{"start":{"line":310,"column":21},"end":{"line":310,"column":51}},"87":{"start":{"line":312,"column":8},"end":{"line":320,"column":9}},"88":{"start":{"line":313,"column":30},"end":{"line":313,"column":51}},"89":{"start":{"line":314,"column":10},"end":{"line":319,"column":11}},"90":{"start":{"line":315,"column":28},"end":{"line":315,"column":51}},"91":{"start":{"line":316,"column":12},"end":{"line":318,"column":13}},"92":{"start":{"line":317,"column":14},"end":{"line":317,"column":40}},"93":{"start":{"line":322,"column":8},"end":{"line":322,"column":77}},"94":{"start":{"line":328,"column":4},"end":{"line":332,"column":5}},"95":{"start":{"line":329,"column":6},"end":{"line":331,"column":7}},"96":{"start":{"line":330,"column":8},"end":{"line":330,"column":26}},"97":{"start":{"line":333,"column":4},"end":{"line":333,"column":16}},"98":{"start":{"line":343,"column":20},"end":{"line":343,"column":53}},"99":{"start":{"line":344,"column":4},"end":{"line":344,"column":35}},"100":{"start":{"line":345,"column":4},"end":{"line":345,"column":41}},"101":{"start":{"line":346,"column":4},"end":{"line":346,"column":51}},"102":{"start":{"line":355,"column":20},"end":{"line":355,"column":53}},"103":{"start":{"line":356,"column":4},"end":{"line":359,"column":6}},"104":{"start":{"line":366,"column":16},"end":{"line":366,"column":26}},"105":{"start":{"line":369,"column":4},"end":{"line":373,"column":5}},"106":{"start":{"line":370,"column":6},"end":{"line":372,"column":7}},"107":{"start":{"line":371,"column":8},"end":{"line":371,"column":41}},"108":{"start":{"line":376,"column":4},"end":{"line":376,"column":51}},"109":{"start":{"line":383,"column":4},"end":{"line":385,"column":5}},"110":{"start":{"line":384,"column":6},"end":{"line":384,"column":37}},"111":{"start":{"line":394,"column":4},"end":{"line":418,"column":5}},"112":{"start":{"line":395,"column":6},"end":{"line":417,"column":7}},"113":{"start":{"line":397,"column":23},"end":{"line":397,"column":46}},"114":{"start":{"line":398,"column":21},"end":{"line":398,"column":22}},"115":{"start":{"line":399,"column":20},"end":{"line":399,"column":21}},"116":{"start":{"line":400,"column":8},"end":{"line":408,"column":31}},"117":{"start":{"line":402,"column":25},"end":{"line":405,"column":12}},"118":{"start":{"line":406,"column":10},"end":{"line":406,"column":33}},"119":{"start":{"line":407,"column":10},"end":{"line":407,"column":38}},"120":{"start":{"line":409,"column":8},"end":{"line":409,"column":21}},"121":{"start":{"line":412,"column":8},"end":{"line":415,"column":10}},"122":{"start":{"line":416,"column":8},"end":{"line":416,"column":34}},"123":{"start":{"line":419,"column":4},"end":{"line":419,"column":30}},"124":{"start":{"line":428,"column":4},"end":{"line":457,"column":5}},"125":{"start":{"line":429,"column":6},"end":{"line":456,"column":7}},"126":{"start":{"line":431,"column":23},"end":{"line":431,"column":46}},"127":{"start":{"line":432,"column":21},"end":{"line":432,"column":24}},"128":{"start":{"line":433,"column":28},"end":{"line":433,"column":69}},"129":{"start":{"line":434,"column":8},"end":{"line":448,"column":33}},"130":{"start":{"line":435,"column":25},"end":{"line":438,"column":12}},"131":{"start":{"line":439,"column":10},"end":{"line":439,"column":33}},"132":{"start":{"line":440,"column":10},"end":{"line":440,"column":34}},"133":{"start":{"line":441,"column":10},"end":{"line":447,"column":11}},"134":{"start":{"line":443,"column":26},"end":{"line":443,"column":53}},"135":{"start":{"line":444,"column":12},"end":{"line":446,"column":13}},"136":{"start":{"line":445,"column":14},"end":{"line":445,"column":40}},"137":{"start":{"line":449,"column":8},"end":{"line":449,"column":39}},"138":{"start":{"line":451,"column":8},"end":{"line":454,"column":10}},"139":{"start":{"line":455,"column":8},"end":{"line":455,"column":48}},"140":{"start":{"line":458,"column":4},"end":{"line":458,"column":44}},"141":{"start":{"line":467,"column":16},"end":{"line":467,"column":26}},"142":{"start":{"line":468,"column":17},"end":{"line":468,"column":50}},"143":{"start":{"line":470,"column":4},"end":{"line":477,"column":5}},"144":{"start":{"line":472,"column":6},"end":{"line":475,"column":9}},"145":{"start":{"line":476,"column":6},"end":{"line":476,"column":18}},"146":{"start":{"line":479,"column":4},"end":{"line":482,"column":5}},"147":{"start":{"line":481,"column":6},"end":{"line":481,"column":19}},"148":{"start":{"line":485,"column":4},"end":{"line":485,"column":17}},"149":{"start":{"line":486,"column":4},"end":{"line":486,"column":44}},"150":{"start":{"line":487,"column":4},"end":{"line":487,"column":16}},"151":{"start":{"line":496,"column":16},"end":{"line":496,"column":26}},"152":{"start":{"line":497,"column":17},"end":{"line":497,"column":50}},"153":{"start":{"line":499,"column":4},"end":{"line":504,"column":5}},"154":{"start":{"line":500,"column":6},"end":{"line":503,"column":8}},"155":{"start":{"line":506,"column":4},"end":{"line":509,"column":6}},"156":{"start":{"line":516,"column":16},"end":{"line":516,"column":26}},"157":{"start":{"line":517,"column":4},"end":{"line":521,"column":5}},"158":{"start":{"line":518,"column":6},"end":{"line":520,"column":7}},"159":{"start":{"line":519,"column":8},"end":{"line":519,"column":45}},"160":{"start":{"line":525,"column":0},"end":{"line":525,"column":32}}},"fnMap":{"0":{"name":"(anonymous_0)","decl":{"start":{"line":9,"column":2},"end":{"line":9,"column":3}},"loc":{"start":{"line":9,"column":16},"end":{"line":18,"column":3}},"line":9},"1":{"name":"(anonymous_1)","decl":{"start":{"line":23,"column":2},"end":{"line":23,"column":3}},"loc":{"start":{"line":23,"column":21},"end":{"line":39,"column":3}},"line":23},"2":{"name":"(anonymous_2)","decl":{"start":{"line":46,"column":2},"end":{"line":46,"column":3}},"loc":{"start":{"line":46,"column":29},"end":{"line":48,"column":3}},"line":46},"3":{"name":"(anonymous_3)","decl":{"start":{"line":55,"column":2},"end":{"line":55,"column":3}},"loc":{"start":{"line":55,"column":31},"end":{"line":114,"column":3}},"line":55},"4":{"name":"(anonymous_4)","decl":{"start":{"line":121,"column":2},"end":{"line":121,"column":3}},"loc":{"start":{"line":121,"column":42},"end":{"line":134,"column":3}},"line":121},"5":{"name":"(anonymous_5)","decl":{"start":{"line":141,"column":2},"end":{"line":141,"column":3}},"loc":{"start":{"line":141,"column":44},"end":{"line":151,"column":3}},"line":141},"6":{"name":"(anonymous_6)","decl":{"start":{"line":158,"column":2},"end":{"line":158,"column":3}},"loc":{"start":{"line":158,"column":39},"end":{"line":162,"column":3}},"line":158},"7":{"name":"(anonymous_7)","decl":{"start":{"line":168,"column":2},"end":{"line":168,"column":3}},"loc":{"start":{"line":168,"column":30},"end":{"line":172,"column":3}},"line":168},"8":{"name":"(anonymous_8)","decl":{"start":{"line":179,"column":2},"end":{"line":179,"column":3}},"loc":{"start":{"line":179,"column":28},"end":{"line":183,"column":3}},"line":179},"9":{"name":"(anonymous_9)","decl":{"start":{"line":190,"column":2},"end":{"line":190,"column":3}},"loc":{"start":{"line":190,"column":34},"end":{"line":194,"column":3}},"line":190},"10":{"name":"(anonymous_10)","decl":{"start":{"line":201,"column":2},"end":{"line":201,"column":3}},"loc":{"start":{"line":201,"column":28},"end":{"line":204,"column":3}},"line":201},"11":{"name":"(anonymous_11)","decl":{"start":{"line":212,"column":2},"end":{"line":212,"column":3}},"loc":{"start":{"line":212,"column":36},"end":{"line":216,"column":3}},"line":212},"12":{"name":"(anonymous_12)","decl":{"start":{"line":224,"column":2},"end":{"line":224,"column":3}},"loc":{"start":{"line":224,"column":29},"end":{"line":227,"column":3}},"line":224},"13":{"name":"(anonymous_13)","decl":{"start":{"line":234,"column":2},"end":{"line":234,"column":3}},"loc":{"start":{"line":234,"column":40},"end":{"line":238,"column":3}},"line":234},"14":{"name":"(anonymous_14)","decl":{"start":{"line":247,"column":2},"end":{"line":247,"column":3}},"loc":{"start":{"line":247,"column":60},"end":{"line":253,"column":3}},"line":247},"15":{"name":"(anonymous_15)","decl":{"start":{"line":260,"column":2},"end":{"line":260,"column":3}},"loc":{"start":{"line":260,"column":31},"end":{"line":263,"column":3}},"line":260},"16":{"name":"(anonymous_16)","decl":{"start":{"line":270,"column":2},"end":{"line":270,"column":3}},"loc":{"start":{"line":270,"column":35},"end":{"line":277,"column":3}},"line":270},"17":{"name":"(anonymous_17)","decl":{"start":{"line":284,"column":2},"end":{"line":284,"column":3}},"loc":{"start":{"line":284,"column":46},"end":{"line":288,"column":3}},"line":284},"18":{"name":"(anonymous_18)","decl":{"start":{"line":295,"column":2},"end":{"line":295,"column":3}},"loc":{"start":{"line":295,"column":36},"end":{"line":298,"column":3}},"line":295},"19":{"name":"(anonymous_19)","decl":{"start":{"line":305,"column":2},"end":{"line":305,"column":3}},"loc":{"start":{"line":305,"column":39},"end":{"line":334,"column":3}},"line":305},"20":{"name":"(anonymous_20)","decl":{"start":{"line":342,"column":2},"end":{"line":342,"column":3}},"loc":{"start":{"line":342,"column":56},"end":{"line":347,"column":3}},"line":342},"21":{"name":"(anonymous_21)","decl":{"start":{"line":354,"column":2},"end":{"line":354,"column":3}},"loc":{"start":{"line":354,"column":37},"end":{"line":360,"column":3}},"line":354},"22":{"name":"(anonymous_22)","decl":{"start":{"line":365,"column":2},"end":{"line":365,"column":3}},"loc":{"start":{"line":365,"column":20},"end":{"line":377,"column":3}},"line":365},"23":{"name":"(anonymous_23)","decl":{"start":{"line":382,"column":2},"end":{"line":382,"column":3}},"loc":{"start":{"line":382,"column":19},"end":{"line":386,"column":3}},"line":382},"24":{"name":"(anonymous_24)","decl":{"start":{"line":393,"column":2},"end":{"line":393,"column":3}},"loc":{"start":{"line":393,"column":32},"end":{"line":420,"column":3}},"line":393},"25":{"name":"(anonymous_25)","decl":{"start":{"line":427,"column":2},"end":{"line":427,"column":3}},"loc":{"start":{"line":427,"column":28},"end":{"line":459,"column":3}},"line":427},"26":{"name":"(anonymous_26)","decl":{"start":{"line":466,"column":2},"end":{"line":466,"column":3}},"loc":{"start":{"line":466,"column":29},"end":{"line":488,"column":3}},"line":466},"27":{"name":"(anonymous_27)","decl":{"start":{"line":495,"column":2},"end":{"line":495,"column":3}},"loc":{"start":{"line":495,"column":33},"end":{"line":510,"column":3}},"line":495},"28":{"name":"(anonymous_28)","decl":{"start":{"line":515,"column":2},"end":{"line":515,"column":3}},"loc":{"start":{"line":515,"column":22},"end":{"line":522,"column":3}},"line":515}},"branchMap":{"0":{"loc":{"start":{"line":12,"column":22},"end":{"line":12,"column":63}},"type":"binary-expr","locations":[{"start":{"line":12,"column":22},"end":{"line":12,"column":55}},{"start":{"line":12,"column":59},"end":{"line":12,"column":63}}],"line":12},"1":{"loc":{"start":{"line":16,"column":24},"end":{"line":16,"column":66}},"type":"binary-expr","locations":[{"start":{"line":16,"column":24},"end":{"line":16,"column":60}},{"start":{"line":16,"column":64},"end":{"line":16,"column":66}}],"line":16},"2":{"loc":{"start":{"line":17,"column":27},"end":{"line":17,"column":75}},"type":"binary-expr","locations":[{"start":{"line":17,"column":27},"end":{"line":17,"column":66}},{"start":{"line":17,"column":70},"end":{"line":17,"column":75}}],"line":17},"3":{"loc":{"start":{"line":28,"column":6},"end":{"line":34,"column":7}},"type":"if","locations":[{"start":{"line":28,"column":6},"end":{"line":34,"column":7}},{"start":{"line":30,"column":13},"end":{"line":34,"column":7}}],"line":28},"4":{"loc":{"start":{"line":57,"column":4},"end":{"line":75,"column":5}},"type":"if","locations":[{"start":{"line":57,"column":4},"end":{"line":75,"column":5}},{"start":{},"end":{}}],"line":57},"5":{"loc":{"start":{"line":57,"column":8},"end":{"line":57,"column":46}},"type":"binary-expr","locations":[{"start":{"line":57,"column":8},"end":{"line":57,"column":21}},{"start":{"line":57,"column":25},"end":{"line":57,"column":46}}],"line":57},"6":{"loc":{"start":{"line":62,"column":8},"end":{"line":70,"column":9}},"type":"if","locations":[{"start":{"line":62,"column":8},"end":{"line":70,"column":9}},{"start":{},"end":{}}],"line":62},"7":{"loc":{"start":{"line":78,"column":4},"end":{"line":108,"column":5}},"type":"if","locations":[{"start":{"line":78,"column":4},"end":{"line":108,"column":5}},{"start":{},"end":{}}],"line":78},"8":{"loc":{"start":{"line":99,"column":6},"end":{"line":105,"column":7}},"type":"if","locations":[{"start":{"line":99,"column":6},"end":{"line":105,"column":7}},{"start":{},"end":{}}],"line":99},"9":{"loc":{"start":{"line":99,"column":10},"end":{"line":99,"column":48}},"type":"binary-expr","locations":[{"start":{"line":99,"column":10},"end":{"line":99,"column":23}},{"start":{"line":99,"column":27},"end":{"line":99,"column":48}}],"line":99},"10":{"loc":{"start":{"line":122,"column":4},"end":{"line":124,"column":5}},"type":"if","locations":[{"start":{"line":122,"column":4},"end":{"line":124,"column":5}},{"start":{},"end":{}}],"line":122},"11":{"loc":{"start":{"line":122,"column":8},"end":{"line":122,"column":48}},"type":"binary-expr","locations":[{"start":{"line":122,"column":8},"end":{"line":122,"column":22}},{"start":{"line":122,"column":26},"end":{"line":122,"column":48}}],"line":122},"12":{"loc":{"start":{"line":142,"column":4},"end":{"line":142,"column":25}},"type":"if","locations":[{"start":{"line":142,"column":4},"end":{"line":142,"column":25}},{"start":{},"end":{}}],"line":142},"13":{"loc":{"start":{"line":182,"column":11},"end":{"line":182,"column":58}},"type":"cond-expr","locations":[{"start":{"line":182,"column":41},"end":{"line":182,"column":53}},{"start":{"line":182,"column":56},"end":{"line":182,"column":58}}],"line":182},"14":{"loc":{"start":{"line":307,"column":4},"end":{"line":325,"column":5}},"type":"if","locations":[{"start":{"line":307,"column":4},"end":{"line":325,"column":5}},{"start":{},"end":{}}],"line":307},"15":{"loc":{"start":{"line":307,"column":8},"end":{"line":307,"column":46}},"type":"binary-expr","locations":[{"start":{"line":307,"column":8},"end":{"line":307,"column":21}},{"start":{"line":307,"column":25},"end":{"line":307,"column":46}}],"line":307},"16":{"loc":{"start":{"line":314,"column":10},"end":{"line":319,"column":11}},"type":"if","locations":[{"start":{"line":314,"column":10},"end":{"line":319,"column":11}},{"start":{},"end":{}}],"line":314},"17":{"loc":{"start":{"line":316,"column":12},"end":{"line":318,"column":13}},"type":"if","locations":[{"start":{"line":316,"column":12},"end":{"line":318,"column":13}},{"start":{},"end":{}}],"line":316},"18":{"loc":{"start":{"line":329,"column":6},"end":{"line":331,"column":7}},"type":"if","locations":[{"start":{"line":329,"column":6},"end":{"line":331,"column":7}},{"start":{},"end":{}}],"line":329},"19":{"loc":{"start":{"line":370,"column":6},"end":{"line":372,"column":7}},"type":"if","locations":[{"start":{"line":370,"column":6},"end":{"line":372,"column":7}},{"start":{},"end":{}}],"line":370},"20":{"loc":{"start":{"line":383,"column":4},"end":{"line":385,"column":5}},"type":"if","locations":[{"start":{"line":383,"column":4},"end":{"line":385,"column":5}},{"start":{},"end":{}}],"line":383},"21":{"loc":{"start":{"line":394,"column":4},"end":{"line":418,"column":5}},"type":"if","locations":[{"start":{"line":394,"column":4},"end":{"line":418,"column":5}},{"start":{},"end":{}}],"line":394},"22":{"loc":{"start":{"line":394,"column":8},"end":{"line":394,"column":46}},"type":"binary-expr","locations":[{"start":{"line":394,"column":8},"end":{"line":394,"column":21}},{"start":{"line":394,"column":25},"end":{"line":394,"column":46}}],"line":394},"23":{"loc":{"start":{"line":428,"column":4},"end":{"line":457,"column":5}},"type":"if","locations":[{"start":{"line":428,"column":4},"end":{"line":457,"column":5}},{"start":{},"end":{}}],"line":428},"24":{"loc":{"start":{"line":428,"column":8},"end":{"line":428,"column":46}},"type":"binary-expr","locations":[{"start":{"line":428,"column":8},"end":{"line":428,"column":21}},{"start":{"line":428,"column":25},"end":{"line":428,"column":46}}],"line":428},"25":{"loc":{"start":{"line":444,"column":12},"end":{"line":446,"column":13}},"type":"if","locations":[{"start":{"line":444,"column":12},"end":{"line":446,"column":13}},{"start":{},"end":{}}],"line":444},"26":{"loc":{"start":{"line":444,"column":16},"end":{"line":444,"column":33}},"type":"binary-expr","locations":[{"start":{"line":444,"column":16},"end":{"line":444,"column":21}},{"start":{"line":444,"column":25},"end":{"line":444,"column":33}}],"line":444},"27":{"loc":{"start":{"line":470,"column":4},"end":{"line":477,"column":5}},"type":"if","locations":[{"start":{"line":470,"column":4},"end":{"line":477,"column":5}},{"start":{},"end":{}}],"line":470},"28":{"loc":{"start":{"line":470,"column":8},"end":{"line":470,"column":37}},"type":"binary-expr","locations":[{"start":{"line":470,"column":8},"end":{"line":470,"column":13}},{"start":{"line":470,"column":17},"end":{"line":470,"column":37}}],"line":470},"29":{"loc":{"start":{"line":479,"column":4},"end":{"line":482,"column":5}},"type":"if","locations":[{"start":{"line":479,"column":4},"end":{"line":482,"column":5}},{"start":{},"end":{}}],"line":479},"30":{"loc":{"start":{"line":499,"column":4},"end":{"line":504,"column":5}},"type":"if","locations":[{"start":{"line":499,"column":4},"end":{"line":504,"column":5}},{"start":{},"end":{}}],"line":499},"31":{"loc":{"start":{"line":499,"column":8},"end":{"line":499,"column":37}},"type":"binary-expr","locations":[{"start":{"line":499,"column":8},"end":{"line":499,"column":13}},{"start":{"line":499,"column":17},"end":{"line":499,"column":37}}],"line":499},"32":{"loc":{"start":{"line":518,"column":6},"end":{"line":520,"column":7}},"type":"if","locations":[{"start":{"line":518,"column":6},"end":{"line":520,"column":7}},{"start":{},"end":{}}],"line":518}},"s":{"0":5,"1":104,"2":104,"3":104,"4":104,"5":104,"6":104,"7":0,"8":0,"9":0,"10":0,"11":0,"12":0,"13":0,"14":0,"15":4,"16":318,"17":0,"18":0,"19":0,"20":0,"21":0,"22":0,"23":0,"24":0,"25":0,"26":318,"27":88,"28":88,"29":88,"30":0,"31":0,"32":0,"33":88,"34":230,"35":230,"36":230,"37":135,"38":135,"39":0,"40":0,"41":0,"42":0,"43":135,"44":0,"45":135,"46":135,"47":135,"48":28,"49":28,"50":28,"51":1,"52":1,"53":1,"54":54,"55":54,"56":75,"57":75,"58":75,"59":66,"60":66,"61":18,"62":18,"63":18,"64":7,"65":7,"66":4,"67":4,"68":4,"69":1,"70":1,"71":1,"72":1,"73":1,"74":1,"75":1,"76":2,"77":2,"78":1,"79":1,"80":1,"81":1,"82":1,"83":4,"84":0,"85":0,"86":0,"87":0,"88":0,"89":0,"90":0,"91":0,"92":0,"93":0,"94":4,"95":4,"96":3,"97":1,"98":7,"99":7,"100":7,"101":7,"102":7,"103":7,"104":5,"105":5,"106":7,"107":4,"108":5,"109":0,"110":0,"111":3,"112":0,"113":0,"114":0,"115":0,"116":0,"117":0,"118":0,"119":0,"120":0,"121":0,"122":0,"123":3,"124":3,"125":0,"126":0,"127":0,"128":0,"129":0,"130":0,"131":0,"132":0,"133":0,"134":0,"135":0,"136":0,"137":0,"138":0,"139":0,"140":3,"141":120,"142":120,"143":120,"144":13,"145":13,"146":107,"147":8,"148":99,"149":99,"150":99,"151":3,"152":3,"153":3,"154":1,"155":2,"156":3,"157":3,"158":5,"159":3,"160":5},"f":{"0":104,"1":0,"2":4,"3":318,"4":135,"5":135,"6":28,"7":1,"8":54,"9":75,"10":66,"11":18,"12":7,"13":4,"14":1,"15":1,"16":2,"17":1,"18":1,"19":4,"20":7,"21":7,"22":5,"23":0,"24":3,"25":3,"26":120,"27":3,"28":3},"b":{"0":[104,104],"1":[104,104],"2":[104,104],"3":[0,0],"4":[0,318],"5":[318,0],"6":[0,0],"7":[88,230],"8":[0,88],"9":[88,0],"10":[135,0],"11":[135,0],"12":[0,135],"13":[53,1],"14":[0,4],"15":[4,0],"16":[0,0],"17":[0,0],"18":[3,1],"19":[4,3],"20":[0,0],"21":[0,3],"22":[3,0],"23":[0,3],"24":[3,0],"25":[0,0],"26":[0,0],"27":[13,107],"28":[120,107],"29":[8,99],"30":[1,2],"31":[3,2],"32":[3,2]},"_coverageSchema":"1a1c01bbd47fc00a2c39e90264f33305004495a9","hash":"4afc8e1cf081646718b8276457cffc722403dfce"}
,"/home/senarokalie/Desktop/chatbot/lib/inputValidator.js": {"path":"/home/senarokalie/Desktop/chatbot/lib/inputValidator.js","statementMap":{"0":{"start":{"line":10,"column":4},"end":{"line":10,"column":34}},"1":{"start":{"line":11,"column":4},"end":{"line":11,"column":32}},"2":{"start":{"line":12,"column":4},"end":{"line":12,"column":35}},"3":{"start":{"line":15,"column":4},"end":{"line":15,"column":28}},"4":{"start":{"line":16,"column":4},"end":{"line":16,"column":25}},"5":{"start":{"line":17,"column":4},"end":{"line":17,"column":32}},"6":{"start":{"line":20,"column":4},"end":{"line":20,"column":78}},"7":{"start":{"line":20,"column":46},"end":{"line":20,"column":60}},"8":{"start":{"line":27,"column":16},"end":{"line":27,"column":26}},"9":{"start":{"line":28,"column":17},"end":{"line":28,"column":50}},"10":{"start":{"line":30,"column":4},"end":{"line":37,"column":5}},"11":{"start":{"line":32,"column":6},"end":{"line":35,"column":9}},"12":{"start":{"line":36,"column":6},"end":{"line":36,"column":66}},"13":{"start":{"line":39,"column":4},"end":{"line":47,"column":5}},"14":{"start":{"line":40,"column":23},"end":{"line":40,"column":63}},"15":{"start":{"line":41,"column":6},"end":{"line":46,"column":8}},"16":{"start":{"line":49,"column":4},"end":{"line":49,"column":17}},"17":{"start":{"line":50,"column":4},"end":{"line":50,"column":44}},"18":{"start":{"line":51,"column":4},"end":{"line":51,"column":73}},"19":{"start":{"line":58,"column":18},"end":{"line":58,"column":43}},"20":{"start":{"line":59,"column":17},"end":{"line":59,"column":48}},"21":{"start":{"line":61,"column":4},"end":{"line":68,"column":5}},"22":{"start":{"line":63,"column":6},"end":{"line":66,"column":9}},"23":{"start":{"line":67,"column":6},"end":{"line":67,"column":64}},"24":{"start":{"line":70,"column":4},"end":{"line":76,"column":5}},"25":{"start":{"line":71,"column":6},"end":{"line":75,"column":8}},"26":{"start":{"line":78,"column":4},"end":{"line":78,"column":17}},"27":{"start":{"line":79,"column":4},"end":{"line":79,"column":42}},"28":{"start":{"line":80,"column":4},"end":{"line":80,"column":71}},"29":{"start":{"line":87,"column":26},"end":{"line":87,"column":58}},"30":{"start":{"line":88,"column":4},"end":{"line":88,"column":54}},"31":{"start":{"line":95,"column":26},"end":{"line":95,"column":60}},"32":{"start":{"line":96,"column":4},"end":{"line":96,"column":53}},"33":{"start":{"line":96,"column":24},"end":{"line":96,"column":53}},"34":{"start":{"line":98,"column":16},"end":{"line":98,"column":26}},"35":{"start":{"line":99,"column":4},"end":{"line":106,"column":5}},"36":{"start":{"line":100,"column":23},"end":{"line":100,"column":62}},"37":{"start":{"line":101,"column":6},"end":{"line":105,"column":8}},"38":{"start":{"line":109,"column":4},"end":{"line":109,"column":42}},"39":{"start":{"line":110,"column":4},"end":{"line":110,"column":33}},"40":{"start":{"line":117,"column":16},"end":{"line":117,"column":26}},"41":{"start":{"line":120,"column":4},"end":{"line":125,"column":5}},"42":{"start":{"line":121,"column":6},"end":{"line":124,"column":7}},"43":{"start":{"line":123,"column":8},"end":{"line":123,"column":37}},"44":{"start":{"line":128,"column":18},"end":{"line":128,"column":43}},"45":{"start":{"line":129,"column":4},"end":{"line":133,"column":5}},"46":{"start":{"line":130,"column":6},"end":{"line":132,"column":7}},"47":{"start":{"line":131,"column":8},"end":{"line":131,"column":35}},"48":{"start":{"line":136,"column":4},"end":{"line":140,"column":5}},"49":{"start":{"line":137,"column":6},"end":{"line":139,"column":7}},"50":{"start":{"line":138,"column":8},"end":{"line":138,"column":38}},"51":{"start":{"line":147,"column":20},"end":{"line":147,"column":53}},"52":{"start":{"line":148,"column":22},"end":{"line":148,"column":53}},"53":{"start":{"line":150,"column":4},"end":{"line":155,"column":6}},"54":{"start":{"line":162,"column":4},"end":{"line":164,"column":5}},"55":{"start":{"line":163,"column":6},"end":{"line":163,"column":16}},"56":{"start":{"line":167,"column":20},"end":{"line":167,"column":46}},"57":{"start":{"line":170,"column":4},"end":{"line":170,"column":33}},"58":{"start":{"line":173,"column":23},"end":{"line":173,"column":27}},"59":{"start":{"line":174,"column":4},"end":{"line":176,"column":5}},"60":{"start":{"line":175,"column":6},"end":{"line":175,"column":53}},"61":{"start":{"line":178,"column":4},"end":{"line":178,"column":21}},"62":{"start":{"line":186,"column":23},"end":{"line":186,"column":42}},"63":{"start":{"line":187,"column":4},"end":{"line":187,"column":34}},"64":{"start":{"line":195,"column":23},"end":{"line":195,"column":52}},"65":{"start":{"line":196,"column":4},"end":{"line":196,"column":36}},"66":{"start":{"line":203,"column":25},"end":{"line":207,"column":21}},"67":{"start":{"line":209,"column":4},"end":{"line":209,"column":64}},"68":{"start":{"line":209,"column":38},"end":{"line":209,"column":62}},"69":{"start":{"line":216,"column":16},"end":{"line":222,"column":5}},"70":{"start":{"line":223,"column":4},"end":{"line":223,"column":51}},"71":{"start":{"line":223,"column":43},"end":{"line":223,"column":49}},"72":{"start":{"line":230,"column":25},"end":{"line":242,"column":5}},"73":{"start":{"line":243,"column":4},"end":{"line":243,"column":55}},"74":{"start":{"line":250,"column":23},"end":{"line":261,"column":5}},"75":{"start":{"line":262,"column":4},"end":{"line":262,"column":53}},"76":{"start":{"line":269,"column":25},"end":{"line":280,"column":5}},"77":{"start":{"line":281,"column":4},"end":{"line":281,"column":55}},"78":{"start":{"line":285,"column":0},"end":{"line":285,"column":32}}},"fnMap":{"0":{"name":"(anonymous_0)","decl":{"start":{"line":8,"column":2},"end":{"line":8,"column":3}},"loc":{"start":{"line":8,"column":16},"end":{"line":21,"column":3}},"line":8},"1":{"name":"(anonymous_1)","decl":{"start":{"line":20,"column":40},"end":{"line":20,"column":41}},"loc":{"start":{"line":20,"column":46},"end":{"line":20,"column":60}},"line":20},"2":{"name":"(anonymous_2)","decl":{"start":{"line":26,"column":2},"end":{"line":26,"column":3}},"loc":{"start":{"line":26,"column":29},"end":{"line":52,"column":3}},"line":26},"3":{"name":"(anonymous_3)","decl":{"start":{"line":57,"column":2},"end":{"line":57,"column":3}},"loc":{"start":{"line":57,"column":28},"end":{"line":81,"column":3}},"line":57},"4":{"name":"(anonymous_4)","decl":{"start":{"line":86,"column":2},"end":{"line":86,"column":3}},"loc":{"start":{"line":86,"column":31},"end":{"line":89,"column":3}},"line":86},"5":{"name":"(anonymous_5)","decl":{"start":{"line":94,"column":2},"end":{"line":94,"column":3}},"loc":{"start":{"line":94,"column":27},"end":{"line":111,"column":3}},"line":94},"6":{"name":"(anonymous_6)","decl":{"start":{"line":116,"column":2},"end":{"line":116,"column":3}},"loc":{"start":{"line":116,"column":12},"end":{"line":141,"column":3}},"line":116},"7":{"name":"(anonymous_7)","decl":{"start":{"line":146,"column":2},"end":{"line":146,"column":3}},"loc":{"start":{"line":146,"column":23},"end":{"line":156,"column":3}},"line":146},"8":{"name":"(anonymous_8)","decl":{"start":{"line":161,"column":2},"end":{"line":161,"column":3}},"loc":{"start":{"line":161,"column":34},"end":{"line":179,"column":3}},"line":161},"9":{"name":"(anonymous_9)","decl":{"start":{"line":184,"column":2},"end":{"line":184,"column":3}},"loc":{"start":{"line":184,"column":35},"end":{"line":188,"column":3}},"line":184},"10":{"name":"(anonymous_10)","decl":{"start":{"line":193,"column":2},"end":{"line":193,"column":3}},"loc":{"start":{"line":193,"column":33},"end":{"line":197,"column":3}},"line":193},"11":{"name":"(anonymous_11)","decl":{"start":{"line":202,"column":2},"end":{"line":202,"column":3}},"loc":{"start":{"line":202,"column":29},"end":{"line":210,"column":3}},"line":202},"12":{"name":"(anonymous_12)","decl":{"start":{"line":209,"column":29},"end":{"line":209,"column":30}},"loc":{"start":{"line":209,"column":38},"end":{"line":209,"column":62}},"line":209},"13":{"name":"(anonymous_13)","decl":{"start":{"line":215,"column":2},"end":{"line":215,"column":3}},"loc":{"start":{"line":215,"column":26},"end":{"line":224,"column":3}},"line":215},"14":{"name":"(anonymous_14)","decl":{"start":{"line":223,"column":36},"end":{"line":223,"column":37}},"loc":{"start":{"line":223,"column":43},"end":{"line":223,"column":49}},"line":223},"15":{"name":"(anonymous_15)","decl":{"start":{"line":229,"column":2},"end":{"line":229,"column":3}},"loc":{"start":{"line":229,"column":38},"end":{"line":244,"column":3}},"line":229},"16":{"name":"(anonymous_16)","decl":{"start":{"line":249,"column":2},"end":{"line":249,"column":3}},"loc":{"start":{"line":249,"column":35},"end":{"line":263,"column":3}},"line":249},"17":{"name":"(anonymous_17)","decl":{"start":{"line":268,"column":2},"end":{"line":268,"column":3}},"loc":{"start":{"line":268,"column":35},"end":{"line":282,"column":3}},"line":268}},"branchMap":{"0":{"loc":{"start":{"line":30,"column":4},"end":{"line":37,"column":5}},"type":"if","locations":[{"start":{"line":30,"column":4},"end":{"line":37,"column":5}},{"start":{},"end":{}}],"line":30},"1":{"loc":{"start":{"line":30,"column":8},"end":{"line":30,"column":37}},"type":"binary-expr","locations":[{"start":{"line":30,"column":8},"end":{"line":30,"column":13}},{"start":{"line":30,"column":17},"end":{"line":30,"column":37}}],"line":30},"2":{"loc":{"start":{"line":39,"column":4},"end":{"line":47,"column":5}},"type":"if","locations":[{"start":{"line":39,"column":4},"end":{"line":47,"column":5}},{"start":{},"end":{}}],"line":39},"3":{"loc":{"start":{"line":61,"column":4},"end":{"line":68,"column":5}},"type":"if","locations":[{"start":{"line":61,"column":4},"end":{"line":68,"column":5}},{"start":{},"end":{}}],"line":61},"4":{"loc":{"start":{"line":61,"column":8},"end":{"line":61,"column":41}},"type":"binary-expr","locations":[{"start":{"line":61,"column":8},"end":{"line":61,"column":13}},{"start":{"line":61,"column":17},"end":{"line":61,"column":41}}],"line":61},"5":{"loc":{"start":{"line":70,"column":4},"end":{"line":76,"column":5}},"type":"if","locations":[{"start":{"line":70,"column":4},"end":{"line":76,"column":5}},{"start":{},"end":{}}],"line":70},"6":{"loc":{"start":{"line":96,"column":4},"end":{"line":96,"column":53}},"type":"if","locations":[{"start":{"line":96,"column":4},"end":{"line":96,"column":53}},{"start":{},"end":{}}],"line":96},"7":{"loc":{"start":{"line":99,"column":4},"end":{"line":106,"column":5}},"type":"if","locations":[{"start":{"line":99,"column":4},"end":{"line":106,"column":5}},{"start":{},"end":{}}],"line":99},"8":{"loc":{"start":{"line":121,"column":6},"end":{"line":124,"column":7}},"type":"if","locations":[{"start":{"line":121,"column":6},"end":{"line":124,"column":7}},{"start":{},"end":{}}],"line":121},"9":{"loc":{"start":{"line":130,"column":6},"end":{"line":132,"column":7}},"type":"if","locations":[{"start":{"line":130,"column":6},"end":{"line":132,"column":7}},{"start":{},"end":{}}],"line":130},"10":{"loc":{"start":{"line":137,"column":6},"end":{"line":139,"column":7}},"type":"if","locations":[{"start":{"line":137,"column":6},"end":{"line":139,"column":7}},{"start":{},"end":{}}],"line":137},"11":{"loc":{"start":{"line":151,"column":16},"end":{"line":151,"column":43}},"type":"cond-expr","locations":[{"start":{"line":151,"column":26},"end":{"line":151,"column":39}},{"start":{"line":151,"column":42},"end":{"line":151,"column":43}}],"line":151},"12":{"loc":{"start":{"line":152,"column":14},"end":{"line":152,"column":45}},"type":"cond-expr","locations":[{"start":{"line":152,"column":26},"end":{"line":152,"column":41}},{"start":{"line":152,"column":44},"end":{"line":152,"column":45}}],"line":152},"13":{"loc":{"start":{"line":162,"column":4},"end":{"line":164,"column":5}},"type":"if","locations":[{"start":{"line":162,"column":4},"end":{"line":164,"column":5}},{"start":{},"end":{}}],"line":162},"14":{"loc":{"start":{"line":174,"column":4},"end":{"line":176,"column":5}},"type":"if","locations":[{"start":{"line":174,"column":4},"end":{"line":176,"column":5}},{"start":{},"end":{}}],"line":174}},"s":{"0":60,"1":60,"2":60,"3":60,"4":60,"5":60,"6":60,"7":0,"8":153,"9":153,"10":153,"11":15,"12":15,"13":138,"14":9,"15":9,"16":129,"17":129,"18":129,"19":37,"20":37,"21":37,"22":13,"23":13,"24":24,"25":3,"26":21,"27":21,"28":21,"29":7,"30":7,"31":8,"32":8,"33":3,"34":5,"35":5,"36":4,"37":4,"38":1,"39":1,"40":6,"41":6,"42":2,"43":1,"44":6,"45":6,"46":2,"47":1,"48":6,"49":2,"50":1,"51":5,"52":5,"53":5,"54":10,"55":4,"56":6,"57":6,"58":6,"59":6,"60":1,"61":6,"62":9,"63":9,"64":6,"65":6,"66":6,"67":6,"68":13,"69":8,"70":8,"71":20,"72":18,"73":18,"74":15,"75":15,"76":15,"77":15,"78":2},"f":{"0":60,"1":0,"2":153,"3":37,"4":7,"5":8,"6":6,"7":5,"8":10,"9":9,"10":6,"11":6,"12":13,"13":8,"14":20,"15":18,"16":15,"17":15},"b":{"0":[15,138],"1":[153,139],"2":[9,129],"3":[13,24],"4":[37,25],"5":[3,21],"6":[3,5],"7":[4,1],"8":[1,1],"9":[1,1],"10":[1,1],"11":[3,2],"12":[2,3],"13":[4,6],"14":[1,5]},"_coverageSchema":"1a1c01bbd47fc00a2c39e90264f33305004495a9","hash":"91764ce431ddedc5ee0973a26b31d0bb912581c4"}
,"/home/senarokalie/Desktop/chatbot/lib/logRotationManager.js": {"path":"/home/senarokalie/Desktop/chatbot/lib/logRotationManager.js","statementMap":{"0":{"start":{"line":6,"column":11},"end":{"line":6,"column":24}},"1":{"start":{"line":7,"column":13},"end":{"line":7,"column":28}},"2":{"start":{"line":11,"column":4},"end":{"line":11,"column":51}},"3":{"start":{"line":12,"column":4},"end":{"line":12,"column":71}},"4":{"start":{"line":13,"column":4},"end":{"line":13,"column":33}},"5":{"start":{"line":14,"column":4},"end":{"line":14,"column":31}},"6":{"start":{"line":21,"column":4},"end":{"line":21,"column":51}},"7":{"start":{"line":22,"column":4},"end":{"line":22,"column":60}},"8":{"start":{"line":25,"column":4},"end":{"line":25,"column":25}},"9":{"start":{"line":28,"column":16},"end":{"line":28,"column":26}},"10":{"start":{"line":29,"column":21},"end":{"line":29,"column":34}},"11":{"start":{"line":30,"column":4},"end":{"line":30,"column":45}},"12":{"start":{"line":31,"column":4},"end":{"line":31,"column":34}},"13":{"start":{"line":32,"column":28},"end":{"line":32,"column":42}},"14":{"start":{"line":34,"column":4},"end":{"line":40,"column":24}},"15":{"start":{"line":35,"column":6},"end":{"line":35,"column":27}},"16":{"start":{"line":37,"column":6},"end":{"line":39,"column":30}},"17":{"start":{"line":38,"column":8},"end":{"line":38,"column":29}},"18":{"start":{"line":42,"column":4},"end":{"line":42,"column":73}},"19":{"start":{"line":49,"column":4},"end":{"line":52,"column":5}},"20":{"start":{"line":50,"column":6},"end":{"line":50,"column":40}},"21":{"start":{"line":51,"column":6},"end":{"line":51,"column":33}},"22":{"start":{"line":53,"column":4},"end":{"line":57,"column":5}},"23":{"start":{"line":54,"column":6},"end":{"line":54,"column":43}},"24":{"start":{"line":55,"column":6},"end":{"line":55,"column":35}},"25":{"start":{"line":56,"column":6},"end":{"line":56,"column":53}},"26":{"start":{"line":64,"column":4},"end":{"line":103,"column":5}},"27":{"start":{"line":65,"column":6},"end":{"line":67,"column":7}},"28":{"start":{"line":66,"column":8},"end":{"line":66,"column":15}},"29":{"start":{"line":69,"column":18},"end":{"line":69,"column":28}},"30":{"start":{"line":70,"column":21},"end":{"line":70,"column":61}},"31":{"start":{"line":71,"column":20},"end":{"line":71,"column":48}},"32":{"start":{"line":73,"column":25},"end":{"line":73,"column":26}},"33":{"start":{"line":74,"column":22},"end":{"line":74,"column":23}},"34":{"start":{"line":76,"column":6},"end":{"line":91,"column":9}},"35":{"start":{"line":77,"column":25},"end":{"line":77,"column":54}},"36":{"start":{"line":78,"column":22},"end":{"line":78,"column":43}},"37":{"start":{"line":81,"column":8},"end":{"line":81,"column":36}},"38":{"start":{"line":81,"column":29},"end":{"line":81,"column":36}},"39":{"start":{"line":84,"column":24},"end":{"line":84,"column":43}},"40":{"start":{"line":85,"column":8},"end":{"line":90,"column":9}},"41":{"start":{"line":86,"column":10},"end":{"line":86,"column":34}},"42":{"start":{"line":87,"column":10},"end":{"line":87,"column":34}},"43":{"start":{"line":88,"column":10},"end":{"line":88,"column":25}},"44":{"start":{"line":89,"column":10},"end":{"line":89,"column":55}},"45":{"start":{"line":93,"column":6},"end":{"line":100,"column":7}},"46":{"start":{"line":94,"column":23},"end":{"line":94,"column":59}},"47":{"start":{"line":95,"column":8},"end":{"line":97,"column":10}},"48":{"start":{"line":99,"column":8},"end":{"line":99,"column":70}},"49":{"start":{"line":102,"column":6},"end":{"line":102,"column":60}},"50":{"start":{"line":110,"column":4},"end":{"line":157,"column":5}},"51":{"start":{"line":111,"column":6},"end":{"line":118,"column":7}},"52":{"start":{"line":112,"column":8},"end":{"line":117,"column":10}},"53":{"start":{"line":120,"column":20},"end":{"line":120,"column":48}},"54":{"start":{"line":121,"column":22},"end":{"line":121,"column":23}},"55":{"start":{"line":122,"column":23},"end":{"line":122,"column":33}},"56":{"start":{"line":123,"column":23},"end":{"line":123,"column":24}},"57":{"start":{"line":124,"column":23},"end":{"line":124,"column":27}},"58":{"start":{"line":125,"column":23},"end":{"line":125,"column":27}},"59":{"start":{"line":127,"column":6},"end":{"line":145,"column":9}},"60":{"start":{"line":128,"column":25},"end":{"line":128,"column":54}},"61":{"start":{"line":129,"column":22},"end":{"line":129,"column":43}},"62":{"start":{"line":132,"column":8},"end":{"line":132,"column":36}},"63":{"start":{"line":132,"column":29},"end":{"line":132,"column":36}},"64":{"start":{"line":134,"column":8},"end":{"line":134,"column":32}},"65":{"start":{"line":136,"column":8},"end":{"line":139,"column":9}},"66":{"start":{"line":137,"column":10},"end":{"line":137,"column":37}},"67":{"start":{"line":138,"column":10},"end":{"line":138,"column":28}},"68":{"start":{"line":141,"column":8},"end":{"line":144,"column":9}},"69":{"start":{"line":142,"column":10},"end":{"line":142,"column":37}},"70":{"start":{"line":143,"column":10},"end":{"line":143,"column":28}},"71":{"start":{"line":147,"column":6},"end":{"line":153,"column":8}},"72":{"start":{"line":155,"column":6},"end":{"line":155,"column":65}},"73":{"start":{"line":156,"column":6},"end":{"line":156,"column":18}},"74":{"start":{"line":164,"column":4},"end":{"line":164,"column":52}},"75":{"start":{"line":165,"column":4},"end":{"line":165,"column":25}},"76":{"start":{"line":170,"column":17},"end":{"line":170,"column":41}},"77":{"start":{"line":173,"column":0},"end":{"line":173,"column":26}},"78":{"start":{"line":174,"column":0},"end":{"line":174,"column":55}},"79":{"start":{"line":175,"column":0},"end":{"line":175,"column":34}}},"fnMap":{"0":{"name":"(anonymous_0)","decl":{"start":{"line":10,"column":2},"end":{"line":10,"column":3}},"loc":{"start":{"line":10,"column":16},"end":{"line":15,"column":3}},"line":10},"1":{"name":"(anonymous_1)","decl":{"start":{"line":20,"column":2},"end":{"line":20,"column":3}},"loc":{"start":{"line":20,"column":10},"end":{"line":43,"column":3}},"line":20},"2":{"name":"(anonymous_2)","decl":{"start":{"line":34,"column":37},"end":{"line":34,"column":38}},"loc":{"start":{"line":34,"column":43},"end":{"line":40,"column":5}},"line":34},"3":{"name":"(anonymous_3)","decl":{"start":{"line":37,"column":42},"end":{"line":37,"column":43}},"loc":{"start":{"line":37,"column":48},"end":{"line":39,"column":7}},"line":37},"4":{"name":"(anonymous_4)","decl":{"start":{"line":48,"column":2},"end":{"line":48,"column":3}},"loc":{"start":{"line":48,"column":9},"end":{"line":58,"column":3}},"line":48},"5":{"name":"(anonymous_5)","decl":{"start":{"line":63,"column":2},"end":{"line":63,"column":3}},"loc":{"start":{"line":63,"column":18},"end":{"line":104,"column":3}},"line":63},"6":{"name":"(anonymous_6)","decl":{"start":{"line":76,"column":20},"end":{"line":76,"column":21}},"loc":{"start":{"line":76,"column":30},"end":{"line":91,"column":7}},"line":76},"7":{"name":"(anonymous_7)","decl":{"start":{"line":109,"column":2},"end":{"line":109,"column":3}},"loc":{"start":{"line":109,"column":13},"end":{"line":158,"column":3}},"line":109},"8":{"name":"(anonymous_8)","decl":{"start":{"line":127,"column":20},"end":{"line":127,"column":21}},"loc":{"start":{"line":127,"column":30},"end":{"line":145,"column":7}},"line":127},"9":{"name":"(anonymous_9)","decl":{"start":{"line":163,"column":2},"end":{"line":163,"column":3}},"loc":{"start":{"line":163,"column":18},"end":{"line":166,"column":3}},"line":163}},"branchMap":{"0":{"loc":{"start":{"line":12,"column":25},"end":{"line":12,"column":70}},"type":"binary-expr","locations":[{"start":{"line":12,"column":25},"end":{"line":12,"column":65}},{"start":{"line":12,"column":69},"end":{"line":12,"column":70}}],"line":12},"1":{"loc":{"start":{"line":49,"column":4},"end":{"line":52,"column":5}},"type":"if","locations":[{"start":{"line":49,"column":4},"end":{"line":52,"column":5}},{"start":{},"end":{}}],"line":49},"2":{"loc":{"start":{"line":53,"column":4},"end":{"line":57,"column":5}},"type":"if","locations":[{"start":{"line":53,"column":4},"end":{"line":57,"column":5}},{"start":{},"end":{}}],"line":53},"3":{"loc":{"start":{"line":65,"column":6},"end":{"line":67,"column":7}},"type":"if","locations":[{"start":{"line":65,"column":6},"end":{"line":67,"column":7}},{"start":{},"end":{}}],"line":65},"4":{"loc":{"start":{"line":81,"column":8},"end":{"line":81,"column":36}},"type":"if","locations":[{"start":{"line":81,"column":8},"end":{"line":81,"column":36}},{"start":{},"end":{}}],"line":81},"5":{"loc":{"start":{"line":85,"column":8},"end":{"line":90,"column":9}},"type":"if","locations":[{"start":{"line":85,"column":8},"end":{"line":90,"column":9}},{"start":{},"end":{}}],"line":85},"6":{"loc":{"start":{"line":93,"column":6},"end":{"line":100,"column":7}},"type":"if","locations":[{"start":{"line":93,"column":6},"end":{"line":100,"column":7}},{"start":{"line":98,"column":13},"end":{"line":100,"column":7}}],"line":93},"7":{"loc":{"start":{"line":111,"column":6},"end":{"line":118,"column":7}},"type":"if","locations":[{"start":{"line":111,"column":6},"end":{"line":118,"column":7}},{"start":{},"end":{}}],"line":111},"8":{"loc":{"start":{"line":132,"column":8},"end":{"line":132,"column":36}},"type":"if","locations":[{"start":{"line":132,"column":8},"end":{"line":132,"column":36}},{"start":{},"end":{}}],"line":132},"9":{"loc":{"start":{"line":136,"column":8},"end":{"line":139,"column":9}},"type":"if","locations":[{"start":{"line":136,"column":8},"end":{"line":139,"column":9}},{"start":{},"end":{}}],"line":136},"10":{"loc":{"start":{"line":141,"column":8},"end":{"line":144,"column":9}},"type":"if","locations":[{"start":{"line":141,"column":8},"end":{"line":144,"column":9}},{"start":{},"end":{}}],"line":141}},"s":{"0":2,"1":2,"2":36,"3":36,"4":36,"5":36,"6":14,"7":14,"8":14,"9":14,"10":14,"11":14,"12":14,"13":14,"14":14,"15":0,"16":0,"17":0,"18":14,"19":45,"20":13,"21":13,"22":45,"23":2,"24":2,"25":2,"
[...]
:78}}],"line":369},"52":{"loc":{"start":{"line":371,"column":4},"end":{"line":373,"column":5}},"type":"if","locations":[{"start":{"line":371,"column":4},"end":{"line":373,"column":5}},{"start":{},"end":{}}],"line":371},"53":{"loc":{"start":{"line":371,"column":8},"end":{"line":371,"column":81}},"type":"binary-expr","locations":[{"start":{"line":371,"column":8},"end":{"line":371,"column":14}},{"start":{"line":371,"column":19},"end":{"line":371,"column":50}},{"start":{"line":371,"column":54},"end":{"line":371,"column":80}}],"line":371},"54":{"loc":{"start":{"line":375,"column":4},"end":{"line":377,"column":5}},"type":"if","locations":[{"start":{"line":375,"column":4},"end":{"line":377,"column":5}},{"start":{},"end":{}}],"line":375},"55":{"loc":{"start":{"line":380,"column":19},"end":{"line":380,"column":90}},"type":"binary-expr","locations":[{"start":{"line":380,"column":19},"end":{"line":380,"column":47}},{"start":{"line":380,"column":51},"end":{"line":380,"column":90}}],"line":380},"56":{"loc":{"start":{"line":383,"column":4},"end":{"line":386,"column":5}},"type":"if","locations":[{"start":{"line":383,"column":4},"end":{"line":386,"column":5}},{"start":{},"end":{}}],"line":383}},"s":{"0":15,"1":5,"2":10,"3":10,"4":10,"5":2,"6":10,"7":10,"8":10,"9":10,"10":10,"11":10,"12":6,"13":3,"14":3,"15":4,"16":1,"17":3,"18":7,"19":2,"20":5,"21":5,"22":5,"23":2,"24":0,"25":2,"26":8,"27":2,"28":6,"29":3,"30":3,"31":3,"32":3,"33":3,"34":0,"35":3,"36":3,"37":1,"38":2,"39":4,"40":4,"41":1,"42":3,"43":127,"44":1,"45":126,"46":3,"47":0,"48":3,"49":3,"50":3,"51":3,"52":136,"53":3,"54":133,"55":133,"56":4,"57":1,"58":3,"59":3,"60":2,"61":2,"62":2,"63":2,"64":2,"65":1,"66":5,"67":5,"68":5,"69":5,"70":0,"71":0,"72":5,"73":1,"74":5,"75":0,"76":0,"77":5,"78":1,"79":1,"80":0,"81":1,"82":1,"83":1,"84":0,"85":1,"86":0,"87":0,"88":0,"89":0,"90":0,"91":0,"92":0,"93":0,"94":3,"95":5,"96":5,"97":5,"98":21,"99":1,"100":1,"101":5,"102":2,"103":1,"104":1,"105":1,"106":8,"107":123,"108":107,"109":16,"110":1,"111":16,"112":16,"113":16,"114":0,"115":0,"116":16,"117":16,"118":16,"119":8},"f":{"0":15,"1":6,"2":4,"3":7,"4":2,"5":8,"6":3,"7":3,"8":4,"9":127,"10":3,"11":136,"12":4,"13":5,"14":2,"15":8,"16":123},"b":{"0":[10],"1":[5,10],"2":[15,11],"3":[2,8],"4":[3,3],"5":[6,4],"6":[1,3],"7":[4,3],"8":[2,5],"9":[7,6],"10":[4,1],"11":[0,2],"12":[2,2],"13":[2,6],"14":[8,7],"15":[3,3],"16":[1,2],"17":[0,3],"18":[3,3],"19":[1,2],"20":[3,2],"21":[1],"22":[1],"23":[1,3],"24":[1,126],"25":[127,126],"26":[0,3],"27":[3,3],"28":[3,133],"29":[136,133],"30":[1,3],"31":[4,3],"32":[2,0],"33":[2,2],"34":[0],"35":[3],"36":[4],"37":[4],"38":[2],"39":[0,5],"40":[1,4],"41":[0,5],"42":[1,1,0,0,0,0,3],"43":[0,1],"44":[0,1],"45":[5,0],"46":[1,20],"47":[1,1],"48":[2,1],"49":[0],"50":[0],"51":[107],"52":[107,16],"53":[123,107,0],"54":[1,15],"55":[16,2],"56":[0,16]},"_coverageSchema":"1a1c01bbd47fc00a2c39e90264f33305004495a9","hash":"60511a6d62ed03326ea56481927a34ef734cf02b"}
,"/home/senarokalie/Desktop/chatbot/src/utils/ValidationHelpers.js": {"path":"/home/senarokalie/Desktop/chatbot/src/utils/ValidationHelpers.js","statementMap":{"0":{"start":{"line":14,"column":4},"end":{"line":16,"column":5}},"1":{"start":{"line":15,"column":6},"end":{"line":15,"column":19}},"2":{"start":{"line":17,"column":23},"end":{"line":17,"column":51}},"3":{"start":{"line":18,"column":4},"end":{"line":18,"column":34}},"4":{"start":{"line":27,"column":4},"end":{"line":29,"column":5}},"5":{"start":{"line":28,"column":6},"end":{"line":28,"column":19}},"6":{"start":{"line":31,"column":4},"end":{"line":31,"column":37}},"7":{"start":{"line":40,"column":4},"end":{"line":42,"column":5}},"8":{"start":{"line":41,"column":6},"end":{"line":41,"column":19}},"9":{"start":{"line":44,"column":4},"end":{"line":44,"column":42}},"10":{"start":{"line":54,"column":16},"end":{"line":54,"column":29}},"11":{"start":{"line":55,"column":4},"end":{"line":55,"column":59}},"12":{"start":{"line":64,"column":16},"end":{"line":64,"column":33}},"13":{"start":{"line":65,"column":4},"end":{"line":65,"column":34}},"14":{"start":{"line":74,"column":16},"end":{"line":74,"column":32}},"15":{"start":{"line":75,"column":4},"end":{"line":75,"column":47}},"16":{"start":{"line":84,"column":4},"end":{"line":86,"column":5}},"17":{"start":{"line":85,"column":6},"end":{"line":85,"column":19}},"18":{"start":{"line":87,"column":17},"end":{"line":87,"column":37}},"19":{"start":{"line":88,"column":4},"end":{"line":88,"column":48}},"20":{"start":{"line":99,"column":4},"end":{"line":101,"column":5}},"21":{"start":{"line":100,"column":6},"end":{"line":100,"column":19}},"22":{"start":{"line":102,"column":4},"end":{"line":102,"column":62}},"23":{"start":{"line":111,"column":4},"end":{"line":113,"column":5}},"24":{"start":{"line":112,"column":6},"end":{"line":112,"column":16}},"25":{"start":{"line":115,"column":4},"end":{"line":115,"column":41}},"26":{"start":{"line":124,"column":4},"end":{"line":126,"column":5}},"27":{"start":{"line":125,"column":6},"end":{"line":125,"column":19}},"28":{"start":{"line":127,"column":4},"end":{"line":127,"column":57}},"29":{"start":{"line":137,"column":4},"end":{"line":139,"column":5}},"30":{"start":{"line":138,"column":6},"end":{"line":138,"column":39}},"31":{"start":{"line":140,"column":18},"end":{"line":140,"column":45}},"32":{"start":{"line":141,"column":4},"end":{"line":144,"column":6}},"33":{"start":{"line":153,"column":4},"end":{"line":155,"column":5}},"34":{"start":{"line":154,"column":6},"end":{"line":154,"column":19}},"35":{"start":{"line":157,"column":4},"end":{"line":157,"column":42}},"36":{"start":{"line":166,"column":16},"end":{"line":166,"column":36}},"37":{"start":{"line":167,"column":4},"end":{"line":167,"column":48}},"38":{"start":{"line":176,"column":4},"end":{"line":178,"column":5}},"39":{"start":{"line":177,"column":6},"end":{"line":177,"column":19}},"40":{"start":{"line":180,"column":4},"end":{"line":180,"column":48}},"41":{"start":{"line":189,"column":4},"end":{"line":191,"column":5}},"42":{"start":{"line":190,"column":6},"end":{"line":190,"column":19}},"43":{"start":{"line":193,"column":4},"end":{"line":193,"column":49}},"44":{"start":{"line":202,"column":4},"end":{"line":202,"column":70}},"45":{"start":{"line":211,"column":4},"end":{"line":211,"column":49}},"46":{"start":{"line":221,"column":4},"end":{"line":225,"column":5}},"47":{"start":{"line":222,"column":6},"end":{"line":222,"column":36}},"48":{"start":{"line":224,"column":6},"end":{"line":224,"column":26}},"49":{"start":{"line":234,"column":4},"end":{"line":236,"column":5}},"50":{"start":{"line":235,"column":6},"end":{"line":235,"column":19}},"51":{"start":{"line":237,"column":4},"end":{"line":242,"column":5}},"52":{"start":{"line":238,"column":6},"end":{"line":238,"column":19}},"53":{"start":{"line":239,"column":6},"end":{"line":239,"column":18}},"54":{"start":{"line":241,"column":6},"end":{"line":241,"column":19}},"55":{"start":{"line":246,"column":0},"end":{"line":246,"column":35}}},"fnMap":{"0":{"name":"(anonymous_0)","decl":{"start":{"line":13,"column":2},"end":{"line":13,"column":3}},"loc":{"start":{"line":13,"column":29},"end":{"line":19,"column":3}},"line":13},"1":{"name":"(anonymous_1)","decl":{"start":{"line":26,"column":2},"end":{"line":26,"column":3}},"loc":{"start":{"line":26,"column":35},"end":{"line":32,"column":3}},"line":26},"2":{"name":"(anonymous_2)","decl":{"start":{"line":39,"column":2},"end":{"line":39,"column":3}},"loc":{"start":{"line":39,"column":37},"end":{"line":45,"column":3}},"line":39},"3":{"name":"(anonymous_3)","decl":{"start":{"line":53,"column":2},"end":{"line":53,"column":3}},"loc":{"start":{"line":53,"column":34},"end":{"line":56,"column":3}},"line":53},"4":{"name":"(anonymous_4)","decl":{"start":{"line":63,"column":2},"end":{"line":63,"column":3}},"loc":{"start":{"line":63,"column":33},"end":{"line":66,"column":3}},"line":63},"5":{"name":"(anonymous_5)","decl":{"start":{"line":73,"column":2},"end":{"line":73,"column":3}},"loc":{"start":{"line":73,"column":31},"end":{"line":76,"column":3}},"line":73},"6":{"name":"(anonymous_6)","decl":{"start":{"line":83,"column":2},"end":{"line":83,"column":3}},"loc":{"start":{"line":83,"column":33},"end":{"line":89,"column":3}},"line":83},"7":{"name":"(anonymous_7)","decl":{"start":{"line":98,"column":2},"end":{"line":98,"column":3}},"loc":{"start":{"line":98,"column":61},"end":{"line":103,"column":3}},"line":98},"8":{"name":"(anonymous_8)","decl":{"start":{"line":110,"column":2},"end":{"line":110,"column":3}},"loc":{"start":{"line":110,"column":29},"end":{"line":116,"column":3}},"line":110},"9":{"name":"(anonymous_9)","decl":{"start":{"line":123,"column":2},"end":{"line":123,"column":3}},"loc":{"start":{"line":123,"column":33},"end":{"line":128,"column":3}},"line":123},"10":{"name":"(anonymous_10)","decl":{"start":{"line":136,"column":2},"end":{"line":136,"column":3}},"loc":{"start":{"line":136,"column":31},"end":{"line":145,"column":3}},"line":136},"11":{"name":"(anonymous_11)","decl":{"start":{"line":152,"column":2},"end":{"line":152,"column":3}},"loc":{"start":{"line":152,"column":32},"end":{"line":158,"column":3}},"line":152},"12":{"name":"(anonymous_12)","decl":{"start":{"line":165,"column":2},"end":{"line":165,"column":3}},"loc":{"start":{"line":165,"column":35},"end":{"line":168,"column":3}},"line":165},"13":{"name":"(anonymous_13)","decl":{"start":{"line":175,"column":2},"end":{"line":175,"column":3}},"loc":{"start":{"line":175,"column":33},"end":{"line":181,"column":3}},"line":175},"14":{"name":"(anonymous_14)","decl":{"start":{"line":188,"column":2},"end":{"line":188,"column":3}},"loc":{"start":{"line":188,"column":35},"end":{"line":194,"column":3}},"line":188},"15":{"name":"(anonymous_15)","decl":{"start":{"line":201,"column":2},"end":{"line":201,"column":3}},"loc":{"start":{"line":201,"column":22},"end":{"line":203,"column":3}},"line":201},"16":{"name":"(anonymous_16)","decl":{"start":{"line":210,"column":2},"end":{"line":210,"column":3}},"loc":{"start":{"line":210,"column":34},"end":{"line":212,"column":3}},"line":210},"17":{"name":"(anonymous_17)","decl":{"start":{"line":220,"column":2},"end":{"line":220,"column":3}},"loc":{"start":{"line":220,"column":56},"end":{"line":226,"column":3}},"line":220},"18":{"name":"(anonymous_18)","decl":{"start":{"line":233,"column":2},"end":{"line":233,"column":3}},"loc":{"start":{"line":233,"column":25},"end":{"line":243,"column":3}},"line":233}},"branchMap":{"0":{"loc":{"start":{"line":14,"column":4},"end":{"line":16,"column":5}},"type":"if","locations":[{"start":{"line":14,"column":4},"end":{"line":16,"column":5}},{"start":{},"end":{}}],"line":14},"1":{"loc":{"start":{"line":14,"column":8},"end":{"line":14,"column":43}},"type":"binary-expr","locations":[{"start":{"line":14,"column":8},"end":{"line":14,"column":14}},{"start":{"line":14,"column":18},"end":{"line":14,"column":43}}],"line":14},"2":{"loc":{"start":{"line":27,"column":4},"end":{"line":29,"column":5}},"type":"if","locations":[{"start":{"line":27,"column":4},"end":{"line":29,"column":5}},{"start":{},"end":{}}],"line":27},"3":{"loc":{"start":{"line":27,"column":8},"end":{"line":27,"column":43}},"type":"binary-expr","locations":[{"start":{"line":27,"column":8},"end":{"line":27,"column":14}},{"start":{"line":27,"column":18},"end":{"line":27,"column":43}}],"line":27},"4":{"loc":{"start":{"line":40,"column":4},"end":{"line":42,"column":5}},"type":"if","locations":[{"start":{"line":40,"column":4},"end":{"line":42,"column":5}},{"start":{},"end":{}}],"line":40},"5":{"loc":{"start":{"line":40,"column":8},"end":{"line":40,"column":51}},"type":"binary-expr","locations":[{"start":{"line":40,"column":8},"end":{"line":40,"column":18}},{"start":{"line":40,"column":22},"end":{"line":40,"column":51}}],"line":40},"6":{"loc":{"start":{"line":55,"column":11},"end":{"line":55,"column":58}},"type":"binary-expr","locations":[{"start":{"line":55,"column":11},"end":{"line":55,"column":22}},{"start":{"line":55,"column":26},"end":{"line":55,"column":33}},{"start":{"line":55,"column":37},"end":{"line":55,"column":58}}],"line":55},"7":{"loc":{"start":{"line":65,"column":11},"end":{"line":65,"column":33}},"type":"binary-expr","locations":[{"start":{"line":65,"column":11},"end":{"line":65,"column":22}},{"start":{"line":65,"column":26},"end":{"line":65,"column":33}}],"line":65},"8":{"loc":{"start":{"line":75,"column":11},"end":{"line":75,"column":46}},"type":"binary-expr","locations":[{"start":{"line":75,"column":11},"end":{"line":75,"column":22}},{"start":{"line":75,"column":26},"end":{"line":75,"column":34}},{"start":{"line":75,"column":38},"end":{"line":75,"column":46}}],"line":75},"9":{"loc":{"start":{"line":84,"column":4},"end":{"line":86,"column":5}},"type":"if","locations":[{"start":{"line":84,"column":4},"end":{"line":86,"column":5}},{"start":{},"end":{}}],"line":84},"10":{"loc":{"start":{"line":84,"column":8},"end":{"line":84,"column":53}},"type":"binary-expr","locations":[{"start":{"line":84,"column":8},"end":{"line":84,"column":19}},{"start":{"line":84,"column":23},"end":{"line":84,"column":53}}],"line":84},"11":{"loc":{"start":{"line":88,"column":11},"end":{"line":88,"column":47}},"type":"binary-expr","locations":[{"start":{"line":88,"column":11},"end":{"line":88,"column":31}},{"start":{"line":88,"column":35},"end":{"line":88,"column":47}}],"line":88},"12":{"loc":{"start":{"line":98,"column":28},"end":{"line":98,"column":41}},"type":"default-arg","locations":[{"start":{"line":98,"column":40},"end":{"line":98,"column":41}}],"line":98},"13":{"loc":{"start":{"line":98,"column":43},"end":{"line":98,"column":59}},"type":"default-arg","locations":[{"start":{"line":98,"column":55},"end":{"line":98,"column":59}}],"line":98},"14":{"loc":{"start":{"line":99,"column":4},"end":{"line":101,"column":5}},"type":"if","locations":[{"start":{"line":99,"column":4},"end":{"line":101,"column":5}},{"start":{},"end":{}}],"line":99},"15":{"loc":{"start":{"line":99,"column":8},"end":{"line":99,"column":39}},"type":"binary-expr","locations":[{"start":{"line":99,"column":8},"end":{"line":99,"column":12}},{"start":{"line":99,"column":16},"end":{"line":99,"column":39}}],"line":99},"16":{"loc":{"start":{"line":102,"column":11},"end":{"line":102,"column":61}},"type":"binary-expr","locations":[{"start":{"line":102,"column":11},"end":{"line":102,"column":34}},{"start":{"line":102,"column":38},"end":{"line":102,"column":61}}],"line":102},"17":{"loc":{"start":{"line":111,"column":4},"end":{"line":113,"column":5}},"type":"if","locations":[{"start":{"line":111,"column":4},"end":{"line":113,"column":5}},{"start":{},"end":{}}],"line":111},"18":{"loc":{"start":{"line":111,"column":8},"end":{"line":111,"column":39}},"type":"binary-expr","locations":[{"start":{"line":111,"column":8},"end":{"line":111,"column":12}},{"start":{"line":111,"column":16},"end":{"line":111,"column":39}}],"line":111},"19":{"loc":{"start":{"line":124,"column":4},"end":{"line":126,"column":5}},"type":"if","locations":[{"start":{"line":124,"column":4},"end":{"line":126,"column":5}},{"start":{},"end":{}}],"line":124},"20":{"loc":{"start":{"line":124,"column":8},"end":{"line":124,"column":47}},"type":"binary-expr","locations":[{"start":{"line":124,"column":8},"end":{"line":124,"column":16}},{"start":{"line":124,"column":20},"end":{"line":124,"column":47}}],"line":124},"21":{"loc":{"start":{"line":127,"column":11},"end":{"line":127,"column":56}},"type":"binary-expr","locations":[{"start":{"line":127,"column":11},"end":{"line":127,"column":34}},{"start":{"line":127,"column":38},"end":{"line":127,"column":56}}],"line":127},"22":{"loc":{"start":{"line":137,"column":4},"end":{"line":139,"column":5}},"type":"if","locations":[{"start":{"line":137,"column":4},"end":{"line":139,"column":5}},{"start":{},"end":{}}],"line":137},"23":{"loc":{"start":{"line":137,"column":8},"end":{"line":137,"column":47}},"type":"binary-expr","locations":[{"start":{"line":137,"column":8},"end":{"line":137,"column":16}},{"start":{"line":137,"column":20},"end":{"line":137,"column":47}}],"line":137},"24":{"loc":{"start":{"line":153,"column":4},"end":{"line":155,"column":5}},"type":"if","locations":[{"start":{"line":153,"column":4},"end":{"line":155,"column":5}},{"start":{},"end":{}}],"line":153},"25":{"loc":{"start":{"line":153,"column":8},"end":{"line":153,"column":41}},"type":"binary-expr","locations":[{"start":{"line":153,"column":8},"end":{"line":153,"column":13}},{"start":{"line":153,"column":17},"end":{"line":153,"column":41}}],"line":153},"26":{"loc":{"start":{"line":167,"column":11},"end":{"line":167,"column":47}},"type":"binary-expr","locations":[{"start":{"line":167,"column":11},"end":{"line":167,"column":22}},{"start":{"line":167,"column":26},"end":{"line":167,"column":33}},{"start":{"line":167,"column":37},"end":{"line":167,"column":47}}],"line":167},"27":{"loc":{"start":{"line":176,"column":4},"end":{"line":178,"column":5}},"type":"if","locations":[{"start":{"line":176,"column":4},"end":{"line":178,"column":5}},{"start":{},"end":{}}],"line":176},"28":{"loc":{"start":{"line":176,"column":8},"end":{"line":176,"column":47}},"type":"binary-expr","locations":[{"start":{"line":176,"column":8},"end":{"line":176,"column":16}},{"start":{"line":176,"column":20},"end":{"line":176,"column":47}}],"line":176},"29":{"loc":{"start":{"line":189,"column":4},"end":{"line":191,"column":5}},"type":"if","locations":[{"start":{"line":189,"column":4},"end":{"line":191,"column":5}},{"start":{},"end":{}}],"line":189},"30":{"loc":{"start":{"line":189,"column":8},"end":{"line":189,"column":49}},"type":"binary-expr","locations":[{"start":{"line":189,"column":8},"end":{"line":189,"column":17}},{"start":{"line":189,"column":21},"end":{"line":189,"column":49}}],"line":189},"31":{"loc":{"start":{"line":202,"column":11},"end":{"line":202,"column":69}},"type":"binary-expr","locations":[{"start":{"line":202,"column":11},"end":{"line":202,"column":15}},{"start":{"line":202,"column":19},"end":{"line":202,"column":42}},{"start":{"line":202,"column":46},"end":{"line":202,"column":69}}],"line":202},"32":{"loc":{"start":{"line":211,"column":11},"end":{"line":211,"column":48}},"type":"binary-expr","locations":[{"start":{"line":211,"column":11},"end":{"line":211,"column":25}},{"start":{"line":211,"column":29},"end":{"line":211,"column":48}}],"line":211},"33":{"loc":{"start":{"line":220,"column":35},"end":{"line":220,"column":54}},"type":"default-arg","locations":[{"start":{"line":220,"column":50},"end":{"line":220,"column":54}}],"line":220},"34":{"loc":{"start":{"line":234,"column":4},"end":{"line":236,"column":5}},"type":"if","locations":[{"start":{"line":234,"column":4},"end":{"line":236,"column":5}},{"start":{},"end":{}}],"line":234},"35":{"loc":{"start":{"line":234,"column":8},"end":{"line":234,"column":39}},"type":"binary-expr","locations":[{"start":{"line":234,"column":8},"end":{"line":234,"column":12}},{"start":{"line":234,"column":16},"end":{"line":234,"column":39}}],"line":234}},"s":{"0":14,"1":6,"2":8,"3":8,"4":12,"5":5,"6":7,"7":12,"8":4,"9":8,"10":23,"11":23,"12":0,"13":0,"14":10,"15":10,"16":0,"17":0,"18":0,"19":0,"20":0,"21":0,"22":0,"23":9,"24":4,"25":5,"26":0,"27":0,"28":0,"29":5,"30":0,"31":5,"32":5,"33":11,"34":4,"35":7,"36":12,"37":12,"38":11,"39":4,"40":7,"41":0,"42":0,"43":0,"44":0,"45":0,"46":0,"47":0,"48":0,"49":0,"50":0,"51":0,"52":0,"53":0,"54":0,"55":1},"f":{"0":14,"1":12,"2":12,"3":23,"4":0,"5":10,"6":0,"7":0,"8":9,"9":0,"10":5,"11":11,"12":12,"13":11,"14":0,"15":0,"16":0,"17":0,"18":0},"b":{"0":[6,8],"1":[14,10],"2":[5,7],"3":[12,8],"4":[4,8],"5":[12,9],"6":[23,19,11],"7":[0,0],"8":[10,7,5],"9":[0,0],"10":[0,0],"11":[0,0],"12":[0],"13":[0],"14":[0,0],"15":[0,0],"16":[0,0],"17":[4,5],"18":[9,7],"19":[0,0],"20":[0,0],"21":[0,0],"22":[0,5],"23":[5,5],"24":[4,7],"25":[11,8],"26":[12,9,7],"27":[4,7],"28":[11,8],"29":[0,0],"30":[0,0],"31":[0,0,0],"32":[0,0],"33":[0],"34":[0,0],"35":[0,0]},"_coverageSchema":"1a1c01bbd47fc00a2c39e90264f33305004495a9","hash":"7f8df27ee3e4fd0636072e5262dd6e5acf5d6d4e"}
}
