TN:
SF:chatbotLogic.js
FN:16,(anonymous_0)
FN:45,(anonymous_1)
FN:113,(anonymous_2)
FN:117,(anonymous_3)
FN:127,(anonymous_4)
FNF:5
FNH:5
FNDA:43,(anonymous_0)
FNDA:32,(anonymous_1)
FNDA:3,(anonymous_2)
FNDA:4,(anonymous_3)
FNDA:3,(anonymous_4)
DA:6,1
DA:7,1
DA:8,1
DA:9,1
DA:10,1
DA:11,1
DA:12,1
DA:13,1
DA:17,43
DA:18,43
DA:19,43
DA:22,43
DA:23,43
DA:24,43
DA:25,43
DA:32,43
DA:47,32
DA:48,32
DA:49,3
DA:55,3
DA:59,29
DA:60,29
DA:61,2
DA:65,27
DA:66,27
DA:67,5
DA:70,5
DA:73,22
DA:75,22
DA:78,22
DA:82,22
DA:83,22
DA:84,22
DA:87,22
DA:93,15
DA:95,15
DA:97,7
DA:102,7
DA:114,3
DA:115,3
DA:117,4
DA:128,3
DA:136,1
LF:43
LH:43
BRDA:48,0,0,3
BRDA:48,0,1,29
BRDA:60,1,0,2
BRDA:60,1,1,27
BRDA:66,2,0,5
BRDA:66,2,1,22
BRDA:78,3,0,2
BRDA:78,3,1,20
BRF:8
BRH:8
end_of_record
TN:
SF:config.js
FN:59,getAllProducts
FN:63,getProductById
FN:67,formatProductList
FN:72,isInStock
FN:76,setStock
FN:103,decrementStock
FN:107,addProduct
FN:111,editProduct
FN:115,removeProduct
FN:120,updateSetting
FN:177,getAllSettings
FN:185,initializeStockManager
FN:197,(anonymous_12)
FN:198,(anonymous_13)
FN:213,getStock
FN:221,getAllProductsWithStock
FN:230,syncStockFromConfig
FN:239,resetAllStock
FN:248,syncStockFromFolder
FNF:19
FNH:5
FNDA:40,getAllProducts
FNDA:32,getProductById
FNDA:5,formatProductList
FNDA:2,isInStock
FNDA:7,setStock
FNDA:0,decrementStock
FNDA:0,addProduct
FNDA:0,editProduct
FNDA:0,removeProduct
FNDA:0,updateSetting
FNDA:0,getAllSettings
FNDA:0,initializeStockManager
FNDA:0,(anonymous_12)
FNDA:0,(anonymous_13)
FNDA:0,getStock
FNDA:0,getAllProductsWithStock
FNDA:0,syncStockFromConfig
FNDA:0,resetAllStock
FNDA:0,syncStockFromFolder
DA:7,7
DA:8,7
DA:9,7
DA:10,7
DA:11,7
DA:14,7
DA:15,7
DA:18,7
DA:54,7
DA:55,7
DA:56,7
DA:60,40
DA:64,32
DA:69,5
DA:73,2
DA:77,7
DA:78,7
DA:79,1
DA:85,6
DA:86,6
DA:88,6
DA:89,0
DA:97,6
DA:104,0
DA:108,0
DA:112,0
DA:116,0
DA:121,0
DA:136,0
DA:137,0
DA:144,0
DA:152,0
DA:153,0
DA:160,0
DA:163,0
DA:165,0
DA:178,0
DA:186,0
DA:189,0
DA:190,0
DA:192,0
DA:193,0
DA:194,0
DA:195,0
DA:196,0
DA:197,0
DA:199,0
DA:203,0
DA:204,0
DA:214,0
DA:222,0
DA:231,0
DA:240,0
DA:249,0
DA:252,7
LF:55
LH:23
BRDA:67,0,0,4
BRDA:76,1,0,1
BRDA:78,2,0,1
BRDA:78,2,1,6
BRDA:88,3,0,0
BRDA:88,3,1,6
BRDA:103,4,0,0
BRDA:103,5,0,0
BRDA:136,6,0,0
BRDA:136,6,1,0
BRDA:144,7,0,0
BRDA:144,7,1,0
BRDA:153,8,0,0
BRDA:153,8,1,0
BRDA:160,9,0,0
BRDA:160,9,1,0
BRDA:192,10,0,0
BRDA:192,10,1,0
BRDA:194,11,0,0
BRDA:194,11,1,0
BRDA:230,12,0,0
BRDA:239,13,0,0
BRF:22
BRH:5
end_of_record
TN:
SF:eslint.config.js
FNF:0
FNH:0
DA:1,0
LF:1
LH:0
BRF:0
BRH:0
end_of_record
TN:
SF:index.js
FN:62,(anonymous_0)
FN:79,(anonymous_1)
FN:105,(anonymous_2)
FN:115,(anonymous_3)
FN:134,(anonymous_4)
FN:162,(anonymous_5)
FN:168,(anonymous_6)
FN:175,(anonymous_7)
FN:180,(anonymous_8)
FN:185,(anonymous_9)
FN:190,(anonymous_10)
FN:196,(anonymous_11)
FN:201,(anonymous_12)
FN:228,(anonymous_13)
FN:229,(anonymous_14)
FNF:15
FNH:0
FNDA:0,(anonymous_0)
FNDA:0,(anonymous_1)
FNDA:0,(anonymous_2)
FNDA:0,(anonymous_3)
FNDA:0,(anonymous_4)
FNDA:0,(anonymous_5)
FNDA:0,(anonymous_6)
FNDA:0,(anonymous_7)
FNDA:0,(anonymous_8)
FNDA:0,(anonymous_9)
FNDA:0,(anonymous_10)
FNDA:0,(anonymous_11)
FNDA:0,(anonymous_12)
FNDA:0,(anonymous_13)
FNDA:0,(anonymous_14)
DA:6,0
DA:8,0
DA:9,0
DA:10,0
DA:11,0
DA:12,0
DA:13,0
DA:14,0
DA:15,0
DA:18,0
DA:19,0
DA:22,0
DA:23,0
DA:26,0
DA:47,0
DA:48,0
DA:56,0
DA:59,0
DA:62,0
DA:63,0
DA:64,0
DA:65,0
DA:68,0
DA:69,0
DA:72,0
DA:75,0
DA:76,0
DA:79,0
DA:80,0
DA:81,0
DA:84,0
DA:85,0
DA:86,0
DA:88,0
DA:89,0
DA:90,0
DA:93,0
DA:94,0
DA:96,0
DA:97,0
DA:100,0
DA:105,0
DA:106,0
DA:107,0
DA:108,0
DA:109,0
DA:110,0
DA:111,0
DA:115,0
DA:116,0
DA:117,0
DA:118,0
DA:119,0
DA:120,0
DA:121,0
DA:122,0
DA:123,0
DA:124,0
DA:125,0
DA:126,0
DA:127,0
DA:134,0
DA:135,0
DA:136,0
DA:137,0
DA:138,0
DA:139,0
DA:140,0
DA:143,0
DA:144,0
DA:149,0
DA:151,0
DA:155,0
DA:156,0
DA:159,0
DA:162,0
DA:163,0
DA:164,0
DA:168,0
DA:169,0
DA:170,0
DA:175,0
DA:176,0
DA:180,0
DA:181,0
DA:185,0
DA:186,0
DA:190,0
DA:191,0
DA:192,0
DA:196,0
DA:197,0
DA:201,0
DA:202,0
DA:205,0
DA:206,0
DA:207,0
DA:211,0
DA:212,0
DA:216,0
DA:219,0
DA:222,0
DA:224,0
DA:225,0
DA:228,0
DA:229,0
DA:232,0
DA:233,0
DA:234,0
DA:235,0
DA:236,0
DA:237,0
DA:238,0
DA:239,0
DA:241,0
DA:243,0
LF:116
LH:0
BRDA:23,0,0,0
BRDA:23,0,1,0
BRDA:47,1,0,0
BRDA:47,1,1,0
BRDA:47,2,0,0
BRDA:47,2,1,0
BRDA:93,3,0,0
BRDA:93,3,1,0
BRDA:96,4,0,0
BRDA:96,4,1,0
BRDA:143,5,0,0
BRDA:143,5,1,0
BRDA:205,6,0,0
BRDA:205,6,1,0
BRDA:211,7,0,0
BRDA:211,7,1,0
BRDA:237,8,0,0
BRDA:237,8,1,0
BRDA:237,9,0,0
BRDA:237,9,1,0
BRF:20
BRH:0
end_of_record
TN:
SF:sessionManager.js
FN:9,(anonymous_0)
FN:23,(anonymous_1)
FN:46,(anonymous_2)
FN:55,(anonymous_3)
FN:121,(anonymous_4)
FN:141,(anonymous_5)
FN:158,(anonymous_6)
FN:168,(anonymous_7)
FN:179,(anonymous_8)
FN:190,(anonymous_9)
FN:201,(anonymous_10)
FN:212,(anonymous_11)
FN:224,(anonymous_12)
FN:234,(anonymous_13)
FN:247,(anonymous_14)
FN:260,(anonymous_15)
FN:270,(anonymous_16)
FN:284,(anonymous_17)
FN:295,(anonymous_18)
FN:305,(anonymous_19)
FN:342,(anonymous_20)
FN:354,(anonymous_21)
FN:365,(anonymous_22)
FN:382,(anonymous_23)
FN:393,(anonymous_24)
FN:427,(anonymous_25)
FN:466,(anonymous_26)
FN:495,(anonymous_27)
FN:515,(anonymous_28)
FNF:29
FNH:27
FNDA:104,(anonymous_0)
FNDA:0,(anonymous_1)
FNDA:4,(anonymous_2)
FNDA:318,(anonymous_3)
FNDA:135,(anonymous_4)
FNDA:135,(anonymous_5)
FNDA:28,(anonymous_6)
FNDA:1,(anonymous_7)
FNDA:54,(anonymous_8)
FNDA:75,(anonymous_9)
FNDA:66,(anonymous_10)
FNDA:18,(anonymous_11)
FNDA:7,(anonymous_12)
FNDA:4,(anonymous_13)
FNDA:1,(anonymous_14)
FNDA:1,(anonymous_15)
FNDA:2,(anonymous_16)
FNDA:1,(anonymous_17)
FNDA:1,(anonymous_18)
FNDA:4,(anonymous_19)
FNDA:7,(anonymous_20)
FNDA:7,(anonymous_21)
FNDA:5,(anonymous_22)
FNDA:0,(anonymous_23)
FNDA:3,(anonymous_24)
FNDA:3,(anonymous_25)
FNDA:120,(anonymous_26)
FNDA:3,(anonymous_27)
FNDA:3,(anonymous_28)
DA:6,5
DA:10,104
DA:11,104
DA:12,104
DA:15,104
DA:16,104
DA:17,104
DA:24,0
DA:25,0
DA:26,0
DA:28,0
DA:29,0
DA:31,0
DA:36,0
DA:37,0
DA:47,4
DA:57,318
DA:58,0
DA:59,0
DA:60,0
DA:62,0
DA:63,0
DA:64,0
DA:67,0
DA:69,0
DA:72,0
DA:78,318
DA:79,88
DA:96,88
DA:99,88
DA:100,0
DA:101,0
DA:103,0
DA:107,88
DA:111,230
DA:112,230
DA:113,230
DA:122,135
DA:123,135
DA:126,0
DA:127,0
DA:128,0
DA:132,0
DA:142,135
DA:144,135
DA:147,135
DA:150,135
DA:159,28
DA:160,28
DA:161,28
DA:169,1
DA:170,1
DA:171,1
DA:180,54
DA:182,54
DA:191,75
DA:192,75
DA:193,75
DA:202,66
DA:203,66
DA:213,18
DA:214,18
DA:215,18
DA:225,7
DA:226,7
DA:235,4
DA:236,4
DA:237,4
DA:248,1
DA:249,1
DA:250,1
DA:251,1
DA:252,1
DA:261,1
DA:262,1
DA:271,2
DA:272,2
DA:285,1
DA:286,1
DA:287,1
DA:296,1
DA:297,1
DA:307,4
DA:308,0
DA:309,0
DA:310,0
DA:312,0
DA:313,0
DA:314,0
DA:315,0
DA:316,0
DA:317,0
DA:322,0
DA:328,4
DA:329,4
DA:330,3
DA:333,1
DA:343,7
DA:344,7
DA:345,7
DA:346,7
DA:355,7
DA:356,7
DA:366,5
DA:369,5
DA:370,7
DA:371,4
DA:376,5
DA:383,0
DA:384,0
DA:394,3
DA:395,0
DA:397,0
DA:398,0
DA:399,0
DA:400,0
DA:402,0
DA:406,0
DA:407,0
DA:409,0
DA:412,0
DA:416,0
DA:419,3
DA:428,3
DA:429,0
DA:431,0
DA:432,0
DA:433,0
DA:434,0
DA:435,0
DA:439,0
DA:440,0
DA:441,0
DA:443,0
DA:444,0
DA:445,0
DA:449,0
DA:451,0
DA:455,0
DA:458,3
DA:467,120
DA:468,120
DA:470,120
DA:472,13
DA:476,13
DA:479,107
DA:481,8
DA:485,99
DA:486,99
DA:487,99
DA:496,3
DA:497,3
DA:499,3
DA:500,1
DA:506,2
DA:516,3
DA:517,3
DA:518,5
DA:519,3
DA:525,5
LF:160
LH:98
BRDA:12,0,0,104
BRDA:12,0,1,104
BRDA:16,1,0,104
BRDA:16,1,1,104
BRDA:17,2,0,104
BRDA:17,2,1,104
BRDA:28,3,0,0
BRDA:28,3,1,0
BRDA:57,4,0,0
BRDA:57,4,1,318
BRDA:57,5,0,318
BRDA:57,5,1,0
BRDA:62,6,0,0
BRDA:62,6,1,0
BRDA:78,7,0,88
BRDA:78,7,1,230
BRDA:99,8,0,0
BRDA:99,8,1,88
BRDA:99,9,0,88
BRDA:99,9,1,0
BRDA:122,10,0,135
BRDA:122,10,1,0
BRDA:122,11,0,135
BRDA:122,11,1,0
BRDA:142,12,0,0
BRDA:142,12,1,135
BRDA:182,13,0,53
BRDA:182,13,1,1
BRDA:307,14,0,0
BRDA:307,14,1,4
BRDA:307,15,0,4
BRDA:307,15,1,0
BRDA:314,16,0,0
BRDA:314,16,1,0
BRDA:316,17,0,0
BRDA:316,17,1,0
BRDA:329,18,0,3
BRDA:329,18,1,1
BRDA:370,19,0,4
BRDA:370,19,1,3
BRDA:383,20,0,0
BRDA:383,20,1,0
BRDA:394,21,0,0
BRDA:394,21,1,3
BRDA:394,22,0,3
BRDA:394,22,1,0
BRDA:428,23,0,0
BRDA:428,23,1,3
BRDA:428,24,0,3
BRDA:428,24,1,0
BRDA:444,25,0,0
BRDA:444,25,1,0
BRDA:444,26,0,0
BRDA:444,26,1,0
BRDA:470,27,0,13
BRDA:470,27,1,107
BRDA:470,28,0,120
BRDA:470,28,1,107
BRDA:479,29,0,8
BRDA:479,29,1,99
BRDA:499,30,0,1
BRDA:499,30,1,2
BRDA:499,31,0,3
BRDA:499,31,1,2
BRDA:518,32,0,3
BRDA:518,32,1,2
BRF:66
BRH:39
end_of_record
TN:
SF:lib/SecureLogger.js
FN:10,(anonymous_0)
FN:36,(anonymous_1)
FN:45,(anonymous_2)
FN:51,(anonymous_3)
FN:77,(anonymous_4)
FN:115,(anonymous_5)
FN:132,(anonymous_6)
FN:143,(anonymous_7)
FN:154,(anonymous_8)
FN:165,(anonymous_9)
FN:176,(anonymous_10)
FN:191,(anonymous_11)
FN:199,(anonymous_12)
FN:211,(anonymous_13)
FN:223,(anonymous_14)
FN:235,(anonymous_15)
FN:247,(anonymous_16)
FN:258,(anonymous_17)
FN:265,(anonymous_18)
FN:269,(anonymous_19)
FN:273,(anonymous_20)
FN:277,(anonymous_21)
FN:281,(anonymous_22)
FN:285,(anonymous_23)
FN:289,(anonymous_24)
FN:293,(anonymous_25)
FN:297,(anonymous_26)
FN:301,(anonymous_27)
FN:305,(anonymous_28)
FNF:29
FNH:22
FNDA:49,(anonymous_0)
FNDA:33,(anonymous_1)
FNDA:34,(anonymous_2)
FNDA:1,(anonymous_3)
FNDA:31,(anonymous_4)
FNDA:26,(anonymous_5)
FNDA:5,(anonymous_6)
FNDA:15,(anonymous_7)
FNDA:2,(anonymous_8)
FNDA:3,(anonymous_9)
FNDA:3,(anonymous_10)
FNDA:1,(anonymous_11)
FNDA:1,(anonymous_12)
FNDA:1,(anonymous_13)
FNDA:1,(anonymous_14)
FNDA:1,(anonymous_15)
FNDA:1,(anonymous_16)
FNDA:7,(anonymous_17)
FNDA:1,(anonymous_18)
FNDA:2,(anonymous_19)
FNDA:1,(anonymous_20)
FNDA:1,(anonymous_21)
FNDA:0,(anonymous_22)
FNDA:0,(anonymous_23)
FNDA:0,(anonymous_24)
FNDA:0,(anonymous_25)
FNDA:0,(anonymous_26)
FNDA:0,(anonymous_27)
FNDA:0,(anonymous_28)
DA:6,1
DA:7,1
DA:11,49
DA:12,49
DA:13,49
DA:14,49
DA:15,49
DA:16,49
DA:19,49
DA:28,49
DA:29,1
DA:37,33
DA:38,33
DA:39,33
DA:46,34
DA:48,32
DA:51,32
DA:52,1
DA:53,1
DA:57,32
DA:60,32
DA:63,32
DA:66,32
DA:69,32
DA:71,32
DA:78,31
DA:81,31
DA:82,31
DA:86,31
DA:87,31
DA:91,31
DA:92,7
DA:96,31
DA:99,31
DA:100,4
DA:102,31
DA:103,4
DA:105,31
DA:106,1
DA:109,31
DA:116,26
DA:118,25
DA:119,25
DA:120,25
DA:122,25
DA:125,1
DA:133,5
DA:135,3
DA:136,3
DA:137,3
DA:144,15
DA:146,15
DA:147,15
DA:148,15
DA:155,2
DA:157,2
DA:158,2
DA:159,2
DA:166,3
DA:168,3
DA:169,3
DA:170,3
DA:178,3
DA:179,3
DA:181,3
DA:182,3
DA:183,3
DA:185,3
DA:192,1
DA:193,1
DA:200,1
DA:201,1
DA:212,1
DA:213,1
DA:224,1
DA:225,1
DA:236,1
DA:237,1
DA:248,1
DA:249,1
DA:259,7
DA:260,3
DA:262,7
DA:266,1
DA:270,2
DA:274,1
DA:278,1
DA:282,0
DA:286,0
DA:290,0
DA:294,0
DA:298,0
DA:302,0
DA:306,0
DA:310,1
LF:95
LH:88
BRDA:10,0,0,4
BRDA:11,1,0,49
BRDA:11,1,1,5
BRDA:11,1,2,5
BRDA:13,2,0,49
BRDA:13,2,1,49
BRDA:28,3,0,1
BRDA:28,3,1,48
BRDA:28,4,0,49
BRDA:28,4,1,48
BRDA:37,5,0,33
BRDA:37,5,1,23
BRDA:38,6,0,33
BRDA:38,6,1,7
BRDA:46,7,0,2
BRDA:46,7,1,32
BRDA:77,8,0,2
BRDA:81,9,0,31
BRDA:81,9,1,0
BRDA:86,10,0,31
BRDA:86,10,1,0
BRDA:91,11,0,7
BRDA:91,11,1,24
BRDA:99,12,0,4
BRDA:99,12,1,27
BRDA:102,13,0,4
BRDA:102,13,1,27
BRDA:105,14,0,1
BRDA:105,14,1,30
BRDA:106,15,0,1
BRDA:106,15,1,0
BRDA:116,16,0,1
BRDA:116,16,1,25
BRDA:132,17,0,4
BRDA:133,18,0,2
BRDA:133,18,1,3
BRDA:143,19,0,11
BRDA:144,20,0,0
BRDA:144,20,1,15
BRDA:154,21,0,2
BRDA:155,22,0,0
BRDA:155,22,1,2
BRDA:165,23,0,2
BRDA:166,24,0,0
BRDA:166,24,1,3
BRDA:176,25,0,2
BRDA:199,26,0,0
BRDA:211,27,0,0
BRDA:223,28,0,0
BRDA:235,29,0,1
BRDA:259,30,0,3
BRDA:259,30,1,4
BRF:52
BRH:43
end_of_record
TN:
SF:lib/inputValidator.js
FN:8,(anonymous_0)
FN:20,(anonymous_1)
FN:26,(anonymous_2)
FN:57,(anonymous_3)
FN:86,(anonymous_4)
FN:94,(anonymous_5)
FN:116,(anonymous_6)
FN:146,(anonymous_7)
FN:161,(anonymous_8)
FN:184,(anonymous_9)
FN:193,(anonymous_10)
FN:202,(anonymous_11)
FN:209,(anonymous_12)
FN:215,(anonymous_13)
FN:223,(anonymous_14)
FN:229,(anonymous_15)
FN:249,(anonymous_16)
FN:268,(anonymous_17)
FNF:18
FNH:17
FNDA:60,(anonymous_0)
FNDA:0,(anonymous_1)
FNDA:153,(anonymous_2)
FNDA:37,(anonymous_3)
FNDA:7,(anonymous_4)
FNDA:8,(anonymous_5)
FNDA:6,(anonymous_6)
FNDA:5,(anonymous_7)
FNDA:10,(anonymous_8)
FNDA:9,(anonymous_9)
FNDA:6,(anonymous_10)
FNDA:6,(anonymous_11)
FNDA:13,(anonymous_12)
FNDA:8,(anonymous_13)
FNDA:20,(anonymous_14)
FNDA:18,(anonymous_15)
FNDA:15,(anonymous_16)
FNDA:15,(anonymous_17)
DA:10,60
DA:11,60
DA:12,60
DA:15,60
DA:16,60
DA:17,60
DA:20,60
DA:27,153
DA:28,153
DA:30,153
DA:32,15
DA:36,15
DA:39,138
DA:40,9
DA:41,9
DA:49,129
DA:50,129
DA:51,129
DA:58,37
DA:59,37
DA:61,37
DA:63,13
DA:67,13
DA:70,24
DA:71,3
DA:78,21
DA:79,21
DA:80,21
DA:87,7
DA:88,7
DA:95,8
DA:96,8
DA:98,5
DA:99,5
DA:100,4
DA:101,4
DA:109,1
DA:110,1
DA:117,6
DA:120,6
DA:121,2
DA:123,1
DA:128,6
DA:129,6
DA:130,2
DA:131,1
DA:136,6
DA:137,2
DA:138,1
DA:147,5
DA:148,5
DA:150,5
DA:162,10
DA:163,4
DA:167,6
DA:170,6
DA:173,6
DA:174,6
DA:175,1
DA:178,6
DA:186,9
DA:187,9
DA:195,6
DA:196,6
DA:203,6
DA:209,13
DA:216,8
DA:223,20
DA:230,18
DA:243,18
DA:250,15
DA:262,15
DA:269,15
DA:281,15
DA:285,2
LF:75
LH:75
BRDA:30,0,0,15
BRDA:30,0,1,138
BRDA:30,1,0,153
BRDA:30,1,1,139
BRDA:39,2,0,9
BRDA:39,2,1,129
BRDA:61,3,0,13
BRDA:61,3,1,24
BRDA:61,4,0,37
BRDA:61,4,1,25
BRDA:70,5,0,3
BRDA:70,5,1,21
BRDA:96,6,0,3
BRDA:96,6,1,5
BRDA:99,7,0,4
BRDA:99,7,1,1
BRDA:121,8,0,1
BRDA:121,8,1,1
BRDA:130,9,0,1
BRDA:130,9,1,1
BRDA:137,10,0,1
BRDA:137,10,1,1
BRDA:151,11,0,3
BRDA:151,11,1,2
BRDA:152,12,0,2
BRDA:152,12,1,3
BRDA:162,13,0,4
BRDA:162,13,1,6
BRDA:174,14,0,1
BRDA:174,14,1,5
BRF:30
BRH:30
end_of_record
TN:
SF:lib/logRotationManager.js
FN:10,(anonymous_0)
FN:20,(anonymous_1)
FN:34,(anonymous_2)
FN:37,(anonymous_3)
FN:48,(anonymous_4)
FN:63,(anonymous_5)
FN:76,(anonymous_6)
FN:109,(anonymous_7)
FN:127,(anonymous_8)
FN:163,(anonymous_9)
FNF:10
FNH:7
FNDA:36,(anonymous_0)
FNDA:14,(anonymous_1)
FNDA:0,(anonymous_2)
FNDA:0,(anonymous_3)
FNDA:45,(anonymous_4)
FNDA:127,(anonymous_5)
FNDA:1012,(anonymous_6)
FNDA:5,(anonymous_7)
FNDA:20,(anonymous_8)
FNDA:0,(anonymous_9)
DA:6,2
DA:7,2
DA:11,36
DA:12,36
DA:13,36
DA:14,36
DA:21,14
DA:22,14
DA:25,14
DA:28,14
DA:29,14
DA:30,14
DA:31,14
DA:32,14
DA:34,14
DA:35,0
DA:37,0
DA:38,0
DA:42,14
DA:49,45
DA:50,13
DA:51,13
DA:53,45
DA:54,2
DA:55,2
DA:56,2
DA:64,127
DA:65,127
DA:66,1
DA:69,126
DA:70,126
DA:71,126
DA:73,125
DA:74,125
DA:76,125
DA:77,1012
DA:78,1012
DA:81,1012
DA:84,1011
DA:85,1011
DA:86,7
DA:87,7
DA:88,7
DA:89,7
DA:93,125
DA:94,5
DA:95,5
DA:99,120
DA:102,1
DA:110,5
DA:111,5
DA:112,0
DA:120,5
DA:121,5
DA:122,5
DA:123,5
DA:124,5
DA:125,5
DA:127,5
DA:128,20
DA:129,20
DA:132,20
DA:134,20
DA:136,20
DA:137,5
DA:138,5
DA:141,20
DA:142,10
DA:143,10
DA:147,5
DA:155,0
DA:156,0
DA:164,0
DA:165,0
DA:170,2
DA:173,2
DA:174,2
DA:175,2
LF:78
LH:70
BRDA:12,0,0,36
BRDA:12,0,1,35
BRDA:49,1,0,13
BRDA:49,1,1,32
BRDA:53,2,0,2
BRDA:53,2,1,43
BRDA:65,3,0,1
BRDA:65,3,1,126
BRDA:81,4,0,1
BRDA:81,4,1,1011
BRDA:85,5,0,7
BRDA:85,5,1,1004
BRDA:93,6,0,5
BRDA:93,6,1,120
BRDA:111,7,0,0
BRDA:111,7,1,5
BRDA:132,8,0,0
BRDA:132,8,1,20
BRDA:136,9,0,5
BRDA:136,9,1,15
BRDA:141,10,0,10
BRDA:141,10,1,10
BRF:22
BRH:20
end_of_record
TN:
SF:lib/messageRouter.js
FN:9,(anonymous_0)
FN:18,(anonymous_1)
FN:27,(anonymous_2)
FN:42,(anonymous_3)
FN:106,(anonymous_4)
FN:138,(anonymous_5)
FN:150,(anonymous_6)
FN:177,(anonymous_7)
FN:204,(anonymous_8)
FN:223,(anonymous_9)
FN:254,(anonymous_10)
FN:281,(anonymous_11)
FN:426,(anonymous_12)
FN:432,(anonymous_13)
FNF:14
FNH:7
FNDA:30,(anonymous_0)
FNDA:22,(anonymous_1)
FNDA:20,(anonymous_2)
FNDA:0,(anonymous_3)
FNDA:0,(anonymous_4)
FNDA:0,(anonymous_5)
FNDA:0,(anonymous_6)
FNDA:4,(anonymous_7)
FNDA:0,(anonymous_8)
FNDA:0,(anonymous_9)
FNDA:1,(anonymous_10)
FNDA:18,(anonymous_11)
FNDA:3,(anonymous_12)
FNDA:0,(anonymous_13)
DA:6,1
DA:10,30
DA:11,30
DA:12,30
DA:19,22
DA:28,20
DA:29,3
DA:30,3
DA:31,3
DA:36,17
DA:43,0
DA:46,0
DA:47,0
DA:52,0
DA:58,0
DA:59,0
DA:60,0
DA:61,0
DA:62,0
DA:65,0
DA:71,0
DA:78,0
DA:79,0
DA:81,0
DA:82,0
DA:85,0
DA:89,0
DA:91,0
DA:92,0
DA:93,0
DA:94,0
DA:95,0
DA:98,0
DA:99,0
DA:102,0
DA:105,0
DA:106,0
DA:110,0
DA:119,0
DA:122,0
DA:124,0
DA:125,0
DA:127,0
DA:128,0
DA:131,0
DA:139,0
DA:145,0
DA:146,0
DA:147,0
DA:148,0
DA:149,0
DA:150,0
DA:151,0
DA:153,0
DA:154,0
DA:155,0
DA:156,0
DA:158,0
DA:159,0
DA:162,0
DA:163,0
DA:164,0
DA:165,0
DA:166,0
DA:167,0
DA:169,0
DA:178,4
DA:181,4
DA:186,2
DA:187,2
DA:191,1
DA:193,1
DA:194,1
DA:205,0
DA:207,0
DA:208,0
DA:209,0
DA:210,0
DA:211,0
DA:213,0
DA:214,0
DA:224,0
DA:226,0
DA:227,0
DA:228,0
DA:229,0
DA:232,0
DA:233,0
DA:234,0
DA:240,0
DA:241,0
DA:242,0
DA:244,0
DA:245,0
DA:255,1
DA:257,0
DA:259,0
DA:260,0
DA:261,0
DA:262,0
DA:263,0
DA:264,0
DA:265,0
DA:267,0
DA:270,0
DA:274,0
DA:282,18
DA:283,18
DA:286,18
DA:287,2
DA:291,16
DA:292,16
DA:293,1
DA:294,1
DA:295,1
DA:299,15
DA:300,0
DA:301,0
DA:305,15
DA:306,15
DA:309,15
DA:312,15
DA:317,2
DA:321,2
DA:322,2
DA:323,2
DA:327,13
DA:328,0
DA:331,0
DA:332,0
DA:333,0
DA:334,0
DA:336,0
DA:337,0
DA:338,0
DA:342,0
DA:346,0
DA:347,0
DA:348,0
DA:352,13
DA:358,9
DA:360,3
DA:363,3
DA:364,7
DA:365,7
DA:369,6
DA:371,1
DA:378,3
DA:381,3
DA:385,6
DA:387,1
DA:392,1
DA:395,1
DA:396,0
DA:397,0
DA:405,1
DA:408,5
DA:415,5
DA:418,6
DA:420,4
DA:423,4
DA:424,3
DA:427,3
DA:433,0
DA:438,4
DA:439,3
DA:442,4
DA:443,4
DA:447,1
DA:453,1
LF:170
LH:65
BRDA:20,0,0,22
BRDA:20,0,1,20
BRDA:28,1,0,3
BRDA:28,1,1,17
BRDA:46,2,0,0
BRDA:46,2,1,0
BRDA:46,3,0,0
BRDA:46,3,1,0
BRDA:159,4,0,0
BRDA:159,4,1,0
BRDA:181,5,0,2
BRDA:181,5,1,2
BRDA:182,6,0,4
BRDA:182,6,1,2
BRDA:182,6,2,2
BRDA:205,7,0,0
BRDA:205,7,1,0
BRDA:224,8,0,0
BRDA:224,8,1,0
BRDA:255,9,0,1
BRDA:255,9,1,0
BRDA:255,10,0,1
BRDA:255,10,1,0
BRDA:286,11,0,2
BRDA:286,11,1,16
BRDA:292,12,0,1
BRDA:292,12,1,15
BRDA:299,13,0,0
BRDA:299,13,1,15
BRDA:299,14,0,15
BRDA:299,14,1,0
BRDA:301,15,0,0
BRDA:301,15,1,0
BRDA:312,16,0,2
BRDA:312,16,1,13
BRDA:313,17,0,15
BRDA:313,17,1,14
BRDA:327,18,0,0
BRDA:327,18,1,13
BRDA:336,19,0,0
BRDA:336,19,1,0
BRDA:358,20,0,3
BRDA:358,20,1,6
BRDA:358,21,0,9
BRDA:358,21,1,9
BRDA:385,22,0,1
BRDA:385,22,1,5
BRDA:385,23,0,6
BRDA:385,23,1,6
BRDA:385,23,2,1
BRDA:395,24,0,0
BRDA:395,24,1,1
BRDA:410,25,0,5
BRDA:410,25,1,0
BRDA:423,26,0,3
BRDA:423,26,1,1
BRDA:438,27,0,3
BRDA:438,27,1,1
BRF:58
BRH:37
end_of_record
TN:
SF:lib/paymentHandlers.js
FN:9,(anonymous_0)
FN:18,(anonymous_1)
FN:21,(anonymous_2)
FN:89,(anonymous_3)
FN:123,(anonymous_4)
FN:186,(anonymous_5)
FN:197,(anonymous_6)
FN:200,(anonymous_7)
FN:305,(anonymous_8)
FN:348,(anonymous_9)
FNF:10
FNH:8
FNDA:82,(anonymous_0)
FNDA:26,(anonymous_1)
FNDA:46,(anonymous_2)
FNDA:16,(anonymous_3)
FNDA:19,(anonymous_4)
FNDA:7,(anonymous_5)
FNDA:14,(anonymous_6)
FNDA:27,(anonymous_7)
FNDA:0,(anonymous_8)
FNDA:0,(anonymous_9)
DA:6,5
DA:10,82
DA:11,82
DA:12,82
DA:19,26
DA:20,25
DA:21,46
DA:22,25
DA:24,25
DA:25,25
DA:28,9
DA:32,4
DA:41,3
DA:50,2
DA:59,2
DA:69,4
DA:72,1
DA:78,2
DA:79,2
DA:90,16
DA:96,14
DA:101,14
DA:104,14
DA:105,13
DA:114,14
DA:124,19
DA:125,19
DA:127,19
DA:128,19
DA:130,19
DA:131,2
DA:138,17
DA:139,17
DA:140,17
DA:141,17
DA:142,17
DA:143,17
DA:152,17
DA:155,17
DA:156,17
DA:171,17
DA:187,7
DA:188,7
DA:198,14
DA:199,14
DA:200,27
DA:201,14
DA:202,14
DA:204,14
DA:215,14
DA:217,14
DA:218,1
DA:224,13
DA:225,13
DA:226,13
DA:227,13
DA:229,13
DA:230,1
DA:236,12
DA:238,12
DA:239,12
DA:240,12
DA:241,12
DA:242,12
DA:252,12
DA:255,12
DA:256,12
DA:272,12
DA:283,0
DA:286,0
DA:287,0
DA:295,0
DA:306,0
DA:308,0
DA:309,0
DA:312,0
DA:313,0
DA:317,0
DA:319,0
DA:320,0
DA:321,0
DA:329,0
DA:330,0
DA:331,0
DA:332,0
DA:333,0
DA:334,0
DA:335,0
DA:338,0
DA:340,0
DA:341,0
DA:349,0
DA:350,0
DA:353,0
DA:354,0
DA:355,0
DA:362,0
DA:363,0
DA:365,0
DA:366,0
DA:369,0
DA:381,5
LF:102
LH:69
BRDA:9,0,0,26
BRDA:25,1,0,4
BRDA:25,1,1,9
BRDA:25,1,2,1
BRDA:25,1,3,4
BRDA:25,1,4,1
BRDA:25,1,5,3
BRDA:25,1,6,1
BRDA:25,1,7,2
BRDA:25,1,8,1
BRDA:25,1,9,2
BRDA:25,1,10,1
BRDA:25,1,11,3
BRDA:25,1,12,4
BRDA:25,1,13,1
BRDA:104,2,0,13
BRDA:104,2,1,1
BRDA:130,3,0,2
BRDA:130,3,1,17
BRDA:130,4,0,19
BRDA:130,4,1,18
BRDA:155,5,0,17
BRDA:155,5,1,0
BRDA:217,6,0,1
BRDA:217,6,1,13
BRDA:229,7,0,1
BRDA:229,7,1,12
BRDA:229,8,0,13
BRDA:229,8,1,13
BRDA:255,9,0,12
BRDA:255,9,1,0
BRDA:286,10,0,0
BRDA:286,10,1,0
BRDA:308,11,0,0
BRDA:308,11,1,0
BRDA:317,12,0,0
BRDA:317,12,1,0
BRDA:320,13,0,0
BRDA:320,13,1,0
BRDA:330,14,0,0
BRDA:330,14,1,0
BRDA:333,15,0,0
BRDA:333,15,1,0
BRDA:365,16,0,0
BRDA:365,16,1,0
BRF:45
BRH:29
end_of_record
TN:
SF:lib/paymentMessages.js
FN:10,(anonymous_0)
FN:31,(anonymous_1)
FN:40,(anonymous_2)
FN:63,(anonymous_3)
FN:83,(anonymous_4)
FN:106,(anonymous_5)
FN:127,(anonymous_6)
FN:140,(anonymous_7)
FN:144,(anonymous_8)
FN:148,(anonymous_9)
FN:165,(anonymous_10)
FN:169,(anonymous_11)
FN:173,(anonymous_12)
FN:177,(anonymous_13)
FN:184,(anonymous_14)
FN:220,(anonymous_15)
FNF:16
FNH:13
FNDA:6,(anonymous_0)
FNDA:5,(anonymous_1)
FNDA:5,(anonymous_2)
FNDA:4,(anonymous_3)
FNDA:18,(anonymous_4)
FNDA:2,(anonymous_5)
FNDA:1,(anonymous_6)
FNDA:1,(anonymous_7)
FNDA:0,(anonymous_8)
FNDA:0,(anonymous_9)
FNDA:2,(anonymous_10)
FNDA:2,(anonymous_11)
FNDA:2,(anonymous_12)
FNDA:0,(anonymous_13)
FNDA:2,(anonymous_14)
FNDA:2,(anonymous_15)
DA:11,6
DA:12,6
DA:13,6
DA:14,6
DA:15,6
DA:16,6
DA:17,6
DA:18,6
DA:19,6
DA:20,6
DA:21,6
DA:22,6
DA:23,6
DA:24,6
DA:25,6
DA:32,5
DA:41,5
DA:42,5
DA:43,5
DA:44,5
DA:45,5
DA:46,5
DA:47,5
DA:48,5
DA:49,5
DA:50,5
DA:51,5
DA:52,5
DA:53,5
DA:54,5
DA:55,5
DA:56,5
DA:57,5
DA:64,4
DA:65,4
DA:66,4
DA:67,4
DA:68,4
DA:69,4
DA:70,4
DA:71,4
DA:72,4
DA:73,4
DA:74,4
DA:75,4
DA:76,4
DA:77,4
DA:84,18
DA:85,18
DA:86,18
DA:87,18
DA:88,18
DA:89,18
DA:90,18
DA:91,18
DA:92,18
DA:93,18
DA:94,18
DA:95,18
DA:96,18
DA:97,18
DA:98,18
DA:99,18
DA:100,18
DA:107,2
DA:108,2
DA:109,2
DA:110,2
DA:111,2
DA:112,2
DA:113,2
DA:114,2
DA:115,2
DA:116,2
DA:117,2
DA:118,2
DA:119,2
DA:120,2
DA:121,2
DA:128,1
DA:141,1
DA:145,0
DA:149,0
DA:166,2
DA:170,2
DA:174,2
DA:178,0
DA:191,2
DA:192,2
DA:193,2
DA:194,2
DA:195,2
DA:196,2
DA:197,2
DA:198,2
DA:199,2
DA:200,2
DA:201,2
DA:202,2
DA:203,2
DA:204,2
DA:205,2
DA:206,2
DA:207,2
DA:208,2
DA:209,2
DA:210,2
DA:211,2
DA:212,2
DA:213,2
DA:214,2
DA:227,2
DA:228,2
DA:229,2
DA:230,2
DA:231,2
DA:232,2
DA:233,2
DA:234,2
DA:235,2
DA:236,2
DA:237,2
DA:238,2
DA:239,2
DA:240,2
DA:241,2
DA:242,2
DA:243,2
DA:244,2
DA:245,2
DA:246,2
DA:247,2
DA:248,2
DA:249,2
DA:250,2
DA:251,2
DA:252,2
DA:253,2
DA:254,2
DA:255,2
DA:256,2
DA:257,2
DA:258,2
DA:259,2
DA:263,7
LF:145
LH:142
BRF:0
BRH:0
end_of_record
TN:
SF:lib/redisClient.js
FN:9,(anonymous_0)
FN:19,(anonymous_1)
FN:29,(anonymous_2)
FN:52,(anonymous_3)
FN:57,(anonymous_4)
FN:61,(anonymous_5)
FN:67,(anonymous_6)
FN:72,(anonymous_7)
FN:93,(anonymous_8)
FN:101,(anonymous_9)
FN:108,(anonymous_10)
FN:128,(anonymous_11)
FNF:12
FNH:2
FNDA:10,(anonymous_0)
FNDA:0,(anonymous_1)
FNDA:0,(anonymous_2)
FNDA:0,(anonymous_3)
FNDA:0,(anonymous_4)
FNDA:0,(anonymous_5)
FNDA:0,(anonymous_6)
FNDA:0,(anonymous_7)
FNDA:0,(anonymous_8)
FNDA:6,(anonymous_9)
FNDA:0,(anonymous_10)
FNDA:0,(anonymous_11)
DA:6,10
DA:10,10
DA:11,10
DA:12,10
DA:13,10
DA:20,0
DA:22,0
DA:24,0
DA:30,0
DA:31,0
DA:34,0
DA:38,0
DA:39,0
DA:41,0
DA:46,0
DA:52,0
DA:53,0
DA:54,0
DA:57,0
DA:58,0
DA:61,0
DA:62,0
DA:63,0
DA:64,0
DA:67,0
DA:68,0
DA:69,0
DA:72,0
DA:73,0
DA:74,0
DA:78,0
DA:80,0
DA:81,0
DA:83,0
DA:84,0
DA:85,0
DA:94,0
DA:102,6
DA:109,0
DA:110,0
DA:111,0
DA:112,0
DA:113,0
DA:115,0
DA:117,0
DA:118,0
DA:129,0
DA:130,0
DA:131,0
DA:133,0
DA:134,0
DA:136,0
DA:137,0
DA:143,10
DA:145,10
LF:55
LH:8
BRDA:22,0,0,0
BRDA:22,0,1,0
BRDA:30,1,0,0
BRDA:30,1,1,0
BRDA:102,2,0,6
BRDA:102,2,1,0
BRDA:109,3,0,0
BRDA:109,3,1,0
BRDA:117,4,0,0
BRDA:117,4,1,0
BRDA:130,5,0,0
BRDA:130,5,1,0
BRF:12
BRH:1
end_of_record
TN:
SF:lib/transactionLogger.js
FN:10,(anonymous_0)
FN:22,(anonymous_1)
FN:30,(anonymous_2)
FN:51,(anonymous_3)
FN:56,(anonymous_4)
FN:69,(anonymous_5)
FN:83,(anonymous_6)
FN:97,(anonymous_7)
FN:110,(anonymous_8)
FN:115,(anonymous_9)
FN:123,(anonymous_10)
FN:136,(anonymous_11)
FN:152,(anonymous_12)
FN:169,(anonymous_13)
FN:176,(anonymous_14)
FN:189,(anonymous_15)
FN:199,(anonymous_16)
FN:222,(anonymous_17)
FN:249,(anonymous_18)
FN:262,(anonymous_19)
FN:280,(anonymous_20)
FN:295,(anonymous_21)
FN:346,(anonymous_22)
FNF:23
FNH:12
FNDA:100,(anonymous_0)
FNDA:42,(anonymous_1)
FNDA:34,(anonymous_2)
FNDA:8,(anonymous_3)
FNDA:9,(anonymous_4)
FNDA:6,(anonymous_5)
FNDA:4,(anonymous_6)
FNDA:3,(anonymous_7)
FNDA:0,(anonymous_8)
FNDA:0,(anonymous_9)
FNDA:0,(anonymous_10)
FNDA:0,(anonymous_11)
FNDA:7,(anonymous_12)
FNDA:2,(anonymous_13)
FNDA:0,(anonymous_14)
FNDA:32,(anonymous_15)
FNDA:0,(anonymous_16)
FNDA:0,(anonymous_17)
FNDA:0,(anonymous_18)
FNDA:0,(anonymous_19)
FNDA:5,(anonymous_20)
FNDA:0,(anonymous_21)
FNDA:0,(anonymous_22)
DA:6,9
DA:7,9
DA:11,100
DA:14,100
DA:15,1
DA:23,42
DA:24,42
DA:31,34
DA:32,34
DA:38,34
DA:39,34
DA:41,34
DA:42,34
DA:44,3
DA:52,8
DA:56,9
DA:70,6
DA:84,4
DA:98,3
DA:111,0
DA:115,0
DA:124,0
DA:137,0
DA:153,7
DA:159,7
DA:160,6
DA:163,7
DA:170,2
DA:177,0
DA:190,32
DA:191,31
DA:192,31
DA:193,26
DA:200,0
DA:202,0
DA:203,0
DA:211,0
DA:212,0
DA:213,0
DA:215,0
DA:222,0
DA:223,0
DA:224,0
DA:225,0
DA:226,0
DA:227,0
DA:228,0
DA:234,0
DA:236,0
DA:237,0
DA:250,0
DA:252,0
DA:253,0
DA:256,0
DA:257,0
DA:258,0
DA:259,0
DA:261,0
DA:263,0
DA:264,0
DA:266,0
DA:271,0
DA:272,0
DA:281,5
DA:283,5
DA:284,5
DA:287,0
DA:288,0
DA:289,0
DA:292,0
DA:293,0
DA:295,0
DA:296,0
DA:297,0
DA:300,0
DA:301,0
DA:302,0
DA:310,0
DA:311,0
DA:312,0
DA:313,0
DA:314,0
DA:316,0
DA:320,0
DA:321,0
DA:322,0
DA:323,0
DA:325,0
DA:328,0
DA:346,0
DA:347,0
DA:348,0
DA:349,0
DA:352,0
DA:353,0
DA:358,9
LF:96
LH:32
BRDA:10,0,0,62
BRDA:14,1,0,1
BRDA:14,1,1,99
BRDA:22,2,0,0
BRDA:123,3,0,0
BRDA:136,4,0,0
BRDA:152,5,0,0
BRDA:152,6,0,4
BRDA:159,7,0,6
BRDA:159,7,1,1
BRDA:169,8,0,0
BRDA:176,9,0,0
BRDA:190,10,0,1
BRDA:190,10,1,31
BRDA:190,11,0,32
BRDA:190,11,1,31
BRDA:192,12,0,5
BRDA:192,12,1,26
BRDA:202,13,0,0
BRDA:202,13,1,0
BRDA:225,14,0,0
BRDA:225,14,1,0
BRDA:226,15,0,0
BRDA:226,15,1,0
BRDA:227,16,0,0
BRDA:227,16,1,0
BRDA:228,17,0,0
BRDA:228,17,1,0
BRDA:249,18,0,0
BRDA:252,19,0,0
BRDA:252,19,1,0
BRDA:283,20,0,5
BRDA:283,20,1,0
BRDA:300,21,0,0
BRDA:300,21,1,0
BRDA:301,22,0,0
BRDA:301,22,1,0
BRDA:305,23,0,0
BRDA:305,23,1,0
BRDA:306,24,0,0
BRDA:306,24,1,0
BRDA:307,25,0,0
BRDA:307,25,1,0
BRDA:310,26,0,0
BRDA:310,26,1,0
BRDA:312,27,0,0
BRDA:312,27,1,0
BRDA:313,28,0,0
BRDA:313,28,1,0
BRDA:316,29,0,0
BRDA:316,29,1,0
BRDA:317,30,0,0
BRDA:317,30,1,0
BRDA:321,31,0,0
BRDA:321,31,1,0
BRDA:332,32,0,0
BRDA:332,32,1,0
BRDA:333,33,0,0
BRDA:333,33,1,0
BRDA:334,34,0,0
BRDA:334,34,1,0
BRDA:347,35,0,0
BRDA:347,35,1,0
BRDA:348,36,0,0
BRDA:348,36,1,0
BRF:65
BRH:13
end_of_record
TN:
SF:lib/uiMessages.js
FN:12,(anonymous_0)
FN:43,(anonymous_1)
FN:87,(anonymous_2)
FN:107,(anonymous_3)
FN:130,(anonymous_4)
FN:141,(anonymous_5)
FN:160,(anonymous_6)
FN:163,(anonymous_7)
FN:185,(anonymous_8)
FN:196,(anonymous_9)
FN:206,(anonymous_10)
FN:222,(anonymous_11)
FN:256,(anonymous_12)
FN:276,(anonymous_13)
FN:296,(anonymous_14)
FN:311,(anonymous_15)
FN:323,(anonymous_16)
FN:327,(anonymous_17)
FN:341,(anonymous_18)
FN:349,(anonymous_19)
FN:353,(anonymous_20)
FN:357,(anonymous_21)
FN:361,(anonymous_22)
FN:365,(anonymous_23)
FN:372,(anonymous_24)
FN:381,(anonymous_25)
FN:400,(anonymous_26)
FNF:27
FNH:21
FNDA:37,(anonymous_0)
FNDA:6,(anonymous_1)
FNDA:26,(anonymous_2)
FNDA:26,(anonymous_3)
FNDA:6,(anonymous_4)
FNDA:6,(anonymous_5)
FNDA:20,(anonymous_6)
FNDA:33,(anonymous_7)
FNDA:21,(anonymous_8)
FNDA:123,(anonymous_9)
FNDA:3,(anonymous_10)
FNDA:3,(anonymous_11)
FNDA:3,(anonymous_12)
FNDA:7,(anonymous_13)
FNDA:7,(anonymous_14)
FNDA:25,(anonymous_15)
FNDA:8,(anonymous_16)
FNDA:4,(anonymous_17)
FNDA:0,(anonymous_18)
FNDA:0,(anonymous_19)
FNDA:1,(anonymous_20)
FNDA:0,(anonymous_21)
FNDA:0,(anonymous_22)
FNDA:1,(anonymous_23)
FNDA:2,(anonymous_24)
FNDA:0,(anonymous_25)
FNDA:0,(anonymous_26)
DA:6,9
DA:13,37
DA:14,37
DA:44,6
DA:88,26
DA:108,26
DA:109,26
DA:110,26
DA:111,26
DA:112,26
DA:113,26
DA:114,26
DA:115,26
DA:116,26
DA:117,26
DA:118,26
DA:119,26
DA:120,26
DA:121,26
DA:131,6
DA:132,3
DA:139,3
DA:141,3
DA:142,6
DA:143,6
DA:144,6
DA:145,6
DA:146,6
DA:147,6
DA:150,3
DA:151,3
DA:152,3
DA:153,3
DA:154,3
DA:155,3
DA:157,3
DA:161,20
DA:163,20
DA:164,33
DA:165,33
DA:168,20
DA:169,20
DA:170,20
DA:171,20
DA:172,20
DA:173,20
DA:174,20
DA:175,20
DA:176,20
DA:177,20
DA:179,20
DA:192,21
DA:193,21
DA:194,21
DA:196,21
DA:197,123
DA:198,123
DA:203,21
DA:205,21
DA:206,3
DA:207,3
DA:208,3
DA:211,3
DA:214,21
DA:216,21
DA:223,3
DA:224,3
DA:257,3
DA:258,3
DA:259,3
DA:260,3
DA:277,7
DA:297,7
DA:312,25
DA:324,8
DA:328,4
DA:342,0
DA:350,0
DA:354,1
DA:358,0
DA:362,0
DA:366,1
DA:373,2
DA:382,0
DA:383,0
DA:398,0
DA:400,0
DA:401,0
DA:402,0
DA:408,0
DA:409,0
DA:410,0
DA:411,0
DA:412,0
DA:414,0
DA:417,0
DA:418,0
DA:419,0
DA:420,0
DA:421,0
DA:422,0
DA:423,0
DA:425,0
DA:429,9
LF:104
LH:80
BRDA:131,0,0,3
BRDA:131,0,1,3
BRDA:131,1,0,6
BRDA:131,1,1,6
BRDA:189,2,0,0
BRDA:190,3,0,0
BRDA:205,4,0,3
BRDA:205,4,1,18
BRDA:205,5,0,21
BRDA:205,5,1,3
BRDA:296,6,0,7
BRDA:299,7,0,0
BRDA:299,7,1,7
BRDA:382,8,0,0
BRDA:382,8,1,0
BRDA:382,9,0,0
BRDA:382,9,1,0
BRDA:411,10,0,0
BRDA:411,10,1,0
BRF:19
BRH:10
end_of_record
TN:
SF:services/productDelivery.js
FN:5,(anonymous_0)
FN:15,(anonymous_1)
FN:27,(anonymous_2)
FN:28,(anonymous_3)
FN:57,(anonymous_4)
FN:72,(anonymous_5)
FN:98,(anonymous_6)
FN:157,(anonymous_7)
FN:178,(anonymous_8)
FN:183,(anonymous_9)
FN:199,(anonymous_10)
FN:222,(anonymous_11)
FN:229,(anonymous_12)
FN:230,(anonymous_13)
FN:248,(anonymous_14)
FN:259,(anonymous_15)
FN:260,(anonymous_16)
FNF:17
FNH:0
FNDA:0,(anonymous_0)
FNDA:0,(anonymous_1)
FNDA:0,(anonymous_2)
FNDA:0,(anonymous_3)
FNDA:0,(anonymous_4)
FNDA:0,(anonymous_5)
FNDA:0,(anonymous_6)
FNDA:0,(anonymous_7)
FNDA:0,(anonymous_8)
FNDA:0,(anonymous_9)
FNDA:0,(anonymous_10)
FNDA:0,(anonymous_11)
FNDA:0,(anonymous_12)
FNDA:0,(anonymous_13)
FNDA:0,(anonymous_14)
FNDA:0,(anonymous_15)
FNDA:0,(anonymous_16)
DA:1,0
DA:2,0
DA:6,0
DA:7,0
DA:16,0
DA:17,0
DA:19,0
DA:20,0
DA:21,0
DA:24,0
DA:25,0
DA:27,0
DA:28,0
DA:30,0
DA:31,0
DA:32,0
DA:36,0
DA:37,0
DA:40,0
DA:43,0
DA:45,0
DA:47,0
DA:48,0
DA:58,0
DA:61,0
DA:63,0
DA:74,0
DA:75,0
DA:77,0
DA:78,0
DA:86,0
DA:99,0
DA:100,0
DA:101,0
DA:103,0
DA:104,0
DA:106,0
DA:107,0
DA:113,0
DA:114,0
DA:115,0
DA:116,0
DA:120,0
DA:125,0
DA:129,0
DA:136,0
DA:141,0
DA:143,0
DA:158,0
DA:159,0
DA:160,0
DA:162,0
DA:164,0
DA:168,0
DA:179,0
DA:180,0
DA:181,0
DA:183,0
DA:184,0
DA:186,0
DA:187,0
DA:188,0
DA:190,0
DA:193,0
DA:196,0
DA:197,0
DA:198,0
DA:199,0
DA:200,0
DA:202,0
DA:205,0
DA:206,0
DA:207,0
DA:208,0
DA:209,0
DA:210,0
DA:212,0
DA:223,0
DA:224,0
DA:225,0
DA:229,0
DA:230,0
DA:233,0
DA:239,0
DA:249,0
DA:250,0
DA:252,0
DA:253,0
DA:256,0
DA:257,0
DA:259,0
DA:260,0
DA:262,0
DA:264,0
DA:265,0
DA:270,0
LF:96
LH:0
BRDA:19,0,0,0
BRDA:19,0,1,0
BRDA:30,1,0,0
BRDA:30,1,1,0
BRDA:74,2,0,0
BRDA:74,2,1,0
BRDA:77,3,0,0
BRDA:77,3,1,0
BRDA:106,4,0,0
BRDA:106,4,1,0
BRDA:115,5,0,0
BRDA:115,5,1,0
BRDA:186,6,0,0
BRDA:186,6,1,0
BRDA:186,7,0,0
BRDA:186,7,1,0
BRDA:196,8,0,0
BRDA:196,8,1,0
BRDA:252,9,0,0
BRDA:252,9,1,0
BRF:20
BRH:0
end_of_record
TN:
SF:services/qrisService.js
FN:6,(anonymous_0)
FN:18,(anonymous_1)
FN:63,(anonymous_2)
FN:93,(anonymous_3)
FN:140,(anonymous_4)
FN:155,(anonymous_5)
FN:173,(anonymous_6)
FNF:7
FNH:0
FNDA:0,(anonymous_0)
FNDA:0,(anonymous_1)
FNDA:0,(anonymous_2)
FNDA:0,(anonymous_3)
FNDA:0,(anonymous_4)
FNDA:0,(anonymous_5)
FNDA:0,(anonymous_6)
DA:1,0
DA:2,0
DA:3,0
DA:7,0
DA:8,0
DA:9,0
DA:19,0
DA:20,0
DA:29,0
DA:34,0
DA:35,0
DA:44,0
DA:49,0
DA:50,0
DA:64,0
DA:65,0
DA:68,0
DA:76,0
DA:77,0
DA:79,0
DA:81,0
DA:82,0
DA:94,0
DA:95,0
DA:104,0
DA:109,0
DA:110,0
DA:118,0
DA:123,0
DA:124,0
DA:147,0
DA:148,0
DA:150,0
DA:151,0
DA:154,0
DA:155,0
DA:156,0
DA:161,0
DA:174,0
DA:175,0
DA:179,0
LF:41
LH:0
BRDA:34,0,0,0
BRDA:34,0,1,0
BRDA:109,1,0,0
BRDA:109,1,1,0
BRDA:144,2,0,0
BRDA:145,3,0,0
BRDA:150,4,0,0
BRDA:150,4,1,0
BRDA:150,5,0,0
BRDA:150,5,1,0
BRDA:154,6,0,0
BRDA:154,6,1,0
BRDA:174,7,0,0
BRDA:174,7,1,0
BRF:14
BRH:0
end_of_record
TN:
SF:services/webhookServer.js
FN:10,(anonymous_0)
FN:32,(anonymous_1)
FN:37,(anonymous_2)
FN:46,(anonymous_3)
FN:48,(anonymous_4)
FN:78,(anonymous_5)
FN:112,(anonymous_6)
FN:122,(anonymous_7)
FN:146,(anonymous_8)
FN:177,(anonymous_9)
FN:178,(anonymous_10)
FN:185,(anonymous_11)
FN:200,(anonymous_12)
FN:268,(anonymous_13)
FN:278,(anonymous_14)
FN:302,(anonymous_15)
FN:337,(anonymous_16)
FN:342,(anonymous_17)
FN:369,(anonymous_18)
FN:381,(anonymous_19)
FN:392,(anonymous_20)
FN:393,(anonymous_21)
FN:406,(anonymous_22)
FN:408,(anonymous_23)
FN:409,(anonymous_24)
FNF:25
FNH:0
FNDA:0,(anonymous_0)
FNDA:0,(anonymous_1)
FNDA:0,(anonymous_2)
FNDA:0,(anonymous_3)
FNDA:0,(anonymous_4)
FNDA:0,(anonymous_5)
FNDA:0,(anonymous_6)
FNDA:0,(anonymous_7)
FNDA:0,(anonymous_8)
FNDA:0,(anonymous_9)
FNDA:0,(anonymous_10)
FNDA:0,(anonymous_11)
FNDA:0,(anonymous_12)
FNDA:0,(anonymous_13)
FNDA:0,(anonymous_14)
FNDA:0,(anonymous_15)
FNDA:0,(anonymous_16)
FNDA:0,(anonymous_17)
FNDA:0,(anonymous_18)
FNDA:0,(anonymous_19)
FNDA:0,(anonymous_20)
FNDA:0,(anonymous_21)
FNDA:0,(anonymous_22)
FNDA:0,(anonymous_23)
FNDA:0,(anonymous_24)
DA:6,0
DA:7,0
DA:11,0
DA:12,0
DA:13,0
DA:14,0
DA:15,0
DA:16,0
DA:19,0
DA:22,0
DA:23,0
DA:25,0
DA:26,0
DA:34,0
DA:37,0
DA:38,0
DA:39,0
DA:48,0
DA:49,0
DA:50,0
DA:52,0
DA:78,0
DA:79,0
DA:81,0
DA:82,0
DA:83,0
DA:86,0
DA:87,0
DA:94,0
DA:95,0
DA:96,0
DA:97,0
DA:98,0
DA:99,0
DA:103,0
DA:105,0
DA:107,0
DA:112,0
DA:113,0
DA:123,0
DA:124,0
DA:127,0
DA:130,0
DA:132,0
DA:133,0
DA:137,0
DA:147,0
DA:148,0
DA:149,0
DA:151,0
DA:153,0
DA:154,0
DA:158,0
DA:161,0
DA:162,0
DA:167,0
DA:178,0
DA:186,0
DA:188,0
DA:190,0
DA:191,0
DA:192,0
DA:195,0
DA:198,0
DA:200,0
DA:202,0
DA:203,0
DA:204,0
DA:206,0
DA:207,0
DA:208,0
DA:209,0
DA:210,0
DA:211,0
DA:217,0
DA:218,0
DA:219,0
DA:224,0
DA:227,0
DA:230,0
DA:232,0
DA:233,0
DA:236,0
DA:240,0
DA:241,0
DA:243,0
DA:244,0
DA:245,0
DA:249,0
DA:250,0
DA:251,0
DA:257,0
DA:258,0
DA:259,0
DA:263,0
DA:267,0
DA:268,0
DA:269,0
DA:273,0
DA:274,0
DA:275,0
DA:278,0
DA:279,0
DA:280,0
DA:283,0
DA:285,0
DA:288,0
DA:303,0
DA:304,0
DA:309,0
DA:312,0
DA:318,0
DA:319,0
DA:322,0
DA:325,0
DA:327,0
DA:338,0
DA:339,0
DA:340,0
DA:342,0
DA:343,0
DA:344,0
DA:345,0
DA:346,0
DA:347,0
DA:348,0
DA:349,0
DA:350,0
DA:352,0
DA:355,0
DA:356,0
DA:357,0
DA:358,0
DA:359,0
DA:360,0
DA:362,0
DA:370,0
DA:371,0
DA:382,0
DA:383,0
DA:393,0
DA:394,0
DA:395,0
DA:407,0
DA:408,0
DA:409,0
DA:410,0
DA:411,0
DA:418,0
LF:149
LH:0
BRDA:15,0,0,0
BRDA:15,0,1,0
BRDA:19,1,0,0
BRDA:19,1,1,0
BRDA:70,2,0,0
BRDA:70,2,1,0
BRDA:71,3,0,0
BRDA:71,3,1,0
BRDA:73,4,0,0
BRDA:73,4,1,0
BRDA:81,5,0,0
BRDA:81,5,1,0
BRDA:90,6,0,0
BRDA:90,6,1,0
BRDA:94,7,0,0
BRDA:94,7,1,0
BRDA:94,8,0,0
BRDA:94,8,1,0
BRDA:96,9,0,0
BRDA:96,9,1,0
BRDA:98,10,0,0
BRDA:98,10,1,0
BRDA:123,11,0,0
BRDA:123,11,1,0
BRDA:132,12,0,0
BRDA:132,12,1,0
BRDA:146,13,0,0
BRDA:153,14,0,0
BRDA:153,14,1,0
BRDA:188,15,0,0
BRDA:188,15,1,0
BRDA:188,15,2,0
BRDA:190,16,0,0
BRDA:190,16,1,0
BRDA:202,17,0,0
BRDA:202,17,1,0
BRDA:208,18,0,0
BRDA:208,18,1,0
BRDA:210,19,0,0
BRDA:210,19,1,0
BRDA:218,20,0,0
BRDA:218,20,1,0
BRDA:232,21,0,0
BRDA:232,21,1,0
BRDA:243,22,0,0
BRDA:243,22,1,0
BRDA:243,23,0,0
BRDA:243,23,1,0
BRDA:257,24,0,0
BRDA:257,24,1,0
BRDA:302,25,0,0
BRDA:309,26,0,0
BRDA:309,26,1,0
BRDA:319,27,0,0
BRDA:319,27,1,0
BRDA:344,28,0,0
BRDA:344,28,1,0
BRDA:347,29,0,0
BRDA:347,29,1,0
BRDA:370,30,0,0
BRDA:370,30,1,0
BRDA:382,31,0,0
BRDA:382,31,1,0
BRDA:397,32,0,0
BRDA:397,32,1,0
BRDA:407,33,0,0
BRDA:407,33,1,0
BRF:67
BRH:0
end_of_record
TN:
SF:services/xenditService.js
FN:12,(anonymous_0)
FN:27,(anonymous_1)
FN:38,(anonymous_2)
FN:97,(anonymous_3)
FN:151,(anonymous_4)
FN:180,(anonymous_5)
FN:244,(anonymous_6)
FN:270,(anonymous_7)
FN:297,(anonymous_8)
FN:314,(anonymous_9)
FNF:10
FNH:1
FNDA:1,(anonymous_0)
FNDA:0,(anonymous_1)
FNDA:0,(anonymous_2)
FNDA:0,(anonymous_3)
FNDA:0,(anonymous_4)
FNDA:0,(anonymous_5)
FNDA:0,(anonymous_6)
FNDA:0,(anonymous_7)
FNDA:0,(anonymous_8)
FNDA:0,(anonymous_9)
DA:6,1
DA:7,1
DA:8,1
DA:9,1
DA:13,1
DA:18,1
DA:21,1
DA:28,0
DA:39,0
DA:40,0
DA:42,0
DA:65,0
DA:69,0
DA:70,0
DA:71,0
DA:74,0
DA:76,0
DA:84,0
DA:85,0
DA:103,0
DA:104,0
DA:106,0
DA:107,0
DA:112,0
DA:118,0
DA:120,0
DA:122,0
DA:125,0
DA:128,0
DA:150,0
DA:151,0
DA:154,0
DA:162,0
DA:166,0
DA:186,0
DA:187,0
DA:189,0
DA:214,0
DA:220,0
DA:224,0
DA:234,0
DA:235,0
DA:245,0
DA:246,0
DA:248,0
DA:252,0
DA:259,0
DA:260,0
DA:271,0
DA:273,0
DA:275,0
DA:276,0
DA:279,0
DA:286,0
DA:287,0
DA:289,0
DA:290,0
DA:298,0
DA:306,0
DA:315,0
DA:316,0
DA:317,0
DA:320,0
DA:322,0
DA:326,1
LF:65
LH:8
BRDA:18,0,0,1
BRDA:18,0,1,1
BRDA:38,1,0,0
BRDA:56,2,0,0
BRDA:56,2,1,0
BRDA:57,3,0,0
BRDA:57,3,1,0
BRDA:65,4,0,0
BRDA:65,4,1,0
BRDA:65,4,2,0
BRDA:69,5,0,0
BRDA:69,5,1,0
BRDA:80,6,0,0
BRDA:80,6,1,0
BRDA:101,7,0,0
BRDA:107,8,0,0
BRDA:107,8,1,0
BRDA:118,9,0,0
BRDA:118,9,1,0
BRDA:120,10,0,0
BRDA:120,10,1,0
BRDA:122,11,0,0
BRDA:122,11,1,0
BRDA:143,12,0,0
BRDA:143,12,1,0
BRDA:144,13,0,0
BRDA:144,13,1,0
BRDA:151,14,0,0
BRDA:151,14,1,0
BRDA:155,15,0,0
BRDA:155,15,1,0
BRDA:155,15,2,0
BRDA:157,16,0,0
BRDA:157,16,1,0
BRDA:184,17,0,0
BRDA:200,18,0,0
BRDA:200,18,1,0
BRDA:207,19,0,0
BRDA:207,19,1,0
BRDA:214,20,0,0
BRDA:214,20,1,0
BRDA:214,20,2,0
BRDA:254,21,0,0
BRDA:254,21,1,0
BRDA:306,22,0,0
BRDA:306,22,1,0
BRDA:316,23,0,0
BRDA:316,23,1,0
BRF:48
BRH:2
end_of_record
TN:
SF:src/core/MessageRouter.js
FN:9,(anonymous_0)
FN:24,(anonymous_1)
FN:71,(anonymous_2)
FN:89,(anonymous_3)
FN:98,(anonymous_4)
FNF:5
FNH:0
FNDA:0,(anonymous_0)
FNDA:0,(anonymous_1)
FNDA:0,(anonymous_2)
FNDA:0,(anonymous_3)
FNDA:0,(anonymous_4)
DA:6,1
DA:10,0
DA:25,0
DA:30,0
DA:31,0
DA:32,0
DA:36,0
DA:37,0
DA:38,0
DA:42,0
DA:43,0
DA:44,0
DA:48,0
DA:49,0
DA:50,0
DA:56,0
DA:57,0
DA:58,0
DA:62,0
DA:63,0
DA:72,0
DA:81,0
DA:90,0
DA:99,0
DA:102,0
DA:104,0
DA:109,1
LF:27
LH:2
BRDA:30,0,0,0
BRDA:30,0,1,0
BRDA:36,1,0,0
BRDA:36,1,1,0
BRDA:42,2,0,0
BRDA:42,2,1,0
BRDA:48,3,0,0
BRDA:48,3,1,0
BRDA:56,4,0,0
BRDA:56,4,1,0
BRDA:99,5,0,0
BRDA:99,5,1,0
BRDA:99,5,2,0
BRF:13
BRH:0
end_of_record
TN:
SF:src/handlers/AIHandler.js
FN:13,(anonymous_0)
FN:30,(anonymous_1)
FN:49,(anonymous_2)
FN:55,(anonymous_3)
FN:68,(anonymous_4)
FN:131,(anonymous_5)
FN:136,(anonymous_6)
FN:145,(anonymous_7)
FN:161,(anonymous_8)
FN:181,(anonymous_9)
FN:189,(anonymous_10)
FN:200,(anonymous_11)
FN:211,(anonymous_12)
FN:220,(anonymous_13)
FN:232,(anonymous_14)
FN:254,(anonymous_15)
FN:261,(anonymous_16)
FN:292,(anonymous_17)
FN:303,(anonymous_18)
FN:313,(anonymous_19)
FN:321,(anonymous_20)
FN:326,(anonymous_21)
FN:335,(anonymous_22)
FN:352,(anonymous_23)
FNF:24
FNH:2
FNDA:95,(anonymous_0)
FNDA:23,(anonymous_1)
FNDA:0,(anonymous_2)
FNDA:0,(anonymous_3)
FNDA:0,(anonymous_4)
FNDA:0,(anonymous_5)
FNDA:0,(anonymous_6)
FNDA:0,(anonymous_7)
FNDA:0,(anonymous_8)
FNDA:0,(anonymous_9)
FNDA:0,(anonymous_10)
FNDA:0,(anonymous_11)
FNDA:0,(anonymous_12)
FNDA:0,(anonymous_13)
FNDA:0,(anonymous_14)
FNDA:0,(anonymous_15)
FNDA:0,(anonymous_16)
FNDA:0,(anonymous_17)
FNDA:0,(anonymous_18)
FNDA:0,(anonymous_19)
FNDA:0,(anonymous_20)
FNDA:0,(anonymous_21)
FNDA:0,(anonymous_22)
FNDA:0,(anonymous_23)
DA:6,7
DA:7,7
DA:8,7
DA:9,7
DA:10,7
DA:18,95
DA:19,95
DA:20,95
DA:21,95
DA:31,23
DA:34,0
DA:35,0
DA:39,0
DA:43,0
DA:47,0
DA:48,0
DA:49,0
DA:51,0
DA:55,0
DA:56,0
DA:58,0
DA:60,0
DA:69,0
DA:71,0
DA:72,0
DA:73,0
DA:76,0
DA:80,0
DA:81,0
DA:82,0
DA:83,0
DA:87,0
DA:88,0
DA:91,0
DA:94,0
DA:101,0
DA:112,0
DA:115,0
DA:116,0
DA:119,0
DA:121,0
DA:122,0
DA:132,0
DA:135,0
DA:137,0
DA:140,0
DA:144,0
DA:146,0
DA:149,0
DA:153,0
DA:162,0
DA:164,0
DA:166,0
DA:168,0
DA:170,0
DA:172,0
DA:182,0
DA:184,0
DA:185,0
DA:188,0
DA:189,0
DA:190,0
DA:193,0
DA:194,0
DA:198,0
DA:199,0
DA:200,0
DA:202,0
DA:204,0
DA:212,0
DA:221,0
DA:224,0
DA:225,0
DA:227,0
DA:228,0
DA:232,0
DA:241,0
DA:255,0
DA:262,0
DA:264,0
DA:266,0
DA:267,0
DA:273,0
DA:293,0
DA:304,0
DA:306,0
DA:309,0
DA:310,0
DA:312,0
DA:313,0
DA:314,0
DA:316,0
DA:321,0
DA:322,0
DA:324,0
DA:325,0
DA:326,0
DA:330,0
DA:333,0
DA:335,0
DA:353,0
DA:354,0
DA:355,0
DA:356,0
DA:362,0
DA:364,0
DA:390,0
DA:391,0
DA:392,0
DA:393,0
DA:394,0
DA:403,0
DA:411,0
DA:416,0
DA:417,0
DA:425,7
LF:116
LH:11
BRDA:14,0,0,95
BRDA:15,1,0,95
BRDA:16,2,0,0
BRDA:30,3,0,0
BRDA:31,4,0,23
BRDA:31,4,1,0
BRDA:34,5,0,0
BRDA:34,5,1,0
BRDA:39,6,0,0
BRDA:39,6,1,0
BRDA:40,7,0,0
BRDA:40,7,1,0
BRDA:51,8,0,0
BRDA:51,8,1,0
BRDA:58,9,0,0
BRDA:58,9,1,0
BRDA:68,10,0,0
BRDA:72,11,0,0
BRDA:72,11,1,0
BRDA:82,12,0,0
BRDA:82,12,1,0
BRDA:115,13,0,0
BRDA:115,13,1,0
BRDA:119,14,0,0
BRDA:119,14,1,0
BRDA:135,15,0,0
BRDA:135,15,1,0
BRDA:144,16,0,0
BRDA:144,16,1,0
BRDA:164,17,0,0
BRDA:164,17,1,0
BRDA:164,17,2,0
BRDA:164,17,3,0
BRDA:184,18,0,0
BRDA:184,18,1,0
BRDA:188,19,0,0
BRDA:188,19,1,0
BRDA:188,20,0,0
BRDA:188,20,1,0
BRDA:193,21,0,0
BRDA:193,21,1,0
BRDA:193,22,0,0
BRDA:193,22,1,0
BRDA:227,23,0,0
BRDA:227,23,1,0
BRDA:266,24,0,0
BRDA:266,24,1,0
BRDA:281,25,0,0
BRDA:281,25,1,0
BRDA:312,26,0,0
BRDA:312,26,1,0
BRDA:312,27,0,0
BRDA:312,27,1,0
BRDA:316,28,0,0
BRDA:316,28,1,0
BRDA:317,29,0,0
BRDA:317,29,1,0
BRDA:317,29,2,0
BRDA:324,30,0,0
BRDA:324,30,1,0
BRDA:324,31,0,0
BRDA:324,31,1,0
BRDA:355,32,0,0
BRDA:355,32,1,0
BRDA:373,33,0,0
BRDA:373,33,1,0
BRDA:392,34,0,0
BRDA:392,34,1,0
BRF:68
BRH:3
end_of_record
TN:
SF:src/handlers/AdminAnalyticsHandler.js
FN:10,(anonymous_0)
FN:22,(anonymous_1)
FN:63,(anonymous_2)
FN:105,(anonymous_3)
FN:115,(anonymous_4)
FN:129,(anonymous_5)
FN:143,(anonymous_6)
FNF:7
FNH:5
FNDA:38,(anonymous_0)
FNDA:1,(anonymous_1)
FNDA:0,(anonymous_2)
FNDA:2,(anonymous_3)
FNDA:1,(anonymous_4)
FNDA:0,(anonymous_5)
FNDA:1,(anonymous_6)
DA:7,2
DA:11,38
DA:12,38
DA:13,38
DA:14,38
DA:15,38
DA:23,1
DA:25,1
DA:28,1
DA:31,1
DA:34,1
DA:35,1
DA:36,1
DA:37,1
DA:38,1
DA:39,1
DA:42,1
DA:45,1
DA:48,1
DA:49,0
DA:50,0
DA:51,0
DA:55,0
DA:56,0
DA:60,1
DA:61,0
DA:62,0
DA:63,0
DA:64,0
DA:65,0
DA:66,0
DA:67,0
DA:69,0
DA:73,1
DA:74,1
DA:75,1
DA:76,1
DA:77,1
DA:78,1
DA:79,1
DA:82,1
DA:83,1
DA:84,1
DA:85,1
DA:86,1
DA:88,1
DA:89,1
DA:90,1
DA:91,1
DA:92,1
DA:94,1
DA:95,1
DA:97,0
DA:98,0
DA:106,2
DA:107,0
DA:109,2
DA:116,1
DA:117,1
DA:130,0
DA:131,0
DA:144,1
DA:145,1
DA:146,1
DA:147,1
DA:149,0
DA:153,2
LF:67
LH:48
BRDA:22,0,0,0
BRDA:48,1,0,0
BRDA:48,1,1,1
BRDA:60,2,0,0
BRDA:60,2,1,1
BRDA:67,3,0,0
BRDA:67,3,1,0
BRDA:106,4,0,0
BRDA:106,4,1,2
BRDA:106,5,0,2
BRDA:106,5,1,2
BRDA:106,5,2,2
BRDA:115,6,0,0
BRDA:116,7,0,1
BRDA:116,7,1,0
BRDA:129,8,0,0
BRDA:130,9,0,0
BRDA:130,9,1,0
BRDA:144,10,0,0
BRDA:144,10,1,1
BRDA:146,11,0,1
BRDA:146,11,1,0
BRF:22
BRH:9
end_of_record
TN:
SF:src/handlers/AdminHandler.js
FN:22,(anonymous_0)
FN:60,(anonymous_1)
FN:63,(anonymous_2)
FN:66,(anonymous_3)
FN:68,(anonymous_4)
FN:72,(anonymous_5)
FN:77,(anonymous_6)
FN:80,(anonymous_7)
FN:81,(anonymous_8)
FN:82,(anonymous_9)
FN:83,(anonymous_10)
FN:85,(anonymous_11)
FN:89,(anonymous_12)
FN:91,(anonymous_13)
FN:93,(anonymous_14)
FN:94,(anonymous_15)
FN:96,(anonymous_16)
FN:100,(anonymous_17)
FN:102,(anonymous_18)
FN:103,(anonymous_19)
FN:105,(anonymous_20)
FN:109,(anonymous_21)
FN:111,(anonymous_22)
FN:113,(anonymous_23)
FN:117,(anonymous_24)
FN:124,(anonymous_25)
FN:194,(anonymous_26)
FN:201,(anonymous_27)
FN:253,(anonymous_28)
FN:300,(anonymous_29)
FN:308,(anonymous_30)
FN:309,(anonymous_31)
FN:318,(anonymous_32)
FN:319,(anonymous_33)
FN:334,(anonymous_34)
FN:349,(anonymous_35)
FN:381,(anonymous_36)
FN:399,(anonymous_37)
FN:420,(anonymous_38)
FN:447,(anonymous_39)
FN:497,(anonymous_40)
FN:522,(anonymous_41)
FN:541,(anonymous_42)
FN:576,(anonymous_43)
FN:602,(anonymous_44)
FNF:45
FNH:11
FNDA:38,(anonymous_0)
FNDA:38,(anonymous_1)
FNDA:6,(anonymous_2)
FNDA:1,(anonymous_3)
FNDA:0,(anonymous_4)
FNDA:1,(anonymous_5)
FNDA:1,(anonymous_6)
FNDA:0,(anonymous_7)
FNDA:0,(anonymous_8)
FNDA:0,(anonymous_9)
FNDA:0,(anonymous_10)
FNDA:0,(anonymous_11)
FNDA:0,(anonymous_12)
FNDA:1,(anonymous_13)
FNDA:0,(anonymous_14)
FNDA:0,(anonymous_15)
FNDA:0,(anonymous_16)
FNDA:1,(anonymous_17)
FNDA:0,(anonymous_18)
FNDA:0,(anonymous_19)
FNDA:0,(anonymous_20)
FNDA:0,(anonymous_21)
FNDA:0,(anonymous_22)
FNDA:0,(anonymous_23)
FNDA:0,(anonymous_24)
FNDA:22,(anonymous_25)
FNDA:0,(anonymous_26)
FNDA:6,(anonymous_27)
FNDA:0,(anonymous_28)
FNDA:0,(anonymous_29)
FNDA:0,(anonymous_30)
FNDA:0,(anonymous_31)
FNDA:0,(anonymous_32)
FNDA:0,(anonymous_33)
FNDA:0,(anonymous_34)
FNDA:0,(anonymous_35)
FNDA:0,(anonymous_36)
FNDA:0,(anonymous_37)
FNDA:0,(anonymous_38)
FNDA:0,(anonymous_39)
FNDA:0,(anonymous_40)
FNDA:0,(anonymous_41)
FNDA:0,(anonymous_42)
FNDA:0,(anonymous_43)
FNDA:16,(anonymous_44)
DA:6,2
DA:7,2
DA:8,2
DA:9,2
DA:10,2
DA:11,2
DA:12,2
DA:13,2
DA:14,2
DA:15,2
DA:16,2
DA:17,2
DA:18,2
DA:19,2
DA:23,38
DA:24,38
DA:25,38
DA:26,38
DA:27,38
DA:28,38
DA:29,38
DA:34,38
DA:35,38
DA:38,38
DA:39,38
DA:45,38
DA:52,38
DA:61,38
DA:63,6
DA:67,1
DA:69,0
DA:73,1
DA:74,1
DA:75,1
DA:77,1
DA:80,0
DA:81,0
DA:82,0
DA:84,0
DA:86,0
DA:90,0
DA:92,1
DA:93,0
DA:95,0
DA:97,0
DA:101,1
DA:102,0
DA:104,0
DA:106,0
DA:110,0
DA:112,0
DA:114,0
DA:117,0
DA:126,22
DA:127,2
DA:128,2
DA:132,20
DA:133,0
DA:138,0
DA:142,20
DA:143,4
DA:147,16
DA:148,16
DA:149,16
DA:152,16
DA:153,0
DA:154,0
DA:157,16
DA:158,1
DA:161,16
DA:163,16
DA:164,16
DA:165,0
DA:169,16
DA:172,16
DA:173,13
DA:177,3
DA:178,69
DA:179,0
DA:184,3
DA:186,2
DA:187,2
DA:195,0
DA:202,6
DA:203,6
DA:204,6
DA:206,6
DA:207,6
DA:210,6
DA:213,6
DA:214,5
DA:215,5
DA:216,5
DA:222,5
DA:223,5
DA:224,5
DA:227,5
DA:229,5
DA:230,5
DA:231,5
DA:232,5
DA:233,5
DA:234,5
DA:235,5
DA:236,5
DA:237,5
DA:238,5
DA:239,5
DA:240,5
DA:242,5
DA:243,5
DA:245,1
DA:246,1
DA:254,0
DA:257,0
DA:258,0
DA:262,0
DA:263,0
DA:264,0
DA:265,0
DA:267,0
DA:268,0
DA:274,0
DA:282,0
DA:287,0
DA:301,0
DA:302,0
DA:304,0
DA:306,0
DA:307,0
DA:308,0
DA:310,0
DA:311,0
DA:312,0
DA:313,0
DA:316,0
DA:317,0
DA:318,0
DA:320,0
DA:321,0
DA:322,0
DA:323,0
DA:326,0
DA:328,0
DA:335,0
DA:337,0
DA:338,0
DA:349,0
DA:351,0
DA:352,0
DA:359,0
DA:360,0
DA:361,0
DA:370,0
DA:371,0
DA:372,0
DA:374,0
DA:382,0
DA:384,0
DA:385,0
DA:399,0
DA:401,0
DA:402,0
DA:405,0
DA:406,0
DA:407,0
DA:409,0
DA:410,0
DA:411,0
DA:413,0
DA:421,0
DA:423,0
DA:424,0
DA:432,0
DA:433,0
DA:434,0
DA:436,0
DA:437,0
DA:438,0
DA:440,0
DA:448,0
DA:451,0
DA:452,0
DA:456,0
DA:457,0
DA:461,0
DA:462,0
DA:463,0
DA:464,0
DA:466,0
DA:467,0
DA:473,0
DA:481,0
DA:485,0
DA:498,0
DA:499,0
DA:501,0
DA:502,0
DA:503,0
DA:504,0
DA:505,0
DA:506,0
DA:507,0
DA:508,0
DA:509,0
DA:510,0
DA:511,0
DA:512,0
DA:513,0
DA:514,0
DA:516,0
DA:523,0
DA:524,0
DA:525,0
DA:526,0
DA:527,0
DA:528,0
DA:529,0
DA:530,0
DA:531,0
DA:532,0
DA:535,0
DA:542,0
DA:543,0
DA:544,0
DA:552,0
DA:554,0
DA:556,0
DA:558,0
DA:559,0
DA:563,0
DA:564,0
DA:566,0
DA:567,0
DA:570,0
DA:571,0
DA:574,0
DA:575,0
DA:576,0
DA:577,0
DA:579,0
DA:582,0
DA:583,0
DA:586,0
DA:587,0
DA:590,0
DA:591,0
DA:593,0
DA:603,16
DA:604,16
DA:605,16
DA:607,16
DA:608,16
DA:609,16
DA:612,16
DA:613,16
DA:614,16
DA:616,16
DA:617,16
DA:618,16
DA:619,16
DA:620,16
DA:621,16
DA:623,16
DA:624,16
DA:625,16
DA:626,16
DA:627,16
DA:628,16
DA:630,16
DA:631,16
DA:632,16
DA:633,16
DA:634,16
DA:636,16
DA:637,16
DA:638,16
DA:639,16
DA:641,16
DA:642,16
DA:644,16
DA:645,16
DA:646,16
DA:647,16
DA:648,16
DA:649,16
DA:650,16
DA:652,16
DA:656,2
LF:289
LH:130
BRDA:22,0,0,0
BRDA:74,1,0,1
BRDA:74,1,1,0
BRDA:74,2,0,1
BRDA:74,2,1,0
BRDA:126,3,0,2
BRDA:126,3,1,20
BRDA:132,4,0,0
BRDA:132,4,1,20
BRDA:142,5,0,4
BRDA:142,5,1,16
BRDA:142,6,0,20
BRDA:142,6,1,17
BRDA:152,7,0,0
BRDA:152,7,1,16
BRDA:157,8,0,1
BRDA:157,8,1,15
BRDA:164,9,0,0
BRDA:164,9,1,16
BRDA:172,10,0,13
BRDA:172,10,1,3
BRDA:178,11,0,0
BRDA:178,11,1,69
BRDA:178,12,0,69
BRDA:178,12,1,69
BRDA:194,13,0,0
BRDA:207,14,0,0
BRDA:207,14,1,6
BRDA:257,15,0,0
BRDA:257,15,1,0
BRDA:262,16,0,0
BRDA:262,16,1,0
BRDA:267,17,0,0
BRDA:267,17,1,0
BRDA:310,18,0,0
BRDA:310,18,1,0
BRDA:310,19,0,0
BRDA:310,19,1,0
BRDA:320,20,0,0
BRDA:320,20,1,0
BRDA:320,21,0,0
BRDA:320,21,1,0
BRDA:337,22,0,0
BRDA:337,22,1,0
BRDA:351,23,0,0
BRDA:351,23,1,0
BRDA:370,24,0,0
BRDA:370,24,1,0
BRDA:384,25,0,0
BRDA:384,25,1,0
BRDA:401,26,0,0
BRDA:401,26,1,0
BRDA:409,27,0,0
BRDA:409,27,1,0
BRDA:423,28,0,0
BRDA:423,28,1,0
BRDA:436,29,0,0
BRDA:436,29,1,0
BRDA:451,30,0,0
BRDA:451,30,1,0
BRDA:456,31,0,0
BRDA:456,31,1,0
BRDA:456,32,0,0
BRDA:456,32,1,0
BRDA:461,33,0,0
BRDA:461,33,1,0
BRDA:466,34,0,0
BRDA:466,34,1,0
BRDA:543,35,0,0
BRDA:543,35,1,0
BRDA:558,36,0,0
BRDA:558,36,1,0
BRDA:566,37,0,0
BRDA:566,37,1,0
BRDA:570,38,0,0
BRDA:570,38,1,0
BRDA:574,39,0,0
BRDA:574,39,1,0
BRDA:574,40,0,0
BRDA:574,40,1,0
BRDA:582,41,0,0
BRDA:582,41,1,0
BRDA:586,42,0,0
BRDA:586,42,1,0
BRF:84
BRH:19
end_of_record
TN:
SF:src/handlers/AdminInventoryHandler.js
FN:9,(anonymous_0)
FN:16,(anonymous_1)
FN:56,(anonymous_2)
FN:96,(anonymous_3)
FN:118,(anonymous_4)
FN:119,(anonymous_5)
FN:144,(anonymous_6)
FN:158,(anonymous_7)
FN:187,(anonymous_8)
FN:198,(anonymous_9)
FN:199,(anonymous_10)
FN:217,(anonymous_11)
FNF:12
FNH:1
FNDA:38,(anonymous_0)
FNDA:0,(anonymous_1)
FNDA:0,(anonymous_2)
FNDA:0,(anonymous_3)
FNDA:0,(anonymous_4)
FNDA:0,(anonymous_5)
FNDA:0,(anonymous_6)
FNDA:0,(anonymous_7)
FNDA:0,(anonymous_8)
FNDA:0,(anonymous_9)
FNDA:0,(anonymous_10)
FNDA:0,(anonymous_11)
DA:6,2
DA:10,38
DA:17,0
DA:18,0
DA:19,0
DA:29,0
DA:30,0
DA:32,0
DA:33,0
DA:35,0
DA:41,0
DA:42,0
DA:49,0
DA:57,0
DA:58,0
DA:59,0
DA:72,0
DA:75,0
DA:76,0
DA:78,0
DA:98,0
DA:99,0
DA:101,0
DA:102,0
DA:106,0
DA:110,0
DA:111,0
DA:112,0
DA:116,0
DA:118,0
DA:119,0
DA:121,0
DA:122,0
DA:125,0
DA:126,0
DA:128,0
DA:134,0
DA:136,0
DA:142,0
DA:143,0
DA:144,0
DA:145,0
DA:148,0
DA:149,0
DA:151,0
DA:159,0
DA:160,0
DA:162,0
DA:164,0
DA:166,0
DA:167,0
DA:169,0
DA:171,0
DA:173,0
DA:174,0
DA:175,0
DA:178,0
DA:181,0
DA:188,0
DA:190,0
DA:192,0
DA:193,0
DA:195,0
DA:196,0
DA:197,0
DA:198,0
DA:200,0
DA:204,0
DA:205,0
DA:208,0
DA:210,0
DA:218,0
DA:219,0
DA:221,0
DA:222,0
DA:225,0
DA:226,0
DA:228,0
DA:230,0
DA:231,0
DA:234,0
DA:236,0
DA:237,0
DA:239,0
DA:240,0
DA:242,0
DA:243,0
DA:247,0
DA:251,2
LF:89
LH:3
BRDA:9,0,0,0
BRDA:18,1,0,0
BRDA:18,1,1,0
BRDA:41,2,0,0
BRDA:41,2,1,0
BRDA:58,3,0,0
BRDA:58,3,1,0
BRDA:101,4,0,0
BRDA:101,4,1,0
BRDA:106,5,0,0
BRDA:106,5,1,0
BRDA:107,6,0,0
BRDA:107,6,1,0
BRDA:121,7,0,0
BRDA:121,7,1,0
BRDA:134,8,0,0
BRDA:134,8,1,0
BRDA:142,9,0,0
BRDA:142,9,1,0
BRDA:142,10,0,0
BRDA:142,10,1,0
BRDA:166,11,0,0
BRDA:166,11,1,0
BRDA:173,12,0,0
BRDA:173,12,1,0
BRDA:173,13,0,0
BRDA:173,13,1,0
BRDA:173,14,0,0
BRDA:173,14,1,0
BRDA:192,15,0,0
BRDA:192,15,1,0
BRDA:195,16,0,0
BRDA:195,16,1,0
BRDA:204,17,0,0
BRDA:204,17,1,0
BRDA:219,18,0,0
BRDA:219,18,1,0
BRDA:221,19,0,0
BRDA:221,19,1,0
BRDA:221,20,0,0
BRDA:221,20,1,0
BRDA:221,20,2,0
BRDA:230,21,0,0
BRDA:230,21,1,0
BRDA:236,22,0,0
BRDA:236,22,1,0
BRF:46
BRH:0
end_of_record
TN:
SF:src/handlers/AdminOrderHandler.js
FN:11,(anonymous_0)
FN:22,(anonymous_1)
FN:105,(anonymous_2)
FN:112,(anonymous_3)
FN:115,(anonymous_4)
FN:143,(anonymous_5)
FNF:6
FNH:1
FNDA:38,(anonymous_0)
FNDA:0,(anonymous_1)
FNDA:0,(anonymous_2)
FNDA:0,(anonymous_3)
FNDA:0,(anonymous_4)
FNDA:0,(anonymous_5)
DA:7,2
DA:8,2
DA:12,38
DA:13,38
DA:23,0
DA:24,0
DA:25,0
DA:28,0
DA:29,0
DA:31,0
DA:32,0
DA:35,0
DA:36,0
DA:37,0
DA:41,0
DA:42,0
DA:43,0
DA:44,0
DA:48,0
DA:49,0
DA:54,0
DA:57,0
DA:61,0
DA:65,0
DA:70,0
DA:71,0
DA:72,0
DA:75,0
DA:76,0
DA:82,0
DA:86,0
DA:89,0
DA:90,0
DA:95,0
DA:98,0
DA:104,0
DA:105,0
DA:106,0
DA:109,0
DA:112,0
DA:115,0
DA:121,0
DA:126,0
DA:127,0
DA:129,0
DA:144,0
DA:146,0
DA:147,0
DA:150,0
DA:152,0
DA:157,0
DA:166,2
LF:52
LH:5
BRDA:24,0,0,0
BRDA:24,0,1,0
BRDA:31,1,0,0
BRDA:31,1,1,0
BRDA:36,2,0,0
BRDA:36,2,1,0
BRDA:42,3,0,0
BRDA:42,3,1,0
BRDA:48,4,0,0
BRDA:48,4,1,0
BRDA:89,5,0,0
BRDA:89,5,1,0
BRDA:146,6,0,0
BRDA:146,6,1,0
BRF:14
BRH:0
end_of_record
TN:
SF:src/handlers/AdminPromoHandler.js
FN:14,(anonymous_0)
FN:22,(anonymous_1)
FN:60,(anonymous_2)
FN:74,(anonymous_3)
FN:76,(anonymous_4)
FN:81,(anonymous_5)
FN:99,(anonymous_6)
FN:118,(anonymous_7)
FN:133,(anonymous_8)
FNF:9
FNH:1
FNDA:38,(anonymous_0)
FNDA:0,(anonymous_1)
FNDA:0,(anonymous_2)
FNDA:0,(anonymous_3)
FNDA:0,(anonymous_4)
FNDA:0,(anonymous_5)
FNDA:0,(anonymous_6)
FNDA:0,(anonymous_7)
FNDA:0,(anonymous_8)
DA:6,2
DA:15,38
DA:16,38
DA:23,0
DA:25,0
DA:26,0
DA:35,0
DA:36,0
DA:37,0
DA:38,0
DA:40,0
DA:41,0
DA:44,0
DA:45,0
DA:48,0
DA:54,0
DA:61,0
DA:63,0
DA:64,0
DA:71,0
DA:73,0
DA:74,0
DA:75,0
DA:76,0
DA:79,0
DA:80,0
DA:81,0
DA:82,0
DA:86,0
DA:90,0
DA:91,0
DA:92,0
DA:93,0
DA:97,0
DA:98,0
DA:99,0
DA:100,0
DA:106,0
DA:107,0
DA:108,0
DA:109,0
DA:110,0
DA:112,0
DA:119,0
DA:121,0
DA:122,0
DA:125,0
DA:126,0
DA:127,0
DA:134,0
DA:136,0
DA:137,0
DA:140,0
DA:141,0
DA:143,0
DA:144,0
DA:147,0
DA:148,0
DA:149,0
DA:150,0
DA:151,0
DA:154,0
DA:155,0
DA:163,0
DA:164,0
DA:168,2
LF:66
LH:4
BRDA:14,0,0,0
BRDA:25,1,0,0
BRDA:25,1,1,0
BRDA:38,2,0,0
BRDA:38,2,1,0
BRDA:40,3,0,0
BRDA:40,3,1,0
BRDA:40,4,0,0
BRDA:40,4,1,0
BRDA:44,5,0,0
BRDA:44,5,1,0
BRDA:44,6,0,0
BRDA:44,6,1,0
BRDA:63,7,0,0
BRDA:63,7,1,0
BRDA:74,8,0,0
BRDA:74,8,1,0
BRDA:76,9,0,0
BRDA:76,9,1,0
BRDA:79,10,0,0
BRDA:79,10,1,0
BRDA:86,11,0,0
BRDA:86,11,1,0
BRDA:97,12,0,0
BRDA:97,12,1,0
BRDA:121,13,0,0
BRDA:121,13,1,0
BRDA:136,14,0,0
BRDA:136,14,1,0
BRDA:143,15,0,0
BRDA:143,15,1,0
BRDA:152,16,0,0
BRDA:152,16,1,0
BRDA:156,17,0,0
BRDA:156,17,1,0
BRDA:157,18,0,0
BRDA:157,18,1,0
BRF:37
BRH:0
end_of_record
TN:
SF:src/handlers/AdminReviewHandler.js
FN:10,(anonymous_0)
FN:20,(anonymous_1)
FN:38,(anonymous_2)
FN:60,(anonymous_3)
FN:110,(anonymous_4)
FN:145,(anonymous_5)
FN:168,(anonymous_6)
FN:182,(anonymous_7)
FN:196,(anonymous_8)
FNF:9
FNH:1
FNDA:38,(anonymous_0)
FNDA:0,(anonymous_1)
FNDA:0,(anonymous_2)
FNDA:0,(anonymous_3)
FNDA:0,(anonymous_4)
FNDA:0,(anonymous_5)
FNDA:0,(anonymous_6)
FNDA:0,(anonymous_7)
FNDA:0,(anonymous_8)
DA:7,2
DA:11,38
DA:12,38
DA:13,38
DA:21,0
DA:22,0
DA:24,0
DA:25,0
DA:26,0
DA:27,0
DA:28,0
DA:29,0
DA:30,0
DA:31,0
DA:32,0
DA:33,0
DA:34,0
DA:36,0
DA:37,0
DA:38,0
DA:39,0
DA:45,0
DA:49,0
DA:51,0
DA:52,0
DA:61,0
DA:62,0
DA:64,0
DA:65,0
DA:74,0
DA:75,0
DA:76,0
DA:80,0
DA:82,0
DA:83,0
DA:86,0
DA:87,0
DA:88,0
DA:89,0
DA:90,0
DA:91,0
DA:93,0
DA:99,0
DA:101,0
DA:102,0
DA:111,0
DA:112,0
DA:114,0
DA:115,0
DA:124,0
DA:126,0
DA:127,0
DA:130,0
DA:131,0
DA:133,0
DA:134,0
DA:135,0
DA:136,0
DA:141,0
DA:144,0
DA:145,0
DA:146,0
DA:147,0
DA:148,0
DA:152,0
DA:153,0
DA:156,0
DA:158,0
DA:160,0
DA:161,0
DA:169,0
DA:170,0
DA:183,0
DA:184,0
DA:197,0
DA:198,0
DA:199,0
DA:200,0
DA:202,0
DA:206,2
LF:80
LH:5
BRDA:20,0,0,0
BRDA:30,1,0,0
BRDA:30,1,1,0
BRDA:31,2,0,0
BRDA:31,2,1,0
BRDA:32,3,0,0
BRDA:32,3,1,0
BRDA:33,4,0,0
BRDA:33,4,1,0
BRDA:34,5,0,0
BRDA:34,5,1,0
BRDA:36,6,0,0
BRDA:36,6,1,0
BRDA:36,7,0,0
BRDA:36,7,1,0
BRDA:64,8,0,0
BRDA:64,8,1,0
BRDA:64,9,0,0
BRDA:64,9,1,0
BRDA:75,10,0,0
BRDA:75,10,1,0
BRDA:82,11,0,0
BRDA:82,11,1,0
BRDA:114,12,0,0
BRDA:114,12,1,0
BRDA:126,13,0,0
BRDA:126,13,1,0
BRDA:136,14,0,0
BRDA:136,14,1,0
BRDA:137,15,0,0
BRDA:137,15,1,0
BRDA:138,16,0,0
BRDA:138,16,1,0
BRDA:138,17,0,0
BRDA:138,17,1,0
BRDA:139,18,0,0
BRDA:139,18,1,0
BRDA:147,19,0,0
BRDA:147,19,1,0
BRDA:152,20,0,0
BRDA:152,20,1,0
BRDA:168,21,0,0
BRDA:169,22,0,0
BRDA:169,22,1,0
BRDA:182,23,0,0
BRDA:183,24,0,0
BRDA:183,24,1,0
BRDA:197,25,0,0
BRDA:197,25,1,0
BRDA:199,26,0,0
BRDA:199,26,1,0
BRF:51
BRH:0
end_of_record
TN:
SF:src/handlers/BaseHandler.js
FN:7,(anonymous_0)
FN:20,(anonymous_1)
FN:30,(anonymous_2)
FN:45,(anonymous_3)
FN:60,(anonymous_4)
FN:69,(anonymous_5)
FN:84,(anonymous_6)
FNF:7
FNH:4
FNDA:444,(anonymous_0)
FNDA:0,(anonymous_1)
FNDA:88,(anonymous_2)
FNDA:11,(anonymous_3)
FNDA:0,(anonymous_4)
FNDA:88,(anonymous_5)
FNDA:0,(anonymous_6)
DA:8,444
DA:9,444
DA:21,0
DA:31,88
DA:32,43
DA:46,11
DA:47,3
DA:52,11
DA:61,0
DA:70,88
DA:71,88
DA:72,88
DA:75,88
DA:76,88
DA:85,0
DA:89,9
LF:16
LH:13
BRDA:7,0,0,133
BRDA:20,1,0,0
BRDA:30,2,0,11
BRDA:31,3,0,43
BRDA:31,3,1,45
BRDA:45,4,0,0
BRDA:46,5,0,3
BRDA:46,5,1,8
BRF:8
BRH:6
end_of_record
TN:
SF:src/handlers/CustomerCheckoutHandler.js
FN:13,(anonymous_0)
FN:22,(anonymous_1)
FN:56,(anonymous_2)
FN:79,(anonymous_3)
FN:116,(anonymous_4)
FN:138,(anonymous_5)
FN:141,(anonymous_6)
FN:150,(anonymous_7)
FNF:8
FNH:8
FNDA:102,(anonymous_0)
FNDA:23,(anonymous_1)
FNDA:19,(anonymous_2)
FNDA:9,(anonymous_3)
FNDA:26,(anonymous_4)
FNDA:6,(anonymous_5)
FNDA:6,(anonymous_6)
FNDA:120,(anonymous_7)
DA:7,6
DA:8,6
DA:9,6
DA:10,6
DA:14,102
DA:15,102
DA:23,23
DA:24,5
DA:27,18
DA:28,6
DA:29,6
DA:30,6
DA:31,6
DA:33,6
DA:35,6
DA:42,12
DA:43,10
DA:44,10
DA:47,2
DA:57,19
DA:59,18
DA:60,5
DA:67,13
DA:72,13
DA:78,13
DA:79,13
DA:80,13
DA:85,13
DA:86,13
DA:87,13
DA:88,13
DA:89,13
DA:92,13
DA:95,13
DA:98,13
DA:100,13
DA:107,13
DA:117,26
DA:119,25
DA:120,1
DA:127,24
DA:128,24
DA:130,24
DA:131,127
DA:132,126
DA:133,6
DA:137,23
DA:138,6
DA:140,5
DA:141,6
DA:144,5
DA:150,120
DA:151,18
DA:154,18
DA:155,18
DA:156,18
DA:157,18
DA:158,18
DA:160,18
DA:162,3
DA:164,3
DA:165,2
DA:169,2
DA:170,2
DA:172,2
DA:181,1
DA:182,1
DA:183,1
DA:184,1
DA:188,18
DA:189,18
DA:191,18
DA:199,18
DA:201,18
DA:208,18
DA:210,18
DA:217,6
LF:77
LH:77
BRDA:15,0,0,102
BRDA:15,0,1,1
BRDA:23,1,0,5
BRDA:23,1,1,18
BRDA:23,2,0,23
BRDA:23,2,1,20
BRDA:23,2,2,19
BRDA:27,3,0,6
BRDA:27,3,1,12
BRDA:42,4,0,10
BRDA:42,4,1,2
BRDA:42,5,0,12
BRDA:42,5,1,12
BRDA:59,6,0,5
BRDA:59,6,1,13
BRDA:119,7,0,1
BRDA:119,7,1,24
BRDA:132,8,0,6
BRDA:132,8,1,120
BRDA:137,9,0,5
BRDA:137,9,1,18
BRDA:156,10,0,18
BRDA:156,10,1,15
BRDA:160,11,0,3
BRDA:160,11,1,15
BRDA:160,12,0,18
BRDA:160,12,1,3
BRDA:164,13,0,2
BRDA:164,13,1,1
BRF:29
BRH:29
end_of_record
TN:
SF:src/handlers/CustomerHandler.js
FN:26,(anonymous_0)
FN:52,(anonymous_1)
FN:176,(anonymous_2)
FN:212,(anonymous_3)
FN:228,(anonymous_4)
FN:317,(anonymous_5)
FN:324,(anonymous_6)
FN:338,(anonymous_7)
FN:345,(anonymous_8)
FN:357,(anonymous_9)
FN:370,(anonymous_10)
FN:398,(anonymous_11)
FN:431,(anonymous_12)
FN:500,(anonymous_13)
FNF:14
FNH:10
FNDA:57,(anonymous_0)
FNDA:109,(anonymous_1)
FNDA:30,(anonymous_2)
FNDA:24,(anonymous_3)
FNDA:23,(anonymous_4)
FNDA:35,(anonymous_5)
FNDA:16,(anonymous_6)
FNDA:0,(anonymous_7)
FNDA:0,(anonymous_8)
FNDA:3,(anonymous_9)
FNDA:0,(anonymous_10)
FNDA:2,(anonymous_11)
FNDA:0,(anonymous_12)
FNDA:2,(anonymous_13)
DA:6,5
DA:11,5
DA:12,5
DA:13,5
DA:14,5
DA:15,5
DA:16,5
DA:17,5
DA:18,5
DA:19,5
DA:20,5
DA:21,5
DA:22,5
DA:23,5
DA:27,57
DA:28,57
DA:29,57
DA:30,57
DA:31,57
DA:32,57
DA:33,57
DA:34,57
DA:37,57
DA:42,57
DA:53,109
DA:58,109
DA:59,0
DA:60,0
DA:64,109
DA:65,109
DA:66,109
DA:68,109
DA:69,2
DA:70,2
DA:74,107
DA:75,0
DA:76,0
DA:79,107
DA:80,0
DA:83,107
DA:85,107
DA:86,26
DA:87,26
DA:88,26
DA:91,81
DA:92,1
DA:93,1
DA:96,80
DA:97,14
DA:98,14
DA:101,66
DA:102,1
DA:103,1
DA:106,65
DA:111,0
DA:112,0
DA:115,65
DA:116,5
DA:117,5
DA:120,60
DA:121,0
DA:122,0
DA:126,60
DA:127,60
DA:129,23
DA:130,23
DA:134,26
DA:135,8
DA:136,8
DA:138,18
DA:139,1
DA:140,1
DA:143,17
DA:144,17
DA:147,11
DA:148,11
DA:151,0
DA:152,0
DA:155,0
DA:156,0
DA:159,0
DA:160,0
DA:163,0
DA:164,0
DA:167,8
DA:168,8
DA:169,8
DA:177,30
DA:181,30
DA:182,24
DA:183,24
DA:184,24
DA:187,24
DA:190,6
DA:191,1
DA:192,1
DA:195,5
DA:196,0
DA:197,0
DA:200,5
DA:201,0
DA:202,0
DA:205,5
DA:206,5
DA:213,24
DA:218,24
DA:222,24
DA:229,23
DA:233,23
DA:234,23
DA:237,23
DA:238,23
DA:240,23
DA:246,23
DA:247,5
DA:249,5
DA:251,5
DA:256,5
DA:258,1
DA:263,1
DA:274,23
DA:275,0
DA:281,0
DA:282,0
DA:291,0
DA:295,23
DA:296,19
DA:297,19
DA:299,19
DA:306,19
DA:310,4
DA:311,4
DA:318,35
DA:320,35
DA:321,21
DA:324,16
DA:325,14
DA:327,14
DA:332,14
DA:339,0
DA:346,0
DA:347,0
DA:350,0
DA:351,0
DA:358,3
DA:359,3
DA:361,3
DA:362,3
DA:364,3
DA:365,3
DA:368,0
DA:370,0
DA:371,0
DA:372,0
DA:374,0
DA:376,0
DA:377,0
DA:378,0
DA:379,0
DA:382,0
DA:383,0
DA:386,0
DA:388,0
DA:390,0
DA:391,0
DA:399,2
DA:400,2
DA:405,2
DA:406,2
DA:409,2
DA:413,0
DA:418,2
DA:421,2
DA:423,0
DA:424,0
DA:432,0
DA:434,0
DA:435,0
DA:438,0
DA:439,0
DA:447,0
DA:452,0
DA:453,0
DA:454,0
DA:462,0
DA:463,0
DA:465,0
DA:466,0
DA:469,0
DA:472,0
DA:476,0
DA:484,0
DA:486,0
DA:487,0
DA:488,0
DA:501,2
DA:503,2
DA:505,2
DA:507,2
DA:508,1
DA:519,1
DA:520,1
DA:521,1
DA:524,1
DA:525,1
DA:526,0
DA:534,1
DA:535,1
DA:537,1
DA:538,0
DA:563,1
DA:571,1
DA:572,1
DA:576,0
DA:577,0
DA:579,0
DA:580,0
DA:581,0
DA:582,0
DA:583,0
DA:584,0
DA:585,0
DA:591,0
DA:598,0
DA:600,0
DA:601,0
DA:606,5
LF:227
LH:144
BRDA:26,0,0,57
BRDA:58,1,0,0
BRDA:58,1,1,109
BRDA:65,2,0,109
BRDA:65,2,1,1
BRDA:68,3,0,2
BRDA:68,3,1,107
BRDA:74,4,0,0
BRDA:74,4,1,107
BRDA:79,5,0,0
BRDA:79,5,1,107
BRDA:85,6,0,26
BRDA:85,6,1,81
BRDA:91,7,0,1
BRDA:91,7,1,80
BRDA:91,8,0,81
BRDA:91,8,1,80
BRDA:96,9,0,14
BRDA:96,9,1,66
BRDA:101,10,0,1
BRDA:101,10,1,65
BRDA:101,11,0,66
BRDA:101,11,1,65
BRDA:106,12,0,0
BRDA:106,12,1,65
BRDA:107,13,0,65
BRDA:107,13,1,65
BRDA:107,13,2,65
BRDA:115,14,0,5
BRDA:115,14,1,60
BRDA:115,15,0,65
BRDA:115,15,1,64
BRDA:120,16,0,0
BRDA:120,16,1,60
BRDA:120,17,0,60
BRDA:120,17,1,60
BRDA:127,18,0,23
BRDA:127,18,1,26
BRDA:127,18,2,11
BRDA:127,18,3,0
BRDA:127,18,4,0
BRDA:127,18,5,0
BRDA:127,18,6,0
BRDA:134,19,0,8
BRDA:134,19,1,18
BRDA:134,20,0,26
BRDA:134,20,1,19
BRDA:138,21,0,1
BRDA:138,21,1,17
BRDA:181,22,0,24
BRDA:181,22,1,6
BRDA:181,23,0,30
BRDA:181,23,1,6
BRDA:181,23,2,6
BRDA:190,24,0,1
BRDA:190,24,1,5
BRDA:190,25,0,6
BRDA:190,25,1,5
BRDA:195,26,0,0
BRDA:195,26,1,5
BRDA:195,27,0,5
BRDA:195,27,1,5
BRDA:200,28,0,0
BRDA:200,28,1,5
BRDA:200,29,0,5
BRDA:200,29,1,5
BRDA:200,29,2,5
BRDA:215,30,0,24
BRDA:215,30,1,0
BRDA:242,31,0,18
BRDA:242,31,1,5
BRDA:246,32,0,5
BRDA:246,32,1,18
BRDA:253,33,0,1
BRDA:253,33,1,4
BRDA:256,34,0,1
BRDA:256,34,1,4
BRDA:274,35,0,0
BRDA:274,35,1,23
BRDA:295,36,0,19
BRDA:295,36,1,4
BRDA:320,37,0,21
BRDA:320,37,1,14
BRDA:346,38,0,0
BRDA:346,38,1,0
BRDA:346,39,0,0
BRDA:346,39,1,0
BRDA:346,39,2,0
BRDA:364,40,0,3
BRDA:364,40,1,0
BRDA:364,41,0,3
BRDA:364,41,1,3
BRDA:372,42,0,0
BRDA:372,42,1,0
BRDA:374,43,0,0
BRDA:374,43,1,0
BRDA:374,44,0,0
BRDA:374,44,1,0
BRDA:379,45,0,0
BRDA:379,45,1,0
BRDA:382,46,0,0
BRDA:382,46,1,0
BRDA:409,47,0,0
BRDA:409,47,1,2
BRDA:410,48,0,2
BRDA:410,48,1,1
BRDA:438,49,0,0
BRDA:438,49,1,0
BRDA:452,50,0,0
BRDA:452,50,1,0
BRDA:452,51,0,0
BRDA:452,51,1,0
BRDA:507,52,0,1
BRDA:507,52,1,1
BRDA:525,53,0,0
BRDA:525,53,1,1
BRDA:525,54,0,1
BRDA:525,54,1,1
BRDA:525,54,2,1
BRDA:537,55,0,0
BRDA:537,55,1,1
BRDA:571,56,0,1
BRDA:571,56,1,0
BRDA:586,57,0,0
BRDA:586,57,1,0
BRDA:589,58,0,0
BRDA:589,58,1,0
BRF:127
BRH:84
end_of_record
TN:
SF:src/handlers/CustomerWishlistHandler.js
FN:11,(anonymous_0)
FN:22,(anonymous_1)
FN:55,(anonymous_2)
FN:98,(anonymous_3)
FN:122,(anonymous_4)
FN:142,(anonymous_5)
FN:156,(anonymous_6)
FN:170,(anonymous_7)
FNF:8
FNH:3
FNDA:57,(anonymous_0)
FNDA:5,(anonymous_1)
FNDA:0,(anonymous_2)
FNDA:1,(anonymous_3)
FNDA:0,(anonymous_4)
FNDA:0,(anonymous_5)
FNDA:0,(anonymous_6)
FNDA:0,(anonymous_7)
DA:7,5
DA:8,5
DA:12,57
DA:13,57
DA:14,57
DA:15,57
DA:23,5
DA:25,5
DA:26,5
DA:28,5
DA:29,5
DA:44,0
DA:46,0
DA:47,0
DA:56,0
DA:60,0
DA:62,0
DA:63,0
DA:69,0
DA:70,0
DA:78,0
DA:79,0
DA:84,0
DA:86,0
DA:90,0
DA:99,1
DA:103,1
DA:104,1
DA:108,1
DA:110,0
DA:114,0
DA:123,0
DA:127,0
DA:128,0
DA:132,0
DA:134,0
DA:135,0
DA:143,0
DA:144,0
DA:157,0
DA:158,0
DA:171,0
DA:172,0
DA:173,0
DA:174,0
DA:176,0
DA:180,5
LF:47
LH:16
BRDA:28,0,0,5
BRDA:28,0,1,0
BRDA:69,1,0,0
BRDA:69,1,1,0
BRDA:142,2,0,0
BRDA:143,3,0,0
BRDA:143,3,1,0
BRDA:156,4,0,0
BRDA:157,5,0,0
BRDA:157,5,1,0
BRDA:171,6,0,0
BRDA:171,6,1,0
BRDA:173,7,0,0
BRDA:173,7,1,0
BRF:14
BRH:1
end_of_record
TN:
SF:src/handlers/ProductHandler.js
FN:12,(anonymous_0)
FN:25,(anonymous_1)
FN:48,(anonymous_2)
FN:65,(anonymous_3)
FN:75,(anonymous_4)
FN:84,(anonymous_5)
FN:95,(anonymous_6)
FNF:7
FNH:0
FNDA:0,(anonymous_0)
FNDA:0,(anonymous_1)
FNDA:0,(anonymous_2)
FNDA:0,(anonymous_3)
FNDA:0,(anonymous_4)
FNDA:0,(anonymous_5)
FNDA:0,(anonymous_6)
DA:6,1
DA:7,1
DA:8,1
DA:9,1
DA:13,0
DA:14,0
DA:15,0
DA:26,0
DA:28,0
DA:30,0
DA:32,0
DA:34,0
DA:36,0
DA:38,0
DA:49,0
DA:50,0
DA:52,0
DA:53,0
DA:54,0
DA:57,0
DA:58,0
DA:66,0
DA:67,0
DA:76,0
DA:85,0
DA:86,0
DA:88,0
DA:96,0
DA:100,1
LF:29
LH:5
BRDA:25,0,0,0
BRDA:28,1,0,0
BRDA:28,1,1,0
BRDA:28,1,2,0
BRDA:28,1,3,0
BRDA:28,1,4,0
BRDA:52,2,0,0
BRDA:52,2,1,0
BRDA:66,3,0,0
BRDA:66,3,1,0
BRF:10
BRH:0
end_of_record
TN:
SF:src/services/admin/AdminStatsService.js
FN:10,(anonymous_0)
FN:17,(anonymous_1)
FN:60,(anonymous_2)
FN:86,(anonymous_3)
FN:88,(anonymous_4)
FN:90,(anonymous_5)
FN:92,(anonymous_6)
FN:132,(anonymous_7)
FN:143,(anonymous_8)
FN:145,(anonymous_9)
FN:147,(anonymous_10)
FN:154,(anonymous_11)
FN:156,(anonymous_12)
FN:158,(anonymous_13)
FN:172,(anonymous_14)
FN:183,(anonymous_15)
FNF:16
FNH:9
FNDA:69,(anonymous_0)
FNDA:15,(anonymous_1)
FNDA:26,(anonymous_2)
FNDA:13,(anonymous_3)
FNDA:0,(anonymous_4)
FNDA:0,(anonymous_5)
FNDA:0,(anonymous_6)
FNDA:22,(anonymous_7)
FNDA:8,(anonymous_8)
FNDA:0,(anonymous_9)
FNDA:0,(anonymous_10)
FNDA:8,(anonymous_11)
FNDA:4,(anonymous_12)
FNDA:9,(anonymous_13)
FNDA:0,(anonymous_14)
FNDA:0,(anonymous_15)
DA:6,3
DA:7,3
DA:11,69
DA:18,15
DA:19,15
DA:30,14
DA:32,14
DA:34,14
DA:53,1
DA:61,26
DA:62,26
DA:63,26
DA:64,26
DA:66,26
DA:67,26
DA:68,26
DA:69,26
DA:70,26
DA:71,26
DA:73,26
DA:74,2
DA:84,24
DA:86,13
DA:88,24
DA:89,0
DA:90,0
DA:92,0
DA:93,0
DA:94,0
DA:95,0
DA:97,0
DA:98,0
DA:100,0
DA:101,0
DA:102,0
DA:104,0
DA:105,0
DA:106,0
DA:108,0
DA:109,0
DA:110,0
DA:119,24
DA:133,22
DA:134,22
DA:136,22
DA:137,2
DA:141,20
DA:143,8
DA:145,20
DA:146,0
DA:147,0
DA:148,0
DA:152,20
DA:154,8
DA:156,20
DA:157,4
DA:158,9
DA:159,4
DA:160,4
DA:164,20
DA:166,20
DA:173,0
DA:184,0
DA:185,0
DA:186,0
DA:187,0
DA:188,0
DA:189,0
DA:190,0
DA:191,0
DA:194,0
DA:197,0
DA:200,0
DA:201,0
DA:202,0
DA:204,0
DA:208,3
LF:77
LH:42
BRDA:19,0,0,13
BRDA:19,0,1,2
BRDA:73,1,0,2
BRDA:73,1,1,24
BRDA:97,2,0,0
BRDA:97,2,1,0
BRDA:98,3,0,0
BRDA:98,3,1,0
BRDA:100,4,0,0
BRDA:100,4,1,0
BRDA:104,5,0,0
BRDA:104,5,1,0
BRDA:108,6,0,0
BRDA:108,6,1,0
BRDA:136,7,0,2
BRDA:136,7,1,20
BRDA:164,8,0,3
BRDA:164,8,1,17
BRF:18
BRH:8
end_of_record
TN:
SF:src/services/ai/AIService.js
FN:11,(anonymous_0)
FN:28,(anonymous_1)
FN:37,(anonymous_2)
FN:78,(anonymous_3)
FN:102,(anonymous_4)
FN:124,(anonymous_5)
FN:144,(anonymous_6)
FN:182,(anonymous_7)
FN:221,(anonymous_8)
FN:249,(anonymous_9)
FN:260,(anonymous_10)
FN:274,(anonymous_11)
FNF:12
FNH:2
FNDA:95,(anonymous_0)
FNDA:23,(anonymous_1)
FNDA:0,(anonymous_2)
FNDA:0,(anonymous_3)
FNDA:0,(anonymous_4)
FNDA:0,(anonymous_5)
FNDA:0,(anonymous_6)
FNDA:0,(anonymous_7)
FNDA:0,(anonymous_8)
FNDA:0,(anonymous_9)
FNDA:0,(anonymous_10)
FNDA:0,(anonymous_11)
DA:6,7
DA:7,7
DA:8,7
DA:12,95
DA:13,95
DA:14,95
DA:17,95
DA:29,23
DA:38,0
DA:40,0
DA:43,0
DA:44,0
DA:45,0
DA:48,0
DA:49,0
DA:53,0
DA:57,0
DA:58,0
DA:62,0
DA:66,0
DA:67,0
DA:69,0
DA:70,0
DA:79,0
DA:81,0
DA:82,0
DA:83,0
DA:86,0
DA:87,0
DA:90,0
DA:91,0
DA:93,0
DA:103,0
DA:105,0
DA:106,0
DA:109,0
DA:110,0
DA:112,0
DA:114,0
DA:115,0
DA:125,0
DA:127,0
DA:128,0
DA:133,0
DA:135,0
DA:148,0
DA:149,0
DA:150,0
DA:152,0
DA:153,0
DA:154,0
DA:157,0
DA:161,0
DA:168,0
DA:183,0
DA:184,0
DA:196,0
DA:197,0
DA:203,0
DA:211,0
DA:212,0
DA:222,0
DA:223,0
DA:234,0
DA:236,0
DA:237,0
DA:250,0
DA:261,0
DA:262,0
DA:263,0
DA:264,0
DA:265,0
DA:266,0
DA:275,0
DA:276,0
DA:280,7
LF:76
LH:9
BRDA:11,0,0,0
BRDA:11,1,0,0
BRDA:38,2,0,0
BRDA:38,2,1,0
BRDA:49,3,0,0
BRDA:49,3,1,0
BRDA:50,4,0,0
BRDA:50,4,1,0
BRDA:58,5,0,0
BRDA:58,5,1,0
BRDA:59,6,0,0
BRDA:59,6,1,0
BRDA:66,7,0,0
BRDA:66,7,1,0
BRDA:79,8,0,0
BRDA:79,8,1,0
BRDA:103,9,0,0
BRDA:103,9,1,0
BRDA:103,10,0,0
BRDA:103,10,1,0
BRDA:109,11,0,0
BRDA:109,11,1,0
BRDA:125,12,0,0
BRDA:125,12,1,0
BRDA:125,13,0,0
BRDA:125,13,1,0
BRDA:157,14,0,0
BRDA:157,14,1,0
BRDA:158,15,0,0
BRDA:158,15,1,0
BRDA:182,16,0,0
BRDA:196,17,0,0
BRDA:196,17,1,0
BRDA:205,18,0,0
BRDA:205,18,1,0
BRDA:206,19,0,0
BRDA:206,19,1,0
BRDA:221,20,0,0
BRDA:262,21,0,0
BRDA:262,21,1,0
BRF:40
BRH:0
end_of_record
TN:
SF:src/services/analytics/DashboardService.js
FN:11,(anonymous_0)
FN:21,(anonymous_1)
FN:34,(anonymous_2)
FN:89,(anonymous_3)
FN:94,(anonymous_4)
FN:98,(anonymous_5)
FN:121,(anonymous_6)
FN:138,(anonymous_7)
FN:144,(anonymous_8)
FN:166,(anonymous_9)
FN:179,(anonymous_10)
FN:211,(anonymous_11)
FN:222,(anonymous_12)
FN:282,(anonymous_13)
FN:285,(anonymous_14)
FN:293,(anonymous_15)
FN:301,(anonymous_16)
FN:329,(anonymous_17)
FN:351,(anonymous_18)
FN:377,(anonymous_19)
FN:390,(anonymous_20)
FNF:21
FNH:14
FNDA:68,(anonymous_0)
FNDA:29,(anonymous_1)
FNDA:31377,(anonymous_2)
FNDA:19,(anonymous_3)
FNDA:129,(anonymous_4)
FNDA:124,(anonymous_5)
FNDA:1,(anonymous_6)
FNDA:1,(anonymous_7)
FNDA:5,(anonymous_8)
FNDA:0,(anonymous_9)
FNDA:0,(anonymous_10)
FNDA:1,(anonymous_11)
FNDA:5,(anonymous_12)
FNDA:0,(anonymous_13)
FNDA:0,(anonymous_14)
FNDA:0,(anonymous_15)
FNDA:0,(anonymous_16)
FNDA:55,(anonymous_17)
FNDA:31671,(anonymous_18)
FNDA:0,(anonymous_19)
FNDA:1,(anonymous_20)
DA:6,3
DA:7,3
DA:8,3
DA:12,68
DA:13,68
DA:22,29
DA:23,29
DA:24,29
DA:34,29
DA:35,31377
DA:40,310
DA:41,310
DA:44,310
DA:45,155
DA:46,155
DA:51,31
DA:52,124
DA:53,62
DA:54,62
DA:55,31
DA:56,31
DA:57,31
DA:59,0
DA:62,310
DA:66,29
DA:68,0
DA:71,0
DA:90,19
DA:91,19
DA:92,19
DA:94,19
DA:95,129
DA:96,93
DA:98,93
DA:99,124
DA:100,124
DA:101,124
DA:103,124
DA:104,4
DA:112,124
DA:113,124
DA:114,124
DA:120,19
DA:121,1
DA:124,19
DA:126,0
DA:129,0
DA:139,1
DA:140,1
DA:141,1
DA:144,1
DA:145,5
DA:146,0
DA:148,0
DA:149,0
DA:157,0
DA:158,0
DA:159,0
DA:164,1
DA:165,1
DA:166,0
DA:168,1
DA:171,1
DA:176,1
DA:179,0
DA:185,1
DA:193,0
DA:196,0
DA:212,1
DA:213,1
DA:215,1
DA:216,1
DA:217,1
DA:218,1
DA:220,1
DA:222,1
DA:223,5
DA:224,0
DA:225,0
DA:232,5
DA:237,0
DA:238,0
DA:239,0
DA:240,0
DA:241,0
DA:246,1
DA:249,1
DA:253,1
DA:262,0
DA:265,0
DA:283,0
DA:284,0
DA:285,0
DA:288,0
DA:289,0
DA:293,0
DA:295,0
DA:296,0
DA:299,0
DA:301,0
DA:302,0
DA:303,0
DA:304,0
DA:307,0
DA:308,0
DA:310,0
DA:311,0
DA:314,0
DA:316,0
DA:319,0
DA:330,55
DA:332,55
DA:334,55
DA:335,55
DA:336,55
DA:339,55
DA:340,55
DA:344,11545
DA:345,11545
DA:347,11545
DA:348,11332
DA:349,11332
DA:351,11332
DA:352,31671
DA:353,31671
DA:354,31578
DA:362,55
DA:364,0
DA:367,0
DA:378,0
DA:391,1
DA:401,3
LF:132
LH:85
BRDA:11,0,0,29
BRDA:12,1,0,68
BRDA:12,1,1,30
BRDA:21,2,0,4
BRDA:35,3,0,310
BRDA:35,3,1,31067
BRDA:36,4,0,31377
BRDA:36,4,1,31067
BRDA:36,4,2,31067
BRDA:40,5,0,310
BRDA:40,5,1,0
BRDA:40,5,2,0
BRDA:41,6,0,310
BRDA:41,6,1,0
BRDA:41,6,2,0
BRDA:44,7,0,155
BRDA:44,7,1,155
BRDA:46,8,0,31
BRDA:46,8,1,124
BRDA:47,9,0,155
BRDA:47,9,1,124
BRDA:47,9,2,124
BRDA:52,10,0,62
BRDA:52,10,1,62
BRDA:54,11,0,31
BRDA:54,11,1,31
BRDA:56,12,0,31
BRDA:56,12,1,0
BRDA:89,13,0,2
BRDA:89,14,0,2
BRDA:95,15,0,93
BRDA:95,15,1,36
BRDA:96,16,0,93
BRDA:96,16,1,0
BRDA:96,16,2,0
BRDA:101,17,0,124
BRDA:101,17,1,0
BRDA:103,18,0,4
BRDA:103,18,1,120
BRDA:138,19,0,0
BRDA:145,20,0,0
BRDA:145,20,1,5
BRDA:148,21,0,0
BRDA:148,21,1,0
BRDA:171,22,0,0
BRDA:171,22,1,1
BRDA:176,23,0,0
BRDA:176,23,1,1
BRDA:211,24,0,0
BRDA:223,25,0,0
BRDA:223,25,1,5
BRDA:227,26,0,0
BRDA:227,26,1,0
BRDA:227,26,2,0
BRDA:232,27,0,0
BRDA:232,27,1,5
BRDA:233,28,0,5
BRDA:233,28,1,5
BRDA:233,28,2,5
BRDA:238,29,0,0
BRDA:238,29,1,0
BRDA:246,30,0,0
BRDA:246,30,1,1
BRDA:249,31,0,0
BRDA:249,31,1,1
BRDA:282,32,0,0
BRDA:285,33,0,0
BRDA:285,33,1,0
BRDA:288,34,0,0
BRDA:288,34,1,0
BRDA:295,35,0,0
BRDA:295,35,1,0
BRDA:347,36,0,11332
BRDA:347,36,1,213
BRDA:390,37,0,0
BRF:75
BRH:43
end_of_record
TN:
SF:src/services/inventory/InventoryManager.js
FN:15,(anonymous_0)
FN:38,(anonymous_1)
FN:56,(anonymous_2)
FN:70,(anonymous_3)
FN:79,(anonymous_4)
FN:105,(anonymous_5)
FN:115,(anonymous_6)
FN:149,(anonymous_7)
FN:171,(anonymous_8)
FN:186,(anonymous_9)
FN:224,(anonymous_10)
FN:227,(anonymous_11)
FN:264,(anonymous_12)
FN:306,(anonymous_13)
FN:319,(anonymous_14)
FN:331,(anonymous_15)
FN:334,(anonymous_16)
FN:357,(anonymous_17)
FN:360,(anonymous_18)
FN:397,(anonymous_19)
FNF:20
FNH:0
FNDA:0,(anonymous_0)
FNDA:0,(anonymous_1)
FNDA:0,(anonymous_2)
FNDA:0,(anonymous_3)
FNDA:0,(anonymous_4)
FNDA:0,(anonymous_5)
FNDA:0,(anonymous_6)
FNDA:0,(anonymous_7)
FNDA:0,(anonymous_8)
FNDA:0,(anonymous_9)
FNDA:0,(anonymous_10)
FNDA:0,(anonymous_11)
FNDA:0,(anonymous_12)
FNDA:0,(anonymous_13)
FNDA:0,(anonymous_14)
FNDA:0,(anonymous_15)
FNDA:0,(anonymous_16)
FNDA:0,(anonymous_17)
FNDA:0,(anonymous_18)
FNDA:0,(anonymous_19)
DA:7,0
DA:8,0
DA:9,0
DA:10,0
DA:11,0
DA:12,0
DA:16,0
DA:17,0
DA:18,0
DA:19,0
DA:22,0
DA:23,0
DA:26,0
DA:27,0
DA:28,0
DA:32,0
DA:39,0
DA:40,0
DA:41,0
DA:42,0
DA:43,0
DA:45,0
DA:48,0
DA:49,0
DA:57,0
DA:58,0
DA:59,0
DA:60,0
DA:62,0
DA:71,0
DA:81,0
DA:82,0
DA:84,0
DA:91,0
DA:92,0
DA:93,0
DA:94,0
DA:96,0
DA:107,0
DA:116,0
DA:118,0
DA:119,0
DA:124,0
DA:126,0
DA:127,0
DA:135,0
DA:136,0
DA:139,0
DA:151,0
DA:154,0
DA:155,0
DA:156,0
DA:160,0
DA:161,0
DA:169,0
DA:171,0
DA:172,0
DA:174,0
DA:180,0
DA:183,0
DA:184,0
DA:186,0
DA:187,0
DA:189,0
DA:196,0
DA:203,0
DA:209,0
DA:225,0
DA:227,0
DA:228,0
DA:229,0
DA:230,0
DA:235,0
DA:236,0
DA:237,0
DA:240,0
DA:241,0
DA:242,0
DA:243,0
DA:244,0
DA:245,0
DA:247,0
DA:248,0
DA:255,0
DA:256,0
DA:257,0
DA:261,0
DA:262,0
DA:264,0
DA:265,0
DA:267,0
DA:275,0
DA:287,0
DA:293,0
DA:307,0
DA:308,0
DA:309,0
DA:312,0
DA:313,0
DA:316,0
DA:317,0
DA:319,0
DA:320,0
DA:322,0
DA:323,0
DA:332,0
DA:333,0
DA:334,0
DA:336,0
DA:337,0
DA:338,0
DA:339,0
DA:340,0
DA:343,0
DA:345,0
DA:346,0
DA:358,0
DA:360,0
DA:361,0
DA:362,0
DA:363,0
DA:364,0
DA:365,0
DA:367,0
DA:376,0
DA:378,0
DA:384,0
DA:386,0
DA:387,0
DA:398,0
DA:399,0
DA:400,0
DA:401,0
DA:403,0
DA:404,0
DA:406,0
DA:407,0
DA:408,0
DA:409,0
DA:410,0
DA:412,0
DA:413,0
DA:414,0
DA:415,0
DA:416,0
DA:420,0
DA:424,0
DA:430,0
DA:431,0
DA:436,0
LF:150
LH:0
BRDA:15,0,0,0
BRDA:26,1,0,0
BRDA:26,1,1,0
BRDA:41,2,0,0
BRDA:41,2,1,0
BRDA:81,3,0,0
BRDA:81,3,1,0
BRDA:118,4,0,0
BRDA:118,4,1,0
BRDA:124,5,0,0
BRDA:124,5,1,0
BRDA:124,5,2,0
BRDA:126,6,0,0
BRDA:126,6,1,0
BRDA:135,7,0,0
BRDA:135,7,1,0
BRDA:155,8,0,0
BRDA:155,8,1,0
BRDA:160,9,0,0
BRDA:160,9,1,0
BRDA:160,10,0,0
BRDA:160,10,1,0
BRDA:243,11,0,0
BRDA:243,11,1,0
BRDA:255,12,0,0
BRDA:255,12,1,0
BRDA:281,13,0,0
BRDA:281,13,1,0
BRDA:283,14,0,0
BRDA:283,14,1,0
BRDA:312,15,0,0
BRDA:312,15,1,0
BRDA:397,16,0,0
BRDA:413,17,0,0
BRDA:413,17,1,0
BRDA:415,18,0,0
BRDA:415,18,1,0
BRF:37
BRH:0
end_of_record
TN:
SF:src/services/inventory/InventoryService.js
FN:10,(anonymous_0)
FN:35,(anonymous_1)
FN:54,(anonymous_2)
FN:55,(anonymous_3)
FNF:4
FNH:0
FNDA:0,(anonymous_0)
FNDA:0,(anonymous_1)
FNDA:0,(anonymous_2)
FNDA:0,(anonymous_3)
DA:6,0
DA:7,0
DA:12,0
DA:13,0
DA:14,0
DA:15,0
DA:17,0
DA:18,0
DA:19,0
DA:22,0
DA:27,0
DA:28,0
DA:36,0
DA:37,0
DA:41,0
DA:42,0
DA:44,0
DA:45,0
DA:47,0
DA:48,0
DA:51,0
DA:52,0
DA:54,0
DA:55,0
DA:57,0
DA:58,0
DA:62,0
DA:63,0
DA:66,0
DA:68,0
DA:70,0
DA:71,0
DA:76,0
LF:33
LH:0
BRDA:10,0,0,0
BRDA:12,1,0,0
BRDA:12,1,1,0
BRDA:12,2,0,0
BRDA:12,2,1,0
BRDA:17,3,0,0
BRDA:17,3,1,0
BRDA:36,4,0,0
BRDA:36,4,1,0
BRDA:47,5,0,0
BRDA:47,5,1,0
BRDA:57,6,0,0
BRDA:57,6,1,0
BRF:13
BRH:0
end_of_record
TN:
SF:src/services/inventory/RedisInventoryStorage.js
FN:11,(anonymous_0)
FN:20,(anonymous_1)
FN:38,(anonymous_2)
FN:45,(anonymous_3)
FN:52,(anonymous_4)
FN:59,(anonymous_5)
FN:66,(anonymous_6)
FN:73,(anonymous_7)
FN:87,(anonymous_8)
FN:107,(anonymous_9)
FN:110,(anonymous_10)
FN:153,(anonymous_11)
FN:156,(anonymous_12)
FN:206,(anonymous_13)
FN:234,(anonymous_14)
FN:248,(anonymous_15)
FN:270,(anonymous_16)
FN:273,(anonymous_17)
FN:312,(anonymous_18)
FN:352,(anonymous_19)
FNF:20
FNH:0
FNDA:0,(anonymous_0)
FNDA:0,(anonymous_1)
FNDA:0,(anonymous_2)
FNDA:0,(anonymous_3)
FNDA:0,(anonymous_4)
FNDA:0,(anonymous_5)
FNDA:0,(anonymous_6)
FNDA:0,(anonymous_7)
FNDA:0,(anonymous_8)
FNDA:0,(anonymous_9)
FNDA:0,(anonymous_10)
FNDA:0,(anonymous_11)
FNDA:0,(anonymous_12)
FNDA:0,(anonymous_13)
FNDA:0,(anonymous_14)
FNDA:0,(anonymous_15)
FNDA:0,(anonymous_16)
FNDA:0,(anonymous_17)
FNDA:0,(anonymous_18)
FNDA:0,(anonymous_19)
DA:7,0
DA:8,0
DA:12,0
DA:13,0
DA:14,0
DA:21,0
DA:22,0
DA:23,0
DA:25,0
DA:26,0
DA:27,0
DA:29,0
DA:30,0
DA:31,0
DA:39,0
DA:46,0
DA:53,0
DA:60,0
DA:67,0
DA:75,0
DA:77,0
DA:78,0
DA:86,0
DA:87,0
DA:91,0
DA:95,0
DA:97,0
DA:108,0
DA:110,0
DA:111,0
DA:112,0
DA:113,0
DA:116,0
DA:119,0
DA:120,0
DA:123,0
DA:129,0
DA:136,0
DA:142,0
DA:154,0
DA:156,0
DA:157,0
DA:158,0
DA:159,0
DA:162,0
DA:163,0
DA:167,0
DA:168,0
DA:171,0
DA:178,0
DA:187,0
DA:193,0
DA:207,0
DA:208,0
DA:209,0
DA:212,0
DA:214,0
DA:216,0
DA:217,0
DA:219,0
DA:224,0
DA:226,0
DA:227,0
DA:235,0
DA:236,0
DA:237,0
DA:238,0
DA:240,0
DA:241,0
DA:249,0
DA:250,0
DA:251,0
DA:253,0
DA:254,0
DA:255,0
DA:256,0
DA:257,0
DA:260,0
DA:262,0
DA:263,0
DA:271,0
DA:273,0
DA:274,0
DA:275,0
DA:276,0
DA:278,0
DA:288,0
DA:293,0
DA:295,0
DA:301,0
DA:303,0
DA:304,0
DA:313,0
DA:314,0
DA:315,0
DA:316,0
DA:319,0
DA:320,0
DA:321,0
DA:322,0
DA:324,0
DA:325,0
DA:327,0
DA:328,0
DA:329,0
DA:330,0
DA:331,0
DA:338,0
DA:344,0
DA:345,0
DA:353,0
DA:357,0
LF:112
LH:0
BRDA:22,0,0,0
BRDA:22,0,1,0
BRDA:75,1,0,0
BRDA:75,1,1,0
BRDA:162,2,0,0
BRDA:162,2,1,0
BRDA:214,3,0,0
BRDA:214,3,1,0
BRDA:238,4,0,0
BRDA:238,4,1,0
BRDA:257,5,0,0
BRDA:257,5,1,0
BRDA:312,6,0,0
BRDA:330,7,0,0
BRDA:330,7,1,0
BRDA:353,8,0,0
BRDA:353,8,1,0
BRF:17
BRH:0
end_of_record
TN:
SF:src/services/inventory/RedisStockManager.js
FN:10,(anonymous_0)
FN:21,(anonymous_1)
FN:73,(anonymous_2)
FN:107,(anonymous_3)
FN:140,(anonymous_4)
FN:191,(anonymous_5)
FN:225,(anonymous_6)
FN:234,(anonymous_7)
FN:241,(anonymous_8)
FN:258,(anonymous_9)
FN:261,(anonymous_10)
FN:269,(anonymous_11)
FN:271,(anonymous_12)
FN:278,(anonymous_13)
FN:312,(anonymous_14)
FN:317,(anonymous_15)
FN:328,(anonymous_16)
FN:333,(anonymous_17)
FN:340,(anonymous_18)
FN:346,(anonymous_19)
FN:367,(anonymous_20)
FN:422,(anonymous_21)
FN:439,(anonymous_22)
FN:456,(anonymous_23)
FN:469,(anonymous_24)
FNF:25
FNH:9
FNDA:36,(anonymous_0)
FNDA:27,(anonymous_1)
FNDA:223,(anonymous_2)
FNDA:15,(anonymous_3)
FNDA:3,(anonymous_4)
FNDA:0,(anonymous_5)
FNDA:8,(anonymous_6)
FNDA:0,(anonymous_7)
FNDA:0,(anonymous_8)
FNDA:0,(anonymous_9)
FNDA:0,(anonymous_10)
FNDA:0,(anonymous_11)
FNDA:0,(anonymous_12)
FNDA:8,(anonymous_13)
FNDA:0,(anonymous_14)
FNDA:0,(anonymous_15)
FNDA:8,(anonymous_16)
FNDA:12,(anonymous_17)
FNDA:0,(anonymous_18)
FNDA:0,(anonymous_19)
FNDA:0,(anonymous_20)
FNDA:0,(anonymous_21)
FNDA:0,(anonymous_22)
FNDA:0,(anonymous_23)
FNDA:0,(anonymous_24)
DA:6,8
DA:7,8
DA:11,36
DA:12,36
DA:13,36
DA:14,36
DA:22,27
DA:24,26
DA:26,26
DA:28,26
DA:29,1
DA:30,1
DA:34,25
DA:39,25
DA:40,25
DA:42,25
DA:43,73
DA:44,73
DA:46,72
DA:48,69
DA:49,69
DA:52,69
DA:55,3
DA:59,24
DA:60,24
DA:64,1
DA:74,223
DA:75,223
DA:76,190
DA:77,190
DA:80,33
DA:81,33
DA:83,32
DA:85,8
DA:86,8
DA:87,6
DA:88,5
DA:90,2
DA:93,24
DA:95,2
DA:96,2
DA:108,15
DA:110,15
DA:111,2
DA:112,2
DA:115,13
DA:116,13
DA:118,13
DA:121,7
DA:123,7
DA:126,7
DA:128,6
DA:129,6
DA:141,3
DA:142,3
DA:143,3
DA:145,3
DA:146,1
DA:154,2
DA:157,1
DA:158,1
DA:166,1
DA:170,1
DA:175,1
DA:176,1
DA:192,0
DA:193,0
DA:194,0
DA:197,0
DA:200,0
DA:202,0
DA:206,0
DA:211,0
DA:212,0
DA:226,8
DA:227,8
DA:235,0
DA:240,0
DA:242,0
DA:243,0
DA:250,0
DA:259,0
DA:260,0
DA:261,0
DA:270,0
DA:271,0
DA:285,8
DA:286,8
DA:287,8
DA:289,8
DA:299,8
DA:300,8
DA:302,8
DA:313,0
DA:314,0
DA:315,0
DA:317,0
DA:319,0
DA:320,0
DA:329,8
DA:333,12
DA:341,0
DA:342,0
DA:343,0
DA:345,0
DA:346,0
DA:350,0
DA:368,0
DA:369,0
DA:376,0
DA:377,0
DA:382,0
DA:384,0
DA:385,0
DA:386,0
DA:387,0
DA:389,0
DA:396,0
DA:404,0
DA:410,0
DA:423,0
DA:424,0
DA:431,0
DA:440,0
DA:441,0
DA:442,0
DA:443,0
DA:444,0
DA:447,0
DA:448,0
DA:455,0
DA:456,0
DA:458,0
DA:459,0
DA:460,0
DA:462,0
DA:463,0
DA:464,0
DA:466,0
DA:468,0
DA:469,0
DA:470,0
DA:473,0
DA:476,0
DA:477,0
DA:478,0
DA:485,0
DA:486,0
DA:488,0
DA:494,0
DA:497,0
DA:498,0
DA:506,0
DA:514,0
DA:522,8
LF:155
LH:77
BRDA:22,0,0,1
BRDA:22,0,1,26
BRDA:28,1,0,1
BRDA:28,1,1,25
BRDA:46,2,0,69
BRDA:46,2,1,3
BRDA:75,3,0,190
BRDA:75,3,1,33
BRDA:83,4,0,8
BRDA:83,4,1,24
BRDA:86,5,0,6
BRDA:86,5,1,2
BRDA:107,6,0,2
BRDA:110,7,0,2
BRDA:110,7,1,13
BRDA:110,8,0,15
BRDA:110,8,1,15
BRDA:110,8,2,13
BRDA:140,9,0,0
BRDA:140,10,0,0
BRDA:145,11,0,1
BRDA:145,11,1,2
BRDA:157,12,0,1
BRDA:157,12,1,0
BRDA:191,13,0,0
BRDA:191,14,0,0
BRDA:258,15,0,0
BRDA:261,16,0,0
BRDA:261,16,1,0
BRDA:283,17,0,7
BRDA:312,18,0,0
BRDA:367,19,0,0
BRDA:368,20,0,0
BRDA:368,20,1,0
BRDA:422,21,0,0
BRDA:423,22,0,0
BRDA:423,22,1,0
BRDA:447,23,0,0
BRDA:447,23,1,0
BRDA:476,24,0,0
BRDA:476,24,1,0
BRF:41
BRH:22
end_of_record
TN:
SF:src/services/order/OrderService.js
FN:9,(anonymous_0)
FN:18,(anonymous_1)
FN:24,(anonymous_2)
FN:48,(anonymous_3)
FN:50,(anonymous_4)
FN:59,(anonymous_5)
FN:61,(anonymous_6)
FN:69,(anonymous_7)
FN:79,(anonymous_8)
FN:88,(anonymous_9)
FN:108,(anonymous_10)
FNF:11
FNH:11
FNDA:69,(anonymous_0)
FNDA:14,(anonymous_1)
FNDA:20,(anonymous_2)
FNDA:5,(anonymous_3)
FNDA:12,(anonymous_4)
FNDA:2,(anonymous_5)
[...]
FN:280,(anonymous_17)
FN:295,(anonymous_18)
FNF:19
FNH:10
FNDA:195,(anonymous_0)
FNDA:744,(anonymous_1)
FNDA:390,(anonymous_2)
FNDA:152,(anonymous_3)
FNDA:496,(anonymous_4)
FNDA:304,(anonymous_5)
FNDA:362,(anonymous_6)
FNDA:367,(anonymous_7)
FNDA:0,(anonymous_8)
FNDA:0,(anonymous_9)
FNDA:0,(anonymous_10)
FNDA:0,(anonymous_11)
FNDA:0,(anonymous_12)
FNDA:0,(anonymous_13)
FNDA:0,(anonymous_14)
FNDA:36,(anonymous_15)
FNDA:209,(anonymous_16)
FNDA:0,(anonymous_17)
FNDA:0,(anonymous_18)
DA:6,10
DA:7,10
DA:11,10
DA:15,195
DA:17,744
DA:21,390
DA:32,496
DA:38,304
DA:44,152
DA:53,362
DA:54,362
DA:57,367
DA:58,244
DA:60,244
DA:73,0
DA:74,0
DA:83,0
DA:84,0
DA:94,0
DA:95,0
DA:96,0
DA:98,0
DA:108,0
DA:109,0
DA:110,0
DA:111,0
DA:113,0
DA:122,0
DA:123,0
DA:126,0
DA:135,0
DA:146,0
DA:147,0
DA:149,0
DA:150,0
DA:152,0
DA:153,0
DA:154,0
DA:155,0
DA:157,0
DA:160,0
DA:169,0
DA:170,0
DA:171,0
DA:173,0
DA:183,36
DA:184,36
DA:187,36
DA:188,36
DA:189,137
DA:190,137
DA:193,137
DA:194,137
DA:195,116
DA:196,116
DA:198,21
DA:201,137
DA:202,137
DA:204,137
DA:205,137
DA:206,137
DA:209,137
DA:210,96
DA:211,96
DA:212,24
DA:218,137
DA:222,36
DA:223,36
DA:224,72
DA:225,72
DA:228,72
DA:229,72
DA:230,58
DA:231,58
DA:233,14
DA:236,72
DA:237,72
DA:239,72
DA:240,72
DA:241,72
DA:244,72
DA:245,48
DA:246,48
DA:247,0
DA:253,72
DA:256,36
DA:257,36
DA:259,36
DA:268,209
DA:281,0
DA:287,0
DA:288,0
DA:291,0
DA:292,0
DA:295,0
DA:297,0
DA:298,0
DA:302,0
DA:303,0
DA:305,0
DA:309,10
LF:101
LH:58
BRDA:54,0,0,118
BRDA:54,0,1,244
BRDA:58,1,0,238
BRDA:58,1,1,6
BRDA:74,2,0,0
BRDA:74,2,1,0
BRDA:84,3,0,0
BRDA:84,3,1,0
BRDA:94,4,0,0
BRDA:94,4,1,0
BRDA:107,5,0,0
BRDA:109,6,0,0
BRDA:109,6,1,0
BRDA:109,7,0,0
BRDA:109,7,1,0
BRDA:122,8,0,0
BRDA:122,8,1,0
BRDA:131,9,0,0
BRDA:131,9,1,0
BRDA:132,10,0,0
BRDA:132,10,1,0
BRDA:147,11,0,0
BRDA:147,11,1,0
BRDA:150,12,0,0
BRDA:150,12,1,0
BRDA:152,13,0,0
BRDA:152,13,1,0
BRDA:154,14,0,0
BRDA:154,14,1,0
BRDA:169,15,0,0
BRDA:169,15,1,0
BRDA:182,16,0,5
BRDA:182,17,0,6
BRDA:183,18,0,29
BRDA:183,18,1,7
BRDA:194,19,0,116
BRDA:194,19,1,21
BRDA:201,20,0,21
BRDA:201,20,1,116
BRDA:209,21,0,96
BRDA:209,21,1,41
BRDA:211,22,0,24
BRDA:211,22,1,72
BRDA:213,23,0,0
BRDA:213,23,1,24
BRDA:229,24,0,58
BRDA:229,24,1,14
BRDA:236,25,0,14
BRDA:236,25,1,58
BRDA:244,26,0,48
BRDA:244,26,1,24
BRDA:246,27,0,0
BRDA:246,27,1,48
BRDA:248,28,0,0
BRDA:248,28,1,0
BRDA:287,29,0,0
BRDA:287,29,1,0
BRDA:297,30,0,0
BRDA:297,30,1,0
BRF:59
BRH:24
end_of_record
TN:
SF:src/services/promo/PromoService.js
FN:25,(anonymous_0)
FN:48,(anonymous_1)
FN:62,(anonymous_2)
FN:74,(anonymous_3)
FN:88,(anonymous_4)
FN:104,(anonymous_5)
FN:139,(anonymous_6)
FN:189,(anonymous_7)
FN:194,(anonymous_8)
FN:260,(anonymous_9)
FN:275,(anonymous_10)
FN:309,(anonymous_11)
FN:326,(anonymous_12)
FN:335,(anonymous_13)
FN:347,(anonymous_14)
FN:351,(anonymous_15)
FN:363,(anonymous_16)
FN:368,(anonymous_17)
FN:398,(anonymous_18)
FN:403,(anonymous_19)
FN:433,(anonymous_20)
FN:448,(anonymous_21)
FNF:22
FNH:17
FNDA:123,(anonymous_0)
FNDA:31,(anonymous_1)
FNDA:4,(anonymous_2)
FNDA:12,(anonymous_3)
FNDA:1,(anonymous_4)
FNDA:12,(anonymous_5)
FNDA:30,(anonymous_6)
FNDA:18,(anonymous_7)
FNDA:58,(anonymous_8)
FNDA:4,(anonymous_9)
FNDA:1,(anonymous_10)
FNDA:5,(anonymous_11)
FNDA:0,(anonymous_12)
FNDA:0,(anonymous_13)
FNDA:0,(anonymous_14)
FNDA:0,(anonymous_15)
FNDA:2,(anonymous_16)
FNDA:4,(anonymous_17)
FNDA:2,(anonymous_18)
FNDA:4,(anonymous_19)
FNDA:2,(anonymous_20)
FNDA:0,(anonymous_21)
DA:21,9
DA:22,9
DA:26,123
DA:27,123
DA:28,123
DA:31,123
DA:32,0
DA:36,123
DA:37,0
DA:39,123
DA:40,0
DA:49,31
DA:50,31
DA:51,31
DA:53,0
DA:54,0
DA:63,4
DA:64,4
DA:66,0
DA:75,12
DA:76,12
DA:77,12
DA:79,0
DA:80,0
DA:89,1
DA:90,1
DA:92,0
DA:105,12
DA:107,12
DA:109,12
DA:110,1
DA:116,11
DA:117,0
DA:123,11
DA:124,1
DA:130,10
DA:131,2
DA:138,8
DA:139,30
DA:141,8
DA:142,7
DA:149,1
DA:150,1
DA:152,1
DA:162,1
DA:163,1
DA:165,1
DA:175,0
DA:176,0
DA:190,18
DA:191,18
DA:193,18
DA:194,58
DA:196,18
DA:197,4
DA:203,14
DA:204,2
DA:211,12
DA:212,2
DA:219,10
DA:220,1
DA:227,9
DA:228,9
DA:229,7
DA:232,9
DA:233,2
DA:239,7
DA:246,0
DA:247,0
DA:261,4
DA:262,4
DA:265,4
DA:266,4
DA:267,3
DA:274,1
DA:275,1
DA:276,1
DA:277,1
DA:278,1
DA:282,1
DA:283,1
DA:284,1
DA:286,1
DA:287,1
DA:289,1
DA:295,0
DA:296,0
DA:310,5
DA:311,5
DA:313,5
DA:327,0
DA:328,0
DA:329,0
DA:331,0
DA:332,0
DA:335,0
DA:337,0
DA:338,0
DA:348,0
DA:349,0
DA:350,0
DA:351,0
DA:353,0
DA:354,0
DA:364,2
DA:365,2
DA:367,2
DA:368,4
DA:370,2
DA:371,1
DA:377,1
DA:378,1
DA:380,1
DA:385,0
DA:386,0
DA:399,2
DA:400,2
DA:402,2
DA:403,4
DA:405,2
DA:406,1
DA:412,1
DA:413,1
DA:415,1
DA:420,0
DA:421,0
DA:434,2
DA:435,2
DA:436,2
DA:438,0
DA:439,0
DA:449,0
DA:450,0
DA:451,0
DA:453,0
DA:454,0
DA:457,0
DA:458,0
DA:462,0
DA:464,0
DA:474,0
DA:475,0
DA:480,9
LF:143
LH:96
BRDA:31,0,0,0
BRDA:31,0,1,123
BRDA:36,1,0,0
BRDA:36,1,1,123
BRDA:39,2,0,0
BRDA:39,2,1,123
BRDA:104,3,0,10
BRDA:109,4,0,1
BRDA:109,4,1,11
BRDA:109,5,0,12
BRDA:109,5,1,12
BRDA:116,6,0,0
BRDA:116,6,1,11
BRDA:123,7,0,1
BRDA:123,7,1,10
BRDA:123,8,0,11
BRDA:123,8,1,11
BRDA:130,9,0,2
BRDA:130,9,1,8
BRDA:141,10,0,7
BRDA:141,10,1,1
BRDA:171,11,0,0
BRDA:171,11,1,1
BRDA:196,12,0,4
BRDA:196,12,1,14
BRDA:203,13,0,2
BRDA:203,13,1,12
BRDA:211,14,0,2
BRDA:211,14,1,10
BRDA:219,15,0,1
BRDA:219,15,1,9
BRDA:219,16,0,10
BRDA:219,16,1,5
BRDA:228,17,0,7
BRDA:228,17,1,2
BRDA:232,18,0,2
BRDA:232,18,1,7
BRDA:266,19,0,3
BRDA:266,19,1,1
BRDA:276,20,0,1
BRDA:276,20,1,0
BRDA:283,21,0,1
BRDA:283,21,1,0
BRDA:326,22,0,0
BRDA:331,23,0,0
BRDA:331,23,1,0
BRDA:335,24,0,0
BRDA:335,24,1,0
BRDA:351,25,0,0
BRDA:351,25,1,0
BRDA:370,26,0,1
BRDA:370,26,1,1
BRDA:405,27,0,1
BRDA:405,27,1,1
BRDA:436,28,0,2
BRDA:436,28,1,1
BRDA:453,29,0,0
BRDA:453,29,1,0
BRDA:462,30,0,0
BRDA:462,30,1,0
BRF:60
BRH:42
end_of_record
TN:
SF:src/services/review/ReviewService.js
FN:10,(anonymous_0)
FN:20,(anonymous_1)
FN:41,(anonymous_2)
FN:56,(anonymous_3)
FN:69,(anonymous_4)
FN:78,(anonymous_5)
FN:87,(anonymous_6)
FN:120,(anonymous_7)
FN:123,(anonymous_8)
FN:136,(anonymous_9)
FN:199,(anonymous_10)
FN:202,(anonymous_11)
FN:211,(anonymous_12)
FN:213,(anonymous_13)
FN:221,(anonymous_14)
FN:223,(anonymous_15)
FN:231,(anonymous_16)
FN:238,(anonymous_17)
FN:252,(anonymous_18)
FN:256,(anonymous_19)
FN:272,(anonymous_20)
FN:291,(anonymous_21)
FN:318,(anonymous_22)
FN:320,(anonymous_23)
FN:347,(anonymous_24)
FN:349,(anonymous_25)
FN:371,(anonymous_26)
FN:373,(anonymous_27)
FN:380,(anonymous_28)
FN:382,(anonymous_29)
FN:384,(anonymous_30)
FN:403,(anonymous_31)
FN:406,(anonymous_32)
FN:421,(anonymous_33)
FN:445,(anonymous_34)
FNF:35
FNH:16
FNDA:132,(anonymous_0)
FNDA:132,(anonymous_1)
FNDA:171,(anonymous_2)
FNDA:6,(anonymous_3)
FNDA:5,(anonymous_4)
FNDA:22,(anonymous_5)
FNDA:15,(anonymous_6)
FNDA:7,(anonymous_7)
FNDA:7,(anonymous_8)
FNDA:11,(anonymous_9)
FNDA:155,(anonymous_10)
FNDA:155,(anonymous_11)
FNDA:0,(anonymous_12)
FNDA:0,(anonymous_13)
FNDA:0,(anonymous_14)
FNDA:0,(anonymous_15)
FNDA:148,(anonymous_16)
FNDA:28,(anonymous_17)
FNDA:0,(anonymous_18)
FNDA:0,(anonymous_19)
FNDA:0,(anonymous_20)
FNDA:0,(anonymous_21)
FNDA:4,(anonymous_22)
FNDA:4,(anonymous_23)
FNDA:0,(anonymous_24)
FNDA:0,(anonymous_25)
FNDA:0,(anonymous_26)
FNDA:0,(anonymous_27)
FNDA:0,(anonymous_28)
FNDA:0,(anonymous_29)
FNDA:0,(anonymous_30)
FNDA:0,(anonymous_31)
FNDA:0,(anonymous_32)
FNDA:0,(anonymous_33)
FNDA:0,(anonymous_34)
DA:6,8
DA:7,8
DA:11,132
DA:12,132
DA:13,132
DA:21,132
DA:23,132
DA:24,0
DA:28,132
DA:29,0
DA:32,0
DA:42,171
DA:43,171
DA:44,170
DA:46,2
DA:47,2
DA:57,6
DA:58,6
DA:60,1
DA:70,5
DA:79,22
DA:88,15
DA:89,3
DA:95,12
DA:97,12
DA:98,2
DA:104,10
DA:105,2
DA:111,8
DA:121,7
DA:122,7
DA:123,7
DA:138,11
DA:139,2
DA:147,9
DA:148,9
DA:149,2
DA:156,7
DA:157,2
DA:165,5
DA:166,5
DA:179,5
DA:180,5
DA:181,5
DA:183,5
DA:200,155
DA:201,155
DA:202,155
DA:212,0
DA:213,0
DA:222,0
DA:223,0
DA:232,148
DA:234,148
DA:235,122
DA:238,28
DA:239,26
DA:241,26
DA:253,0
DA:254,0
DA:256,0
DA:257,0
DA:258,0
DA:262,0
DA:274,0
DA:275,0
DA:282,0
DA:283,0
DA:284,0
DA:290,0
DA:291,0
DA:293,0
DA:294,0
DA:301,0
DA:302,0
DA:303,0
DA:305,0
DA:307,0
DA:319,4
DA:320,4
DA:322,4
DA:323,3
DA:330,1
DA:331,1
DA:333,1
DA:335,1
DA:348,0
DA:349,0
DA:351,0
DA:352,0
DA:358,0
DA:360,0
DA:372,0
DA:373,0
DA:381,0
DA:382,0
DA:384,0
DA:386,0
DA:388,0
DA:404,0
DA:406,0
DA:407,0
DA:408,0
DA:412,0
DA:422,0
DA:423,0
DA:424,0
DA:428,0
DA:429,0
DA:430,0
DA:432,0
DA:433,0
DA:436,0
DA:447,0
DA:450,0
DA:451,0
DA:452,0
DA:453,0
DA:456,0
DA:460,8
LF:120
LH:60
BRDA:23,0,0,0
BRDA:23,0,1,132
BRDA:28,1,0,0
BRDA:28,1,1,132
BRDA:79,2,0,22
BRDA:79,2,1,17
BRDA:79,2,2,14
BRDA:88,3,0,3
BRDA:88,3,1,12
BRDA:88,4,0,15
BRDA:88,4,1,12
BRDA:97,5,0,2
BRDA:97,5,1,10
BRDA:104,6,0,2
BRDA:104,6,1,8
BRDA:123,7,0,7
BRDA:123,7,1,2
BRDA:136,8,0,10
BRDA:138,9,0,2
BRDA:138,9,1,9
BRDA:148,10,0,2
BRDA:148,10,1,7
BRDA:156,11,0,2
BRDA:156,11,1,5
BRDA:199,12,0,7
BRDA:202,13,0,155
BRDA:202,13,1,30
BRDA:202,13,2,30
BRDA:213,14,0,0
BRDA:213,14,1,0
BRDA:223,15,0,0
BRDA:223,15,1,0
BRDA:234,16,0,122
BRDA:234,16,1,26
BRDA:257,17,0,0
BRDA:257,17,1,0
BRDA:274,18,0,0
BRDA:274,18,1,0
BRDA:283,19,0,0
BRDA:283,19,1,0
BRDA:293,20,0,0
BRDA:293,20,1,0
BRDA:322,21,0,3
BRDA:322,21,1,1
BRDA:351,22,0,0
BRDA:351,22,1,0
BRDA:371,23,0,0
BRDA:373,24,0,0
BRDA:373,24,1,0
BRDA:386,25,0,0
BRDA:386,25,1,0
BRDA:407,26,0,0
BRDA:407,26,1,0
BRDA:421,27,0,0
BRDA:424,28,0,0
BRDA:424,28,1,0
BRDA:432,29,0,0
BRDA:432,29,1,0
BRDA:450,30,0,0
BRDA:450,30,1,0
BRF:60
BRH:30
end_of_record
TN:
SF:src/services/wishlist/WishlistService.js
FN:25,(anonymous_0)
FN:35,(anonymous_1)
FN:46,(anonymous_2)
FN:92,(anonymous_3)
FN:104,(anonymous_4)
FN:140,(anonymous_5)
FN:155,(anonymous_6)
FN:166,(anonymous_7)
FN:168,(anonymous_8)
FN:176,(anonymous_9)
FN:206,(anonymous_10)
FN:217,(anonymous_11)
FN:229,(anonymous_12)
FNF:13
FNH:8
FNDA:71,(anonymous_0)
FNDA:4,(anonymous_1)
FNDA:1,(anonymous_2)
FNDA:4,(anonymous_3)
FNDA:2,(anonymous_4)
FNDA:10,(anonymous_5)
FNDA:2,(anonymous_6)
FNDA:0,(anonymous_7)
FNDA:0,(anonymous_8)
FNDA:2,(anonymous_9)
FNDA:0,(anonymous_10)
FNDA:0,(anonymous_11)
FNDA:0,(anonymous_12)
DA:26,71
DA:36,4
DA:37,4
DA:40,3
DA:41,1
DA:45,3
DA:46,1
DA:49,3
DA:50,1
DA:58,2
DA:66,2
DA:69,2
DA:71,2
DA:77,1
DA:78,1
DA:93,4
DA:94,4
DA:96,4
DA:97,2
DA:104,2
DA:106,2
DA:107,1
DA:114,1
DA:115,1
DA:118,1
DA:120,1
DA:126,0
DA:127,0
DA:141,10
DA:142,10
DA:143,10
DA:145,0
DA:146,0
DA:156,2
DA:157,2
DA:167,0
DA:168,0
DA:177,2
DA:178,2
DA:179,2
DA:181,2
DA:183,2
DA:185,2
DA:191,0
DA:192,0
DA:207,0
DA:208,0
DA:210,0
DA:211,0
DA:217,0
DA:219,0
DA:220,0
DA:226,0
DA:229,0
DA:230,0
DA:231,0
DA:238,0
DA:246,0
DA:248,0
DA:250,0
DA:255,0
DA:256,0
DA:264,6
LF:63
LH:38
BRDA:40,0,0,1
BRDA:40,0,1,2
BRDA:49,1,0,1
BRDA:49,1,1,2
BRDA:62,2,0,2
BRDA:62,2,1,1
BRDA:96,3,0,2
BRDA:96,3,1,2
BRDA:96,4,0,4
BRDA:96,4,1,4
BRDA:106,5,0,1
BRDA:106,5,1,1
BRDA:143,6,0,10
BRDA:143,6,1,1
BRDA:179,7,0,2
BRDA:179,7,1,0
BRDA:210,8,0,0
BRDA:210,8,1,0
BRDA:210,9,0,0
BRDA:210,9,1,0
BRDA:219,10,0,0
BRDA:219,10,1,0
BRDA:230,11,0,0
BRDA:230,11,1,0
BRF:24
BRH:15
end_of_record
TN:
SF:src/utils/Constants.js
FNF:0
FNH:0
DA:9,8
DA:23,8
DA:38,8
DA:50,8
DA:65,8
DA:75,8
DA:83,8
DA:97,8
DA:107,8
DA:116,8
DA:125,8
DA:131,8
LF:12
LH:12
BRF:0
BRH:0
end_of_record
TN:
SF:src/utils/ErrorMessages.js
FN:11,(anonymous_0)
FN:15,(anonymous_1)
FN:19,(anonymous_2)
FN:26,(anonymous_3)
FN:30,(anonymous_4)
FN:34,(anonymous_5)
FN:41,(anonymous_6)
FN:45,(anonymous_7)
FN:49,(anonymous_8)
FN:56,(anonymous_9)
FN:60,(anonymous_10)
FN:64,(anonymous_11)
FN:68,(anonymous_12)
FN:75,(anonymous_13)
FN:79,(anonymous_14)
FN:86,(anonymous_15)
FN:90,(anonymous_16)
FN:97,(anonymous_17)
FN:101,(anonymous_18)
FN:108,(anonymous_19)
FN:112,(anonymous_20)
FN:119,(anonymous_21)
FN:123,(anonymous_22)
FN:127,(anonymous_23)
FNF:24
FNH:24
FNDA:7,(anonymous_0)
FNDA:19,(anonymous_1)
FNDA:4,(anonymous_2)
FNDA:6,(anonymous_3)
FNDA:1,(anonymous_4)
FNDA:1,(anonymous_5)
FNDA:3,(anonymous_6)
FNDA:1,(anonymous_7)
FNDA:1,(anonymous_8)
FNDA:1,(anonymous_9)
FNDA:1,(anonymous_10)
FNDA:1,(anonymous_11)
FNDA:1,(anonymous_12)
FNDA:1,(anonymous_13)
FNDA:2,(anonymous_14)
FNDA:3,(anonymous_15)
FNDA:1,(anonymous_16)
FNDA:1,(anonymous_17)
FNDA:1,(anonymous_18)
FNDA:4,(anonymous_19)
FNDA:2,(anonymous_20)
FNDA:6,(anonymous_21)
FNDA:4,(anonymous_22)
FNDA:3,(anonymous_23)
DA:12,7
DA:16,19
DA:20,4
DA:27,6
DA:31,1
DA:35,1
DA:42,3
DA:46,1
DA:50,1
DA:57,1
DA:61,1
DA:65,1
DA:69,1
DA:76,1
DA:80,2
DA:87,3
DA:91,1
DA:98,1
DA:102,1
DA:109,4
DA:113,2
DA:120,6
DA:124,4
DA:128,3
DA:132,1
LF:25
LH:25
BRF:0
BRH:0
end_of_record
TN:
SF:src/utils/FuzzySearch.js
FN:14,(anonymous_0)
FN:23,(anonymous_1)
FN:30,(anonymous_2)
FN:69,(anonymous_3)
FN:76,(anonymous_4)
FN:104,(anonymous_5)
FN:119,(anonymous_6)
FN:144,(anonymous_7)
FNF:8
FNH:8
FNDA:132,(anonymous_0)
FNDA:725,(anonymous_1)
FNDA:83,(anonymous_2)
FNDA:293,(anonymous_3)
FNDA:3950,(anonymous_4)
FNDA:139,(anonymous_5)
FNDA:12,(anonymous_6)
FNDA:24,(anonymous_7)
DA:16,132
DA:17,131
DA:19,130
DA:22,130
DA:24,725
DA:26,130
DA:29,17
DA:31,83
DA:34,17
DA:37,12
DA:38,12
DA:40,12
DA:41,72
DA:42,72
DA:44,72
DA:45,72
DA:47,72
DA:49,72
DA:51,0
DA:54,72
DA:55,6
DA:56,6
DA:60,12
DA:70,293
DA:71,293
DA:74,293
DA:76,3950
DA:79,3950
DA:80,14442
DA:83,293
DA:84,3657
DA:85,274141
DA:87,274141
DA:95,293
DA:105,139
DA:106,139
DA:107,139
DA:108,138
DA:120,12
DA:121,12
DA:123,12
DA:124,66
DA:128,66
DA:133,66
DA:135,66
DA:136,22
DA:144,24
DA:146,12
DA:150,9
LF:49
LH:48
BRDA:14,0,0,123
BRDA:16,1,0,1
BRDA:16,1,1,131
BRDA:16,2,0,132
BRDA:16,2,1,131
BRDA:17,3,0,1
BRDA:17,3,1,130
BRDA:17,4,0,131
BRDA:17,4,1,131
BRDA:24,5,0,725
BRDA:24,5,1,616
BRDA:26,6,0,113
BRDA:26,6,1,17
BRDA:31,7,0,83
BRDA:31,7,1,78
BRDA:34,8,0,5
BRDA:34,8,1,12
BRDA:49,9,0,0
BRDA:49,9,1,72
BRDA:54,10,0,6
BRDA:54,10,1,66
BRDA:54,11,0,72
BRDA:54,11,1,49
BRDA:85,12,0,15195
BRDA:85,12,1,258946
BRDA:107,13,0,1
BRDA:107,13,1,138
BRDA:119,14,0,4
BRDA:119,15,0,10
BRDA:135,16,0,22
BRDA:135,16,1,44
BRF:31
BRH:30
end_of_record
TN:
SF:src/utils/InputSanitizer.js
FN:13,(anonymous_0)
FN:51,(anonymous_1)
FN:65,(anonymous_2)
FN:79,(anonymous_3)
FN:98,(anonymous_4)
FN:112,(anonymous_5)
FN:133,(anonymous_6)
FN:147,(anonymous_7)
FN:163,(anonymous_8)
FN:178,(anonymous_9)
FN:191,(anonymous_10)
FN:213,(anonymous_11)
FN:228,(anonymous_12)
FN:255,(anonymous_13)
FN:344,(anonymous_14)
FN:358,(anonymous_15)
FN:369,(anonymous_16)
FNF:17
FNH:17
FNDA:15,(anonymous_0)
FNDA:6,(anonymous_1)
FNDA:4,(anonymous_2)
FNDA:7,(anonymous_3)
FNDA:2,(anonymous_4)
FNDA:8,(anonymous_5)
FNDA:3,(anonymous_6)
FNDA:3,(anonymous_7)
FNDA:4,(anonymous_8)
FNDA:127,(anonymous_9)
FNDA:3,(anonymous_10)
FNDA:136,(anonymous_11)
FNDA:4,(anonymous_12)
FNDA:5,(anonymous_13)
FNDA:2,(anonymous_14)
FNDA:8,(anonymous_15)
FNDA:123,(anonymous_16)
DA:14,15
DA:15,5
DA:18,10
DA:21,10
DA:24,10
DA:25,2
DA:29,10
DA:32,10
DA:35,10
DA:38,10
DA:41,10
DA:43,10
DA:52,6
DA:53,3
DA:57,3
DA:66,4
DA:67,1
DA:71,3
DA:80,7
DA:81,2
DA:85,5
DA:88,5
DA:90,5
DA:99,2
DA:100,0
DA:104,2
DA:113,8
DA:114,2
DA:117,6
DA:118,3
DA:122,3
DA:123,3
DA:125,3
DA:134,3
DA:135,0
DA:139,3
DA:148,3
DA:149,1
DA:153,2
DA:164,4
DA:166,4
DA:167,1
DA:170,3
DA:179,127
DA:180,1
DA:183,126
DA:192,3
DA:193,0
DA:197,3
DA:200,3
DA:203,3
DA:205,3
DA:214,136
DA:215,3
DA:219,133
DA:220,133
DA:229,4
DA:230,1
DA:233,3
DA:234,3
DA:237,2
DA:238,2
DA:239,2
DA:240,2
DA:243,2
DA:245,1
DA:261,5
DA:263,5
DA:264,5
DA:267,5
DA:268,0
DA:269,0
DA:273,5
DA:274,1
DA:277,5
DA:278,0
DA:279,0
DA:283,5
DA:285,1
DA:286,1
DA:287,1
DA:290,1
DA:291,1
DA:292,1
DA:295,0
DA:296,0
DA:299,0
DA:300,0
DA:303,0
DA:304,0
DA:307,0
DA:308,0
DA:311,3
DA:315,5
DA:316,5
DA:324,5
DA:325,21
DA:326,1
DA:327,1
DA:332,5
DA:345,2
DA:346,1
DA:349,1
DA:358,8
DA:371,123
DA:372,107
DA:375,16
DA:376,1
DA:379,16
DA:380,16
DA:383,16
DA:384,0
DA:385,0
DA:388,16
DA:389,16
DA:391,16
DA:395,8
LF:117
LH:100
BRDA:13,0,0,10
BRDA:14,1,0,5
BRDA:14,1,1,10
BRDA:14,2,0,15
BRDA:14,2,1,11
BRDA:24,3,0,2
BRDA:24,3,1,8
BRDA:52,4,0,3
BRDA:52,4,1,3
BRDA:52,5,0,6
BRDA:52,5,1,4
BRDA:66,6,0,1
BRDA:66,6,1,3
BRDA:66,7,0,4
BRDA:66,7,1,3
BRDA:80,8,0,2
BRDA:80,8,1,5
BRDA:80,9,0,7
BRDA:80,9,1,6
BRDA:90,10,0,4
BRDA:90,10,1,1
BRDA:99,11,0,0
BRDA:99,11,1,2
BRDA:99,12,0,2
BRDA:99,12,1,2
BRDA:113,13,0,2
BRDA:113,13,1,6
BRDA:113,14,0,8
BRDA:113,14,1,7
BRDA:117,15,0,3
BRDA:117,15,1,3
BRDA:125,16,0,1
BRDA:125,16,1,2
BRDA:134,17,0,0
BRDA:134,17,1,3
BRDA:134,18,0,3
BRDA:134,18,1,3
BRDA:148,19,0,1
BRDA:148,19,1,2
BRDA:148,20,0,3
BRDA:148,20,1,2
BRDA:163,21,0,1
BRDA:163,22,0,1
BRDA:166,23,0,1
BRDA:166,23,1,3
BRDA:179,24,0,1
BRDA:179,24,1,126
BRDA:179,25,0,127
BRDA:179,25,1,126
BRDA:192,26,0,0
BRDA:192,26,1,3
BRDA:192,27,0,3
BRDA:192,27,1,3
BRDA:214,28,0,3
BRDA:214,28,1,133
BRDA:214,29,0,136
BRDA:214,29,1,133
BRDA:229,30,0,1
BRDA:229,30,1,3
BRDA:229,31,0,4
BRDA:229,31,1,3
BRDA:237,32,0,2
BRDA:237,32,1,0
BRDA:237,33,0,2
BRDA:237,33,1,2
BRDA:255,34,0,0
BRDA:257,35,0,3
BRDA:258,36,0,4
BRDA:259,37,0,4
BRDA:260,38,0,2
BRDA:267,39,0,0
BRDA:267,39,1,5
BRDA:273,40,0,1
BRDA:273,40,1,4
BRDA:277,41,0,0
BRDA:277,41,1,5
BRDA:283,42,0,1
BRDA:283,42,1,1
BRDA:283,42,2,0
BRDA:283,42,3,0
BRDA:283,42,4,0
BRDA:283,42,5,0
BRDA:283,42,6,3
BRDA:286,43,0,0
BRDA:286,43,1,1
BRDA:291,44,0,0
BRDA:291,44,1,1
BRDA:315,45,0,5
BRDA:315,45,1,0
BRDA:325,46,0,1
BRDA:325,46,1,20
BRDA:345,47,0,1
BRDA:345,47,1,1
BRDA:345,48,0,2
BRDA:345,48,1,1
BRDA:369,49,0,0
BRDA:369,50,0,0
BRDA:369,51,0,107
BRDA:371,52,0,107
BRDA:371,52,1,16
BRDA:371,53,0,123
BRDA:371,53,1,107
BRDA:371,53,2,0
BRDA:375,54,0,1
BRDA:375,54,1,15
BRDA:380,55,0,16
BRDA:380,55,1,2
BRDA:383,56,0,0
BRDA:383,56,1,16
BRF:109
BRH:91
end_of_record
TN:
SF:src/utils/ValidationHelpers.js
FN:13,(anonymous_0)
FN:26,(anonymous_1)
FN:39,(anonymous_2)
FN:53,(anonymous_3)
FN:63,(anonymous_4)
FN:73,(anonymous_5)
FN:83,(anonymous_6)
FN:98,(anonymous_7)
FN:110,(anonymous_8)
FN:123,(anonymous_9)
FN:136,(anonymous_10)
FN:152,(anonymous_11)
FN:165,(anonymous_12)
FN:175,(anonymous_13)
FN:188,(anonymous_14)
FN:201,(anonymous_15)
FN:210,(anonymous_16)
FN:220,(anonymous_17)
FN:233,(anonymous_18)
FNF:19
FNH:10
FNDA:14,(anonymous_0)
FNDA:12,(anonymous_1)
FNDA:12,(anonymous_2)
FNDA:23,(anonymous_3)
FNDA:0,(anonymous_4)
FNDA:10,(anonymous_5)
FNDA:0,(anonymous_6)
FNDA:0,(anonymous_7)
FNDA:9,(anonymous_8)
FNDA:0,(anonymous_9)
FNDA:5,(anonymous_10)
FNDA:11,(anonymous_11)
FNDA:12,(anonymous_12)
FNDA:11,(anonymous_13)
FNDA:0,(anonymous_14)
FNDA:0,(anonymous_15)
FNDA:0,(anonymous_16)
FNDA:0,(anonymous_17)
FNDA:0,(anonymous_18)
DA:14,14
DA:15,6
DA:17,8
DA:18,8
DA:27,12
DA:28,5
DA:31,7
DA:40,12
DA:41,4
DA:44,8
DA:54,23
DA:55,23
DA:64,0
DA:65,0
DA:74,10
DA:75,10
DA:84,0
DA:85,0
DA:87,0
DA:88,0
DA:99,0
DA:100,0
DA:102,0
DA:111,9
DA:112,4
DA:115,5
DA:124,0
DA:125,0
DA:127,0
DA:137,5
DA:138,0
DA:140,5
DA:141,5
DA:153,11
DA:154,4
DA:157,7
DA:166,12
DA:167,12
DA:176,11
DA:177,4
DA:180,7
DA:189,0
DA:190,0
DA:193,0
DA:202,0
DA:211,0
DA:221,0
DA:222,0
DA:224,0
DA:234,0
DA:235,0
DA:237,0
DA:238,0
DA:239,0
DA:241,0
DA:246,1
LF:56
LH:29
BRDA:14,0,0,6
BRDA:14,0,1,8
BRDA:14,1,0,14
BRDA:14,1,1,10
BRDA:27,2,0,5
BRDA:27,2,1,7
BRDA:27,3,0,12
BRDA:27,3,1,8
BRDA:40,4,0,4
BRDA:40,4,1,8
BRDA:40,5,0,12
BRDA:40,5,1,9
BRDA:55,6,0,23
BRDA:55,6,1,19
BRDA:55,6,2,11
BRDA:65,7,0,0
BRDA:65,7,1,0
BRDA:75,8,0,10
BRDA:75,8,1,7
BRDA:75,8,2,5
BRDA:84,9,0,0
BRDA:84,9,1,0
BRDA:84,10,0,0
BRDA:84,10,1,0
BRDA:88,11,0,0
BRDA:88,11,1,0
BRDA:98,12,0,0
BRDA:98,13,0,0
BRDA:99,14,0,0
BRDA:99,14,1,0
BRDA:99,15,0,0
BRDA:99,15,1,0
BRDA:102,16,0,0
BRDA:102,16,1,0
BRDA:111,17,0,4
BRDA:111,17,1,5
BRDA:111,18,0,9
BRDA:111,18,1,7
BRDA:124,19,0,0
BRDA:124,19,1,0
BRDA:124,20,0,0
BRDA:124,20,1,0
BRDA:127,21,0,0
BRDA:127,21,1,0
BRDA:137,22,0,0
BRDA:137,22,1,5
BRDA:137,23,0,5
BRDA:137,23,1,5
BRDA:153,24,0,4
BRDA:153,24,1,7
BRDA:153,25,0,11
BRDA:153,25,1,8
BRDA:167,26,0,12
BRDA:167,26,1,9
BRDA:167,26,2,7
BRDA:176,27,0,4
BRDA:176,27,1,7
BRDA:176,28,0,11
BRDA:176,28,1,8
BRDA:189,29,0,0
BRDA:189,29,1,0
BRDA:189,30,0,0
BRDA:189,30,1,0
BRDA:202,31,0,0
BRDA:202,31,1,0
BRDA:202,31,2,0
BRDA:211,32,0,0
BRDA:211,32,1,0
BRDA:220,33,0,0
BRDA:234,34,0,0
BRDA:234,34,1,0
BRDA:234,35,0,0
BRDA:234,35,1,0
BRF:73
BRH:36
end_of_record
